[2026-01-16 23:39:36][ERROR] [FE] Hello from Test Page | url=http://localhost:8080/#!/test
[2026-01-16 23:39:41][ERROR] [FE] Hello from Test Page | url=http://localhost:8080/#!/test
[2026-01-16 23:39:46][ERROR] [FE] Error: TestPage: Synchronous error thrown | url=http://localhost:8080/#!/test
[2026-01-16 23:39:47][ERROR] [FE] TestPage: Unhandled promise rejection | url=http://localhost:8080/#!/test
[2026-01-16 23:39:49][ERROR] [FE] TestPage: Unhandled promise rejection | url=http://localhost:8080/#!/test
[2026-01-16 23:39:50][ERROR] [FE] Error: TestPage: Synchronous error thrown | url=http://localhost:8080/#!/test
[2026-01-17 00:19:52][ERROR] [FE] Error: ES Modules may not assign module.exports or exports.*, Use ESM export syntax, instead: ./assets/js/Login/LoginModule.js | url=http://localhost:8080/
[2026-01-17 00:19:54][ERROR] [FE] Error: ES Modules may not assign module.exports or exports.*, Use ESM export syntax, instead: ./assets/js/Login/LoginModule.js | url=http://localhost:8080/
[2026-01-17 00:20:07][ERROR] [FE] TypeError: can't access property "apply", this is undefined | url=http://localhost:8080/
[2026-01-17 00:21:43][ERROR] [FE] TypeError: can't access property "apply", this is undefined | url=http://localhost:8080/
[2026-01-17 00:23:12][ERROR] [FE] TypeError: can't access property "apply", this is undefined | url=http://localhost:8080/
[2026-01-17 00:27:36][ERROR] [FE] TypeError: can't access property "apply", this is undefined | url=http://localhost:8080/
[2026-01-17 00:27:51][ERROR] [FE] TypeError: can't access property "apply", this is undefined | url=http://localhost:8080/
[2026-01-17 00:28:03][ERROR] [FE] TypeError: can't access property "apply", this is undefined | url=http://localhost:8080/
[2026-01-17 00:29:42][ERROR] [FE] TypeError: can't access property "apply", this is undefined | url=http://localhost:8080/#!/
[2026-01-17 00:33:34][ERROR] [FE] TypeError: can't access property "apply", this is undefined | url=http://localhost:8080/#!/
[2026-01-17 00:34:04][ERROR] [FE] TypeError: can't access property "apply", this is undefined | url=http://localhost:8080/#!/
[2026-01-17 00:34:19][ERROR] [FE] TypeError: can't access property "apply", this is undefined | url=http://localhost:8080/#!/
[2026-01-17 04:45:32][ERROR] [FE] InvalidCharacterError: String contains an invalid character | url=http://localhost:8080/
[2026-01-17 04:45:34][ERROR] [FE] InvalidCharacterError: String contains an invalid character | url=http://localhost:8080/
[2026-01-17 04:45:39][ERROR] [FE] InvalidCharacterError: String contains an invalid character | url=http://localhost:8080/
[2026-01-17 20:24:47][ERROR] [FE] Error: Sync Error Test | url=http://localhost:8080/#!/test
[2026-01-17 20:24:51][ERROR] [FE] Async Rejection Test | url=http://localhost:8080/#!/test
[2026-01-17 20:53:27][ERROR] [FE] Error: Sync Error Test | url=http://localhost:8080/#!/test
[2026-01-17 20:53:28][ERROR] [FE] Async Rejection Test | url=http://localhost:8080/#!/test
[2026-01-17 20:53:34][ERROR] [FE] Error: Sync Error Test | url=http://localhost:8080/#!/test
[2026-01-17 20:53:41][ERROR] [FE] Async Rejection Test | url=http://localhost:8080/#!/test
[2026-01-17 20:53:59][ERROR] [FE] Error: Sync Error Test | url=http://localhost:8080/#!/test?param=value
[2026-01-17 20:54:01][ERROR] [FE] Async Rejection Test | url=http://localhost:8080/#!/test?param=value
[2026-01-17 20:58:38][ERROR] [FE] InvalidCharacterError: String contains an invalid character | url=http://localhost:8080/#!/sse-test
[2026-01-17 20:58:49][ERROR] [FE] InvalidCharacterError: String contains an invalid character | url=http://localhost:8080/#!/sse-test
[2026-01-17 21:01:05][ERROR] [FE] InvalidCharacterError: String contains an invalid character | url=http://localhost:8080/#!/sse-test
[2026-01-17 21:17:01][ERROR] [FE] InvalidCharacterError: String contains an invalid character | url=http://localhost:8080/#!/profile
[2026-01-17 21:17:03][ERROR] [FE] can't access property "success", response is null | url=http://localhost:8080/#!/profile
[2026-01-17 21:17:03][ERROR] [FE] null | url=http://localhost:8080/#!/profile
[2026-01-17 21:17:04][ERROR] [FE] InvalidCharacterError: String contains an invalid character | url=http://localhost:8080/#!/profile
[2026-01-17 22:06:17][ERROR] [FE] InvalidCharacterError: String contains an invalid character | url=http://localhost:8080/#!/profile
[2026-01-18 01:06:54][ERROR] [FE] null | url=http://localhost:8080/#!/admin/users/edit/1
[2026-01-18 01:07:00][ERROR] [FE] null | url=http://localhost:8080/#!/admin/users/edit/2
[2026-01-18 01:07:02][ERROR] [FE] null | url=http://localhost:8080/#!/admin/users/edit/1
[2026-01-18 01:07:07][ERROR] [FE] null | url=http://localhost:8080/#!/admin/users/edit/1
[2026-01-18 01:07:52][ERROR] [FE] null | url=http://localhost:8080/#!/admin/users/edit/1
[2026-01-18 01:07:56][ERROR] [FE] null | url=http://localhost:8080/#!/admin/users/edit/1
[2026-01-18 01:16:46][ERROR] [FE] null | url=http://localhost:8080/#!/admin/users/edit/1
[2026-01-18 01:16:55][ERROR] [FE] [object Object] | url=http://localhost:8080/#!/admin/users/edit/1
[2026-01-18 01:17:14][ERROR] [FE] null | url=http://localhost:8080/#!/admin/users/edit/1
[2026-01-18 01:17:26][ERROR] [FE] null | url=http://localhost:8080/#!/admin/users/edit/1
[2026-01-18 01:21:50][ERROR] [FE] null | url=http://localhost:8080/#!/admin/users/edit/1
[2026-01-18 01:27:58][ERROR] [FE] null | url=http://localhost:8080/#!/admin/users/edit/1
[2026-01-18 01:38:52][ERROR] [FE] Error: Sync Error Test | url=http://localhost:8080/#!/test
[2026-01-20 02:33:25][ERROR] [FE] null | url=http://localhost:8080/#!/admin/users/edit/1
[2026-01-20 02:33:31][ERROR] [FE] null | url=http://localhost:8080/#!/admin/users/edit/1
[2026-01-20 02:44:25][ERROR] [FE] null | url=http://localhost:8080/#!/admin/users/edit/1
[2026-01-20 02:44:32][ERROR] [FE] null | url=http://localhost:8080/#!/admin/users/edit/1
[2026-01-20 05:31:28][ERROR] [FE] Error: Sync Error Test | url=http://localhost:8080/#!/test
[2026-01-20 05:31:28][ERROR] [FE] Async Rejection Test | url=http://localhost:8080/#!/test
