<?xml version="1.0" encoding="UTF-8"?>
<testsuites>
  <testsuite name="CLI Arguments" tests="7" assertions="18" errors="0" failures="0" skipped="0" time="0.057901">
    <testsuite name="Tests\Unit\Service\Payment\PaceIntegrationTest" file="/var/www/html/tests/Unit/Service/Payment/PaceIntegrationTest.php" tests="4" assertions="10" errors="0" failures="0" skipped="0" time="0.056732">
      <testcase name="testCreatePayment" file="/var/www/html/tests/Unit/Service/Payment/PaceIntegrationTest.php" line="23" class="Tests\Unit\Service\Payment\PaceIntegrationTest" classname="Tests.Unit.Service.Payment.PaceIntegrationTest" assertions="4" time="0.014355"/>
      <testcase name="testHealthCheck" file="/var/www/html/tests/Unit/Service/Payment/PaceIntegrationTest.php" line="63" class="Tests\Unit\Service\Payment\PaceIntegrationTest" classname="Tests.Unit.Service.Payment.PaceIntegrationTest" assertions="2" time="0.000451"/>
      <testcase name="testGetCapabilities" file="/var/www/html/tests/Unit/Service/Payment/PaceIntegrationTest.php" line="80" class="Tests\Unit\Service\Payment\PaceIntegrationTest" classname="Tests.Unit.Service.Payment.PaceIntegrationTest" assertions="2" time="0.000814"/>
      <testcase name="testCreateSubscription" file="/var/www/html/tests/Unit/Service/Payment/PaceIntegrationTest.php" line="50" class="Tests\Unit\Service\Payment\PaceIntegrationTest" classname="Tests.Unit.Service.Payment.PaceIntegrationTest" assertions="2" time="0.041111"/>
    </testsuite>
    <testsuite name="Tests\Unit\Service\Payment\MollieIntegrationTest" file="/var/www/html/tests/Unit/Service/Payment/MollieIntegrationTest.php" tests="3" assertions="8" errors="0" failures="0" skipped="0" time="0.001169">
      <testcase name="testGetCapabilities" file="/var/www/html/tests/Unit/Service/Payment/MollieIntegrationTest.php" line="36" class="Tests\Unit\Service\Payment\MollieIntegrationTest" classname="Tests.Unit.Service.Payment.MollieIntegrationTest" assertions="3" time="0.000726"/>
      <testcase name="testCreateSubscriptionSimulated" file="/var/www/html/tests/Unit/Service/Payment/MollieIntegrationTest.php" line="44" class="Tests\Unit\Service\Payment\MollieIntegrationTest" classname="Tests.Unit.Service.Payment.MollieIntegrationTest" assertions="3" time="0.000287"/>
      <testcase name="testHealthCheck" file="/var/www/html/tests/Unit/Service/Payment/MollieIntegrationTest.php" line="22" class="Tests\Unit\Service\Payment\MollieIntegrationTest" classname="Tests.Unit.Service.Payment.MollieIntegrationTest" assertions="2" time="0.000155"/>
    </testsuite>
  </testsuite>
</testsuites>
