<?xml version="1.0" encoding="UTF-8"?>
<testsuites>
  <testsuite name="Tests\Unit\Service\SseApiTest" file="/home/morton/apps/Dev/ima_stub/tests/Unit/Service/SseApiTest.php" tests="3" assertions="13" errors="0" failures="0" skipped="0" time="0.002486">
    <testcase name="testTestActionOutputsOkStatus" file="/home/morton/apps/Dev/ima_stub/tests/Unit/Service/SseApiTest.php" line="64" class="Tests\Unit\Service\SseApiTest" classname="Tests.Unit.Service.SseApiTest" assertions="3" time="0.002107"/>
    <testcase name="testEchoActionOutputsSingleEvent" file="/home/morton/apps/Dev/ima_stub/tests/Unit/Service/SseApiTest.php" line="12" class="Tests\Unit\Service\SseApiTest" classname="Tests.Unit.Service.SseApiTest" assertions="6" time="0.000259"/>
    <testcase name="testClockActionEmitsRequestedCount" file="/home/morton/apps/Dev/ima_stub/tests/Unit/Service/SseApiTest.php" line="38" class="Tests\Unit\Service\SseApiTest" classname="Tests.Unit.Service.SseApiTest" assertions="4" time="0.000120"/>
  </testsuite>
</testsuites>
