<?xml version="1.0" encoding="UTF-8"?>
<testsuites>
  <testsuite name="/var/www/html/phpunit.xml" tests="106" assertions="398" errors="0" failures="0" skipped="0" time="1.136384">
    <testsuite name="LMS" tests="40" assertions="154" errors="0" failures="0" skipped="0" time="0.493961">
      <testsuite name="Tests\Unit\Service\LMS\Configuration\ConfigurationManagerTest" file="/var/www/html/tests/Unit/Service/LMS/Configuration/ConfigurationManagerTest.php" tests="8" assertions="17" errors="0" failures="0" skipped="0" time="0.009978">
        <testcase name="testCanBeInstantiated" file="/var/www/html/tests/Unit/Service/LMS/Configuration/ConfigurationManagerTest.php" line="18" class="Tests\Unit\Service\LMS\Configuration\ConfigurationManagerTest" classname="Tests.Unit.Service.LMS.Configuration.ConfigurationManagerTest" assertions="1" time="0.006071"/>
        <testcase name="testGetAllConfigurations" file="/var/www/html/tests/Unit/Service/LMS/Configuration/ConfigurationManagerTest.php" line="23" class="Tests\Unit\Service\LMS\Configuration\ConfigurationManagerTest" classname="Tests.Unit.Service.LMS.Configuration.ConfigurationManagerTest" assertions="4" time="0.001532"/>
        <testcase name="testGetIntegrationConfig" file="/var/www/html/tests/Unit/Service/LMS/Configuration/ConfigurationManagerTest.php" line="33" class="Tests\Unit\Service\LMS\Configuration\ConfigurationManagerTest" classname="Tests.Unit.Service.LMS.Configuration.ConfigurationManagerTest" assertions="4" time="0.000243"/>
        <testcase name="testIsIntegrationEnabled" file="/var/www/html/tests/Unit/Service/LMS/Configuration/ConfigurationManagerTest.php" line="43" class="Tests\Unit\Service\LMS\Configuration\ConfigurationManagerTest" classname="Tests.Unit.Service.LMS.Configuration.ConfigurationManagerTest" assertions="2" time="0.000629"/>
        <testcase name="testGetEnabledIntegrations" file="/var/www/html/tests/Unit/Service/LMS/Configuration/ConfigurationManagerTest.php" line="52" class="Tests\Unit\Service\LMS\Configuration\ConfigurationManagerTest" classname="Tests.Unit.Service.LMS.Configuration.ConfigurationManagerTest" assertions="2" time="0.000673"/>
        <testcase name="testValidateConfiguration" file="/var/www/html/tests/Unit/Service/LMS/Configuration/ConfigurationManagerTest.php" line="60" class="Tests\Unit\Service\LMS\Configuration\ConfigurationManagerTest" classname="Tests.Unit.Service.LMS.Configuration.ConfigurationManagerTest" assertions="1" time="0.000135"/>
        <testcase name="testGetNonExistentIntegrationConfig" file="/var/www/html/tests/Unit/Service/LMS/Configuration/ConfigurationManagerTest.php" line="69" class="Tests\Unit\Service\LMS\Configuration\ConfigurationManagerTest" classname="Tests.Unit.Service.LMS.Configuration.ConfigurationManagerTest" assertions="2" time="0.000567"/>
        <testcase name="testIsNonExistentIntegrationEnabled" file="/var/www/html/tests/Unit/Service/LMS/Configuration/ConfigurationManagerTest.php" line="77" class="Tests\Unit\Service\LMS\Configuration\ConfigurationManagerTest" classname="Tests.Unit.Service.LMS.Configuration.ConfigurationManagerTest" assertions="1" time="0.000128"/>
      </testsuite>
      <testsuite name="Tests\Unit\Service\LMS\Factory\IntegrationFactoryTest" file="/var/www/html/tests/Unit/Service/LMS/Factory/IntegrationFactoryTest.php" tests="13" assertions="68" errors="0" failures="0" skipped="0" time="0.009081">
        <testcase name="testGetSupportedIntegrations" file="/var/www/html/tests/Unit/Service/LMS/Factory/IntegrationFactoryTest.php" line="18" class="Tests\Unit\Service\LMS\Factory\IntegrationFactoryTest" classname="Tests.Unit.Service.LMS.Factory.IntegrationFactoryTest" assertions="4" time="0.000669"/>
        <testcase name="testIsSupported" file="/var/www/html/tests/Unit/Service/LMS/Factory/IntegrationFactoryTest.php" line="28" class="Tests\Unit\Service\LMS\Factory\IntegrationFactoryTest" classname="Tests.Unit.Service.LMS.Factory.IntegrationFactoryTest" assertions="4" time="0.000124"/>
        <testcase name="testCreateOllamaIntegration" file="/var/www/html/tests/Unit/Service/LMS/Factory/IntegrationFactoryTest.php" line="36" class="Tests\Unit\Service\LMS\Factory\IntegrationFactoryTest" classname="Tests.Unit.Service.LMS.Factory.IntegrationFactoryTest" assertions="2" time="0.001090"/>
        <testcase name="testCreateGeminiIntegration" file="/var/www/html/tests/Unit/Service/LMS/Factory/IntegrationFactoryTest.php" line="49" class="Tests\Unit\Service\LMS\Factory\IntegrationFactoryTest" classname="Tests.Unit.Service.LMS.Factory.IntegrationFactoryTest" assertions="2" time="0.000492"/>
        <testcase name="testCreateTencentEduIntegration" file="/var/www/html/tests/Unit/Service/LMS/Factory/IntegrationFactoryTest.php" line="62" class="Tests\Unit\Service\LMS\Factory\IntegrationFactoryTest" classname="Tests.Unit.Service.LMS.Factory.IntegrationFactoryTest" assertions="2" time="0.001181"/>
        <testcase name="testCreateUnsupportedIntegrationThrowsException" file="/var/www/html/tests/Unit/Service/LMS/Factory/IntegrationFactoryTest.php" line="76" class="Tests\Unit\Service\LMS\Factory\IntegrationFactoryTest" classname="Tests.Unit.Service.LMS.Factory.IntegrationFactoryTest" assertions="2" time="0.001691"/>
        <testcase name="testCreateWithInvalidConfigurationThrowsException" file="/var/www/html/tests/Unit/Service/LMS/Factory/IntegrationFactoryTest.php" line="84" class="Tests\Unit\Service\LMS\Factory\IntegrationFactoryTest" classname="Tests.Unit.Service.LMS.Factory.IntegrationFactoryTest" assertions="1" time="0.000471"/>
        <testcase name="testGetIntegrationClass" file="/var/www/html/tests/Unit/Service/LMS/Factory/IntegrationFactoryTest.php" line="92" class="Tests\Unit\Service\LMS\Factory\IntegrationFactoryTest" classname="Tests.Unit.Service.LMS.Factory.IntegrationFactoryTest" assertions="4" time="0.000733"/>
        <testcase name="testCreateFromConfig" file="/var/www/html/tests/Unit/Service/LMS/Factory/IntegrationFactoryTest.php" line="100" class="Tests\Unit\Service\LMS\Factory\IntegrationFactoryTest" classname="Tests.Unit.Service.LMS.Factory.IntegrationFactoryTest" assertions="8" time="0.001209"/>
        <testcase name="testValidateConfig" file="/var/www/html/tests/Unit/Service/LMS/Factory/IntegrationFactoryTest.php" line="141" class="Tests\Unit\Service\LMS\Factory\IntegrationFactoryTest" classname="Tests.Unit.Service.LMS.Factory.IntegrationFactoryTest" assertions="12" time="0.000353"/>
        <testcase name="testRegisterAndUnregisterIntegration" file="/var/www/html/tests/Unit/Service/LMS/Factory/IntegrationFactoryTest.php" line="220" class="Tests\Unit\Service\LMS\Factory\IntegrationFactoryTest" classname="Tests.Unit.Service.LMS.Factory.IntegrationFactoryTest" assertions="4" time="0.000158"/>
        <testcase name="testRegisterInvalidClassThrowsException" file="/var/www/html/tests/Unit/Service/LMS/Factory/IntegrationFactoryTest.php" line="247" class="Tests\Unit\Service\LMS\Factory\IntegrationFactoryTest" classname="Tests.Unit.Service.LMS.Factory.IntegrationFactoryTest" assertions="2" time="0.000126"/>
        <testcase name="testGetIntegrationCapabilities" file="/var/www/html/tests/Unit/Service/LMS/Factory/IntegrationFactoryTest.php" line="184" class="Tests\Unit\Service\LMS\Factory\IntegrationFactoryTest" classname="Tests.Unit.Service.LMS.Factory.IntegrationFactoryTest" assertions="21" time="0.000783"/>
      </testsuite>
      <testsuite name="Tests\Unit\Service\LMS\LMSServiceTest" file="/var/www/html/tests/Unit/Service/LMS/LMSServiceTest.php" tests="19" assertions="69" errors="0" failures="0" skipped="0" time="0.474901">
        <testcase name="testCanBeInstantiated" file="/var/www/html/tests/Unit/Service/LMS/LMSServiceTest.php" line="21" class="Tests\Unit\Service\LMS\LMSServiceTest" classname="Tests.Unit.Service.LMS.LMSServiceTest" assertions="1" time="0.018971"/>
        <testcase name="testGetConfigurationManager" file="/var/www/html/tests/Unit/Service/LMS/LMSServiceTest.php" line="35" class="Tests\Unit\Service\LMS\LMSServiceTest" classname="Tests.Unit.Service.LMS.LMSServiceTest" assertions="1" time="0.019904"/>
        <testcase name="testGetIntegrationRegistry" file="/var/www/html/tests/Unit/Service/LMS/LMSServiceTest.php" line="42" class="Tests\Unit\Service\LMS\LMSServiceTest" classname="Tests.Unit.Service.LMS.LMSServiceTest" assertions="1" time="0.017955"/>
        <testcase name="testGetAvailableIntegrations" file="/var/www/html/tests/Unit/Service/LMS/LMSServiceTest.php" line="49" class="Tests\Unit\Service\LMS\LMSServiceTest" classname="Tests.Unit.Service.LMS.LMSServiceTest" assertions="2" time="0.018839"/>
        <testcase name="testIsIntegrationAvailable" file="/var/www/html/tests/Unit/Service/LMS/LMSServiceTest.php" line="58" class="Tests\Unit\Service\LMS\LMSServiceTest" classname="Tests.Unit.Service.LMS.LMSServiceTest" assertions="2" time="0.019453"/>
        <testcase name="testGenerateContentWithInvalidIntegration" file="/var/www/html/tests/Unit/Service/LMS/LMSServiceTest.php" line="99" class="Tests\Unit\Service\LMS\LMSServiceTest" classname="Tests.Unit.Service.LMS.LMSServiceTest" assertions="8" time="0.017044"/>
        <testcase name="testCreateCourseWithInvalidIntegration" file="/var/www/html/tests/Unit/Service/LMS/LMSServiceTest.php" line="133" class="Tests\Unit\Service\LMS\LMSServiceTest" classname="Tests.Unit.Service.LMS.LMSServiceTest" assertions="7" time="0.018087"/>
        <testcase name="testAnalyzeTextWithInvalidIntegration" file="/var/www/html/tests/Unit/Service/LMS/LMSServiceTest.php" line="165" class="Tests\Unit\Service\LMS\LMSServiceTest" classname="Tests.Unit.Service.LMS.LMSServiceTest" assertions="7" time="0.018405"/>
        <testcase name="testGetBestIntegrationFor" file="/var/www/html/tests/Unit/Service/LMS/LMSServiceTest.php" line="199" class="Tests\Unit\Service\LMS\LMSServiceTest" classname="Tests.Unit.Service.LMS.LMSServiceTest" assertions="1" time="0.018462"/>
        <testcase name="testGetIntegrationCapabilities" file="/var/www/html/tests/Unit/Service/LMS/LMSServiceTest.php" line="209" class="Tests\Unit\Service\LMS\LMSServiceTest" classname="Tests.Unit.Service.LMS.LMSServiceTest" assertions="4" time="0.017954"/>
        <testcase name="testGetStatistics" file="/var/www/html/tests/Unit/Service/LMS/LMSServiceTest.php" line="219" class="Tests\Unit\Service\LMS\LMSServiceTest" classname="Tests.Unit.Service.LMS.LMSServiceTest" assertions="9" time="0.022005"/>
        <testcase name="testGetIntegrationStatus" file="/var/www/html/tests/Unit/Service/LMS/LMSServiceTest.php" line="67" class="Tests\Unit\Service\LMS\LMSServiceTest" classname="Tests.Unit.Service.LMS.LMSServiceTest" assertions="5" time="0.019088"/>
        <testcase name="testGenerateContentWithValidIntegration" file="/var/www/html/tests/Unit/Service/LMS/LMSServiceTest.php" line="81" class="Tests\Unit\Service\LMS\LMSServiceTest" classname="Tests.Unit.Service.LMS.LMSServiceTest" assertions="5" time="0.036153"/>
        <testcase name="testAnalyzeTextWithValidIntegration" file="/var/www/html/tests/Unit/Service/LMS/LMSServiceTest.php" line="150" class="Tests\Unit\Service\LMS\LMSServiceTest" classname="Tests.Unit.Service.LMS.LMSServiceTest" assertions="5" time="0.036183"/>
        <testcase name="testGenerateContentWithFallback" file="/var/www/html/tests/Unit/Service/LMS/LMSServiceTest.php" line="181" class="Tests\Unit\Service\LMS\LMSServiceTest" classname="Tests.Unit.Service.LMS.LMSServiceTest" assertions="2" time="0.034240"/>
        <testcase name="testInitialize" file="/var/www/html/tests/Unit/Service/LMS/LMSServiceTest.php" line="26" class="Tests\Unit\Service\LMS\LMSServiceTest" classname="Tests.Unit.Service.LMS.LMSServiceTest" assertions="1" time="0.035800"/>
        <testcase name="testCreateCourseWithValidIntegration" file="/var/www/html/tests/Unit/Service/LMS/LMSServiceTest.php" line="116" class="Tests\Unit\Service\LMS\LMSServiceTest" classname="Tests.Unit.Service.LMS.LMSServiceTest" assertions="5" time="0.035556"/>
        <testcase name="testRefreshHealthStatus" file="/var/www/html/tests/Unit/Service/LMS/LMSServiceTest.php" line="235" class="Tests\Unit\Service\LMS\LMSServiceTest" classname="Tests.Unit.Service.LMS.LMSServiceTest" assertions="1" time="0.033277"/>
        <testcase name="testMultipleInitializationCallsAreSafe" file="/var/www/html/tests/Unit/Service/LMS/LMSServiceTest.php" line="245" class="Tests\Unit\Service\LMS\LMSServiceTest" classname="Tests.Unit.Service.LMS.LMSServiceTest" assertions="2" time="0.037526"/>
      </testsuite>
    </testsuite>
    <testsuite name="Unit" tests="66" assertions="244" errors="0" failures="0" skipped="0" time="0.642423">
      <testsuite name="Tests\Unit\Model\PaymentTest" file="/var/www/html/tests/Unit/Model/PaymentTest.php" tests="3" assertions="13" errors="0" failures="0" skipped="0" time="0.001947">
        <testcase name="testBeforeValidationOnUpdateSetsUpdatedAt" file="/var/www/html/tests/Unit/Model/PaymentTest.php" line="44" class="Tests\Unit\Model\PaymentTest" classname="Tests.Unit.Model.PaymentTest" assertions="1" time="0.001160"/>
        <testcase name="testSettersAndGettersWork" file="/var/www/html/tests/Unit/Model/PaymentTest.php" line="10" class="Tests\Unit\Model\PaymentTest" classname="Tests.Unit.Model.PaymentTest" assertions="8" time="0.000569"/>
        <testcase name="testBeforeValidationOnCreateSetsTimestamps" file="/var/www/html/tests/Unit/Model/PaymentTest.php" line="32" class="Tests\Unit\Model\PaymentTest" classname="Tests.Unit.Model.PaymentTest" assertions="4" time="0.000217"/>
      </testsuite>
      <testsuite name="Tests\Unit\Model\RoleTest" file="/var/www/html/tests/Unit/Model/RoleTest.php" tests="3" assertions="5" errors="0" failures="0" skipped="0" time="0.001043">
        <testcase name="testSettersAndGettersWork" file="/var/www/html/tests/Unit/Model/RoleTest.php" line="10" class="Tests\Unit\Model\RoleTest" classname="Tests.Unit.Model.RoleTest" assertions="2" time="0.000661"/>
        <testcase name="testValidationFailsWithoutName" file="/var/www/html/tests/Unit/Model/RoleTest.php" line="26" class="Tests\Unit\Model\RoleTest" classname="Tests.Unit.Model.RoleTest" assertions="2" time="0.000205"/>
        <testcase name="testCanBeInstantiated" file="/var/www/html/tests/Unit/Model/RoleTest.php" line="20" class="Tests\Unit\Model\RoleTest" classname="Tests.Unit.Model.RoleTest" assertions="1" time="0.000177"/>
      </testsuite>
      <testsuite name="Tests\Unit\Model\SubscriptionTest" file="/var/www/html/tests/Unit/Model/SubscriptionTest.php" tests="2" assertions="14" errors="0" failures="0" skipped="0" time="0.000866">
        <testcase name="testSettersAndGettersWork" file="/var/www/html/tests/Unit/Model/SubscriptionTest.php" line="10" class="Tests\Unit\Model\SubscriptionTest" classname="Tests.Unit.Model.SubscriptionTest" assertions="10" time="0.000612"/>
        <testcase name="testBeforeValidationOnCreateSetsTimestamps" file="/var/www/html/tests/Unit/Model/SubscriptionTest.php" line="36" class="Tests\Unit\Model\SubscriptionTest" classname="Tests.Unit.Model.SubscriptionTest" assertions="4" time="0.000254"/>
      </testsuite>
      <testsuite name="Tests\Unit\Model\UserTest" file="/var/www/html/tests/Unit/Model/UserTest.php" tests="2" assertions="5" errors="0" failures="0" skipped="0" time="0.000781">
        <testcase name="testCanBeInstantiated" file="/var/www/html/tests/Unit/Model/UserTest.php" line="24" class="Tests\Unit\Model\UserTest" classname="Tests.Unit.Model.UserTest" assertions="1" time="0.000592"/>
        <testcase name="testSettersAndGettersWork" file="/var/www/html/tests/Unit/Model/UserTest.php" line="10" class="Tests\Unit\Model\UserTest" classname="Tests.Unit.Model.UserTest" assertions="4" time="0.000189"/>
      </testsuite>
      <testsuite name="Tests\Unit\Service\Payment\PaceIntegrationTest" file="/var/www/html/tests/Unit/Service/Payment/PaceIntegrationTest.php" tests="4" assertions="10" errors="0" failures="0" skipped="0" time="0.171244">
        <testcase name="testCreatePayment" file="/var/www/html/tests/Unit/Service/Payment/PaceIntegrationTest.php" line="23" class="Tests\Unit\Service\Payment\PaceIntegrationTest" classname="Tests.Unit.Service.Payment.PaceIntegrationTest" assertions="4" time="0.013864"/>
        <testcase name="testHealthCheck" file="/var/www/html/tests/Unit/Service/Payment/PaceIntegrationTest.php" line="63" class="Tests\Unit\Service\Payment\PaceIntegrationTest" classname="Tests.Unit.Service.Payment.PaceIntegrationTest" assertions="2" time="0.000240"/>
        <testcase name="testGetCapabilities" file="/var/www/html/tests/Unit/Service/Payment/PaceIntegrationTest.php" line="80" class="Tests\Unit\Service\Payment\PaceIntegrationTest" classname="Tests.Unit.Service.Payment.PaceIntegrationTest" assertions="2" time="0.000173"/>
        <testcase name="testCreateSubscription" file="/var/www/html/tests/Unit/Service/Payment/PaceIntegrationTest.php" line="50" class="Tests\Unit\Service\Payment\PaceIntegrationTest" classname="Tests.Unit.Service.Payment.PaceIntegrationTest" assertions="2" time="0.156967"/>
      </testsuite>
      <testsuite name="Tests\Unit\Service\SseApiTest" file="/var/www/html/tests/Unit/Service/SseApiTest.php" tests="3" assertions="13" errors="0" failures="0" skipped="0" time="0.002888">
        <testcase name="testTestActionOutputsOkStatus" file="/var/www/html/tests/Unit/Service/SseApiTest.php" line="64" class="Tests\Unit\Service\SseApiTest" classname="Tests.Unit.Service.SseApiTest" assertions="3" time="0.002504"/>
        <testcase name="testEchoActionOutputsSingleEvent" file="/var/www/html/tests/Unit/Service/SseApiTest.php" line="12" class="Tests\Unit\Service\SseApiTest" classname="Tests.Unit.Service.SseApiTest" assertions="6" time="0.000219"/>
        <testcase name="testClockActionEmitsRequestedCount" file="/var/www/html/tests/Unit/Service/SseApiTest.php" line="38" class="Tests\Unit\Service\SseApiTest" classname="Tests.Unit.Service.SseApiTest" assertions="4" time="0.000164"/>
      </testsuite>
      <testsuite name="Tests\Unit\Core\SSE\SseEmitterTest" file="/var/www/html/tests/Unit/Core/SSE/SseEmitterTest.php" tests="3" assertions="10" errors="0" failures="0" skipped="0" time="0.000401">
        <testcase name="testStartSetsHeadersAndOptionalRetry" file="/var/www/html/tests/Unit/Core/SSE/SseEmitterTest.php" line="11" class="Tests\Unit\Core\SSE\SseEmitterTest" classname="Tests.Unit.Core.SSE.SseEmitterTest" assertions="5" time="0.000162"/>
        <testcase name="testSendFormatsEventIdAndJsonData" file="/var/www/html/tests/Unit/Core/SSE/SseEmitterTest.php" line="27" class="Tests\Unit\Core\SSE\SseEmitterTest" classname="Tests.Unit.Core.SSE.SseEmitterTest" assertions="3" time="0.000128"/>
        <testcase name="testCommentAndHeartbeat" file="/var/www/html/tests/Unit/Core/SSE/SseEmitterTest.php" line="41" class="Tests\Unit\Core\SSE\SseEmitterTest" classname="Tests.Unit.Core.SSE.SseEmitterTest" assertions="2" time="0.000112"/>
      </testsuite>
      <testsuite name="Tests\Unit\Model\ErrorLogTest" file="/var/www/html/tests/Unit/Model/ErrorLogTest.php" tests="3" assertions="12" errors="0" failures="0" skipped="0" time="0.001304">
        <testcase name="testSettersAndGettersWork" file="/var/www/html/tests/Unit/Model/ErrorLogTest.php" line="10" class="Tests\Unit\Model\ErrorLogTest" classname="Tests.Unit.Model.ErrorLogTest" assertions="8" time="0.000983"/>
        <testcase name="testBeforeValidationOnCreateSetsCreatedAt" file="/var/www/html/tests/Unit/Model/ErrorLogTest.php" line="40" class="Tests\Unit\Model\ErrorLogTest" classname="Tests.Unit.Model.ErrorLogTest" assertions="2" time="0.000160"/>
        <testcase name="testSetContextJsonRoundTrip" file="/var/www/html/tests/Unit/Model/ErrorLogTest.php" line="31" class="Tests\Unit\Model\ErrorLogTest" classname="Tests.Unit.Model.ErrorLogTest" assertions="2" time="0.000161"/>
      </testsuite>
      <testsuite name="Tests\Unit\Service\LMS\Configuration\ConfigurationManagerTest" file="/var/www/html/tests/Unit/Service/LMS/Configuration/ConfigurationManagerTest.php" tests="8" assertions="17" errors="0" failures="0" skipped="0" time="0.001243">
        <testcase name="testCanBeInstantiated" file="/var/www/html/tests/Unit/Service/LMS/Configuration/ConfigurationManagerTest.php" line="18" class="Tests\Unit\Service\LMS\Configuration\ConfigurationManagerTest" classname="Tests.Unit.Service.LMS.Configuration.ConfigurationManagerTest" assertions="1" time="0.000133"/>
        <testcase name="testGetAllConfigurations" file="/var/www/html/tests/Unit/Service/LMS/Configuration/ConfigurationManagerTest.php" line="23" class="Tests\Unit\Service\LMS\Configuration\ConfigurationManagerTest" classname="Tests.Unit.Service.LMS.Configuration.ConfigurationManagerTest" assertions="4" time="0.000271"/>
        <testcase name="testGetIntegrationConfig" file="/var/www/html/tests/Unit/Service/LMS/Configuration/ConfigurationManagerTest.php" line="33" class="Tests\Unit\Service\LMS\Configuration\ConfigurationManagerTest" classname="Tests.Unit.Service.LMS.Configuration.ConfigurationManagerTest" assertions="4" time="0.000178"/>
        <testcase name="testIsIntegrationEnabled" file="/var/www/html/tests/Unit/Service/LMS/Configuration/ConfigurationManagerTest.php" line="43" class="Tests\Unit\Service\LMS\Configuration\ConfigurationManagerTest" classname="Tests.Unit.Service.LMS.Configuration.ConfigurationManagerTest" assertions="2" time="0.000139"/>
        <testcase name="testGetEnabledIntegrations" file="/var/www/html/tests/Unit/Service/LMS/Configuration/ConfigurationManagerTest.php" line="52" class="Tests\Unit\Service\LMS\Configuration\ConfigurationManagerTest" classname="Tests.Unit.Service.LMS.Configuration.ConfigurationManagerTest" assertions="2" time="0.000155"/>
        <testcase name="testValidateConfiguration" file="/var/www/html/tests/Unit/Service/LMS/Configuration/ConfigurationManagerTest.php" line="60" class="Tests\Unit\Service\LMS\Configuration\ConfigurationManagerTest" classname="Tests.Unit.Service.LMS.Configuration.ConfigurationManagerTest" assertions="1" time="0.000118"/>
        <testcase name="testGetNonExistentIntegrationConfig" file="/var/www/html/tests/Unit/Service/LMS/Configuration/ConfigurationManagerTest.php" line="69" class="Tests\Unit\Service\LMS\Configuration\ConfigurationManagerTest" classname="Tests.Unit.Service.LMS.Configuration.ConfigurationManagerTest" assertions="2" time="0.000135"/>
        <testcase name="testIsNonExistentIntegrationEnabled" file="/var/www/html/tests/Unit/Service/LMS/Configuration/ConfigurationManagerTest.php" line="77" class="Tests\Unit\Service\LMS\Configuration\ConfigurationManagerTest" classname="Tests.Unit.Service.LMS.Configuration.ConfigurationManagerTest" assertions="1" time="0.000113"/>
      </testsuite>
      <testsuite name="Tests\Unit\Service\LMS\Factory\IntegrationFactoryTest" file="/var/www/html/tests/Unit/Service/LMS/Factory/IntegrationFactoryTest.php" tests="13" assertions="68" errors="0" failures="0" skipped="0" time="0.002569">
        <testcase name="testGetSupportedIntegrations" file="/var/www/html/tests/Unit/Service/LMS/Factory/IntegrationFactoryTest.php" line="18" class="Tests\Unit\Service\LMS\Factory\IntegrationFactoryTest" classname="Tests.Unit.Service.LMS.Factory.IntegrationFactoryTest" assertions="4" time="0.000174"/>
        <testcase name="testIsSupported" file="/var/www/html/tests/Unit/Service/LMS/Factory/IntegrationFactoryTest.php" line="28" class="Tests\Unit\Service\LMS\Factory\IntegrationFactoryTest" classname="Tests.Unit.Service.LMS.Factory.IntegrationFactoryTest" assertions="4" time="0.000122"/>
        <testcase name="testCreateOllamaIntegration" file="/var/www/html/tests/Unit/Service/LMS/Factory/IntegrationFactoryTest.php" line="36" class="Tests\Unit\Service\LMS\Factory\IntegrationFactoryTest" classname="Tests.Unit.Service.LMS.Factory.IntegrationFactoryTest" assertions="2" time="0.000103"/>
        <testcase name="testCreateGeminiIntegration" file="/var/www/html/tests/Unit/Service/LMS/Factory/IntegrationFactoryTest.php" line="49" class="Tests\Unit\Service\LMS\Factory\IntegrationFactoryTest" classname="Tests.Unit.Service.LMS.Factory.IntegrationFactoryTest" assertions="2" time="0.000100"/>
        <testcase name="testCreateTencentEduIntegration" file="/var/www/html/tests/Unit/Service/LMS/Factory/IntegrationFactoryTest.php" line="62" class="Tests\Unit\Service\LMS\Factory\IntegrationFactoryTest" classname="Tests.Unit.Service.LMS.Factory.IntegrationFactoryTest" assertions="2" time="0.000143"/>
        <testcase name="testCreateUnsupportedIntegrationThrowsException" file="/var/www/html/tests/Unit/Service/LMS/Factory/IntegrationFactoryTest.php" line="76" class="Tests\Unit\Service\LMS\Factory\IntegrationFactoryTest" classname="Tests.Unit.Service.LMS.Factory.IntegrationFactoryTest" assertions="2" time="0.000142"/>
        <testcase name="testCreateWithInvalidConfigurationThrowsException" file="/var/www/html/tests/Unit/Service/LMS/Factory/IntegrationFactoryTest.php" line="84" class="Tests\Unit\Service\LMS\Factory\IntegrationFactoryTest" classname="Tests.Unit.Service.LMS.Factory.IntegrationFactoryTest" assertions="1" time="0.000121"/>
        <testcase name="testGetIntegrationClass" file="/var/www/html/tests/Unit/Service/LMS/Factory/IntegrationFactoryTest.php" line="92" class="Tests\Unit\Service\LMS\Factory\IntegrationFactoryTest" classname="Tests.Unit.Service.LMS.Factory.IntegrationFactoryTest" assertions="4" time="0.000144"/>
        <testcase name="testCreateFromConfig" file="/var/www/html/tests/Unit/Service/LMS/Factory/IntegrationFactoryTest.php" line="100" class="Tests\Unit\Service\LMS\Factory\IntegrationFactoryTest" classname="Tests.Unit.Service.LMS.Factory.IntegrationFactoryTest" assertions="8" time="0.000224"/>
        <testcase name="testValidateConfig" file="/var/www/html/tests/Unit/Service/LMS/Factory/IntegrationFactoryTest.php" line="141" class="Tests\Unit\Service\LMS\Factory\IntegrationFactoryTest" classname="Tests.Unit.Service.LMS.Factory.IntegrationFactoryTest" assertions="12" time="0.000300"/>
        <testcase name="testRegisterAndUnregisterIntegration" file="/var/www/html/tests/Unit/Service/LMS/Factory/IntegrationFactoryTest.php" line="220" class="Tests\Unit\Service\LMS\Factory\IntegrationFactoryTest" classname="Tests.Unit.Service.LMS.Factory.IntegrationFactoryTest" assertions="4" time="0.000136"/>
        <testcase name="testRegisterInvalidClassThrowsException" file="/var/www/html/tests/Unit/Service/LMS/Factory/IntegrationFactoryTest.php" line="247" class="Tests\Unit\Service\LMS\Factory\IntegrationFactoryTest" classname="Tests.Unit.Service.LMS.Factory.IntegrationFactoryTest" assertions="2" time="0.000136"/>
        <testcase name="testGetIntegrationCapabilities" file="/var/www/html/tests/Unit/Service/LMS/Factory/IntegrationFactoryTest.php" line="184" class="Tests\Unit\Service\LMS\Factory\IntegrationFactoryTest" classname="Tests.Unit.Service.LMS.Factory.IntegrationFactoryTest" assertions="21" time="0.000724"/>
      </testsuite>
      <testsuite name="Tests\Unit\Service\LMS\LMSServiceTest" file="/var/www/html/tests/Unit/Service/LMS/LMSServiceTest.php" tests="19" assertions="69" errors="0" failures="0" skipped="0" time="0.456953">
        <testcase name="testCanBeInstantiated" file="/var/www/html/tests/Unit/Service/LMS/LMSServiceTest.php" line="21" class="Tests\Unit\Service\LMS\LMSServiceTest" classname="Tests.Unit.Service.LMS.LMSServiceTest" assertions="1" time="0.017957"/>
        <testcase name="testGetConfigurationManager" file="/var/www/html/tests/Unit/Service/LMS/LMSServiceTest.php" line="35" class="Tests\Unit\Service\LMS\LMSServiceTest" classname="Tests.Unit.Service.LMS.LMSServiceTest" assertions="1" time="0.017558"/>
        <testcase name="testGetIntegrationRegistry" file="/var/www/html/tests/Unit/Service/LMS/LMSServiceTest.php" line="42" class="Tests\Unit\Service\LMS\LMSServiceTest" classname="Tests.Unit.Service.LMS.LMSServiceTest" assertions="1" time="0.017238"/>
        <testcase name="testGetAvailableIntegrations" file="/var/www/html/tests/Unit/Service/LMS/LMSServiceTest.php" line="49" class="Tests\Unit\Service\LMS\LMSServiceTest" classname="Tests.Unit.Service.LMS.LMSServiceTest" assertions="2" time="0.017323"/>
        <testcase name="testIsIntegrationAvailable" file="/var/www/html/tests/Unit/Service/LMS/LMSServiceTest.php" line="58" class="Tests\Unit\Service\LMS\LMSServiceTest" classname="Tests.Unit.Service.LMS.LMSServiceTest" assertions="2" time="0.017160"/>
        <testcase name="testGenerateContentWithInvalidIntegration" file="/var/www/html/tests/Unit/Service/LMS/LMSServiceTest.php" line="99" class="Tests\Unit\Service\LMS\LMSServiceTest" classname="Tests.Unit.Service.LMS.LMSServiceTest" assertions="8" time="0.018352"/>
        <testcase name="testCreateCourseWithInvalidIntegration" file="/var/www/html/tests/Unit/Service/LMS/LMSServiceTest.php" line="133" class="Tests\Unit\Service\LMS\LMSServiceTest" classname="Tests.Unit.Service.LMS.LMSServiceTest" assertions="7" time="0.018894"/>
        <testcase name="testAnalyzeTextWithInvalidIntegration" file="/var/www/html/tests/Unit/Service/LMS/LMSServiceTest.php" line="165" class="Tests\Unit\Service\LMS\LMSServiceTest" classname="Tests.Unit.Service.LMS.LMSServiceTest" assertions="7" time="0.016898"/>
        <testcase name="testGetBestIntegrationFor" file="/var/www/html/tests/Unit/Service/LMS/LMSServiceTest.php" line="199" class="Tests\Unit\Service\LMS\LMSServiceTest" classname="Tests.Unit.Service.LMS.LMSServiceTest" assertions="1" time="0.017934"/>
        <testcase name="testGetIntegrationCapabilities" file="/var/www/html/tests/Unit/Service/LMS/LMSServiceTest.php" line="209" class="Tests\Unit\Service\LMS\LMSServiceTest" classname="Tests.Unit.Service.LMS.LMSServiceTest" assertions="4" time="0.017952"/>
        <testcase name="testGetStatistics" file="/var/www/html/tests/Unit/Service/LMS/LMSServiceTest.php" line="219" class="Tests\Unit\Service\LMS\LMSServiceTest" classname="Tests.Unit.Service.LMS.LMSServiceTest" assertions="9" time="0.018060"/>
        <testcase name="testGetIntegrationStatus" file="/var/www/html/tests/Unit/Service/LMS/LMSServiceTest.php" line="67" class="Tests\Unit\Service\LMS\LMSServiceTest" classname="Tests.Unit.Service.LMS.LMSServiceTest" assertions="5" time="0.018347"/>
        <testcase name="testGenerateContentWithValidIntegration" file="/var/www/html/tests/Unit/Service/LMS/LMSServiceTest.php" line="81" class="Tests\Unit\Service\LMS\LMSServiceTest" classname="Tests.Unit.Service.LMS.LMSServiceTest" assertions="5" time="0.035958"/>
        <testcase name="testAnalyzeTextWithValidIntegration" file="/var/www/html/tests/Unit/Service/LMS/LMSServiceTest.php" line="150" class="Tests\Unit\Service\LMS\LMSServiceTest" classname="Tests.Unit.Service.LMS.LMSServiceTest" assertions="5" time="0.033556"/>
        <testcase name="testGenerateContentWithFallback" file="/var/www/html/tests/Unit/Service/LMS/LMSServiceTest.php" line="181" class="Tests\Unit\Service\LMS\LMSServiceTest" classname="Tests.Unit.Service.LMS.LMSServiceTest" assertions="2" time="0.033961"/>
        <testcase name="testInitialize" file="/var/www/html/tests/Unit/Service/LMS/LMSServiceTest.php" line="26" class="Tests\Unit\Service\LMS\LMSServiceTest" classname="Tests.Unit.Service.LMS.LMSServiceTest" assertions="1" time="0.034466"/>
        <testcase name="testCreateCourseWithValidIntegration" file="/var/www/html/tests/Unit/Service/LMS/LMSServiceTest.php" line="116" class="Tests\Unit\Service\LMS\LMSServiceTest" classname="Tests.Unit.Service.LMS.LMSServiceTest" assertions="5" time="0.035337"/>
        <testcase name="testRefreshHealthStatus" file="/var/www/html/tests/Unit/Service/LMS/LMSServiceTest.php" line="235" class="Tests\Unit\Service\LMS\LMSServiceTest" classname="Tests.Unit.Service.LMS.LMSServiceTest" assertions="1" time="0.034789"/>
        <testcase name="testMultipleInitializationCallsAreSafe" file="/var/www/html/tests/Unit/Service/LMS/LMSServiceTest.php" line="245" class="Tests\Unit\Service\LMS\LMSServiceTest" classname="Tests.Unit.Service.LMS.LMSServiceTest" assertions="2" time="0.035213"/>
      </testsuite>
      <testsuite name="Tests\Unit\Service\Payment\MollieIntegrationTest" file="/var/www/html/tests/Unit/Service/Payment/MollieIntegrationTest.php" tests="3" assertions="8" errors="0" failures="0" skipped="0" time="0.001184">
        <testcase name="testHealthCheck" file="/var/www/html/tests/Unit/Service/Payment/MollieIntegrationTest.php" line="22" class="Tests\Unit\Service\Payment\MollieIntegrationTest" classname="Tests.Unit.Service.Payment.MollieIntegrationTest" assertions="2" time="0.000828"/>
        <testcase name="testGetCapabilities" file="/var/www/html/tests/Unit/Service/Payment/MollieIntegrationTest.php" line="36" class="Tests\Unit\Service\Payment\MollieIntegrationTest" classname="Tests.Unit.Service.Payment.MollieIntegrationTest" assertions="3" time="0.000183"/>
        <testcase name="testCreateSubscriptionSimulated" file="/var/www/html/tests/Unit/Service/Payment/MollieIntegrationTest.php" line="44" class="Tests\Unit\Service\Payment\MollieIntegrationTest" classname="Tests.Unit.Service.Payment.MollieIntegrationTest" assertions="3" time="0.000173"/>
      </testsuite>
    </testsuite>
  </testsuite>
</testsuites>
