<?xml version="1.0" encoding="UTF-8"?>
<testsuites>
  <testsuite name="Tests\Unit\SimpleExampleTest" file="/home/morton/apps/dev/ima_stub/tests/Unit/SimpleExampleTest.php" tests="3" assertions="9" errors="0" failures="0" skipped="0" time="0.004668">
    <testcase name="testStringOperations" file="/home/morton/apps/dev/ima_stub/tests/Unit/SimpleExampleTest.php" line="25" class="Tests\Unit\SimpleExampleTest" classname="Tests.Unit.SimpleExampleTest" assertions="3" time="0.003746"/>
    <testcase name="testArrayOperations" file="/home/morton/apps/dev/ima_stub/tests/Unit/SimpleExampleTest.php" line="35" class="Tests\Unit\SimpleExampleTest" classname="Tests.Unit.SimpleExampleTest" assertions="3" time="0.000611"/>
    <testcase name="testBasicArithmetic" file="/home/morton/apps/dev/ima_stub/tests/Unit/SimpleExampleTest.php" line="15" class="Tests\Unit\SimpleExampleTest" classname="Tests.Unit.SimpleExampleTest" assertions="3" time="0.000311"/>
  </testsuite>
</testsuites>
