<?xml version="1.0" encoding="UTF-8"?>
<testsuites>
  <testsuite name="/home/morton/apps/Dev/ima_stub/phpunit.xml" tests="89" assertions="343" errors="0" failures="0" skipped="0" time="0.043366">
    <testsuite name="LMS" tests="40" assertions="154" errors="0" failures="0" skipped="0" time="0.021941">
      <testsuite name="Tests\Unit\Service\LMS\Configuration\ConfigurationManagerTest" file="/home/morton/apps/Dev/ima_stub/tests/Unit/Service/LMS/Configuration/ConfigurationManagerTest.php" tests="8" assertions="17" errors="0" failures="0" skipped="0" time="0.002462">
        <testcase name="testCanBeInstantiated" file="/home/morton/apps/Dev/ima_stub/tests/Unit/Service/LMS/Configuration/ConfigurationManagerTest.php" line="18" class="Tests\Unit\Service\LMS\Configuration\ConfigurationManagerTest" classname="Tests.Unit.Service.LMS.Configuration.ConfigurationManagerTest" assertions="1" time="0.001266"/>
        <testcase name="testGetAllConfigurations" file="/home/morton/apps/Dev/ima_stub/tests/Unit/Service/LMS/Configuration/ConfigurationManagerTest.php" line="23" class="Tests\Unit\Service\LMS\Configuration\ConfigurationManagerTest" classname="Tests.Unit.Service.LMS.Configuration.ConfigurationManagerTest" assertions="4" time="0.000491"/>
        <testcase name="testGetIntegrationConfig" file="/home/morton/apps/Dev/ima_stub/tests/Unit/Service/LMS/Configuration/ConfigurationManagerTest.php" line="33" class="Tests\Unit\Service\LMS\Configuration\ConfigurationManagerTest" classname="Tests.Unit.Service.LMS.Configuration.ConfigurationManagerTest" assertions="4" time="0.000117"/>
        <testcase name="testIsIntegrationEnabled" file="/home/morton/apps/Dev/ima_stub/tests/Unit/Service/LMS/Configuration/ConfigurationManagerTest.php" line="43" class="Tests\Unit\Service\LMS\Configuration\ConfigurationManagerTest" classname="Tests.Unit.Service.LMS.Configuration.ConfigurationManagerTest" assertions="2" time="0.000138"/>
        <testcase name="testGetEnabledIntegrations" file="/home/morton/apps/Dev/ima_stub/tests/Unit/Service/LMS/Configuration/ConfigurationManagerTest.php" line="52" class="Tests\Unit\Service\LMS\Configuration\ConfigurationManagerTest" classname="Tests.Unit.Service.LMS.Configuration.ConfigurationManagerTest" assertions="2" time="0.000174"/>
        <testcase name="testValidateConfiguration" file="/home/morton/apps/Dev/ima_stub/tests/Unit/Service/LMS/Configuration/ConfigurationManagerTest.php" line="60" class="Tests\Unit\Service\LMS\Configuration\ConfigurationManagerTest" classname="Tests.Unit.Service.LMS.Configuration.ConfigurationManagerTest" assertions="1" time="0.000075"/>
        <testcase name="testGetNonExistentIntegrationConfig" file="/home/morton/apps/Dev/ima_stub/tests/Unit/Service/LMS/Configuration/ConfigurationManagerTest.php" line="69" class="Tests\Unit\Service\LMS\Configuration\ConfigurationManagerTest" classname="Tests.Unit.Service.LMS.Configuration.ConfigurationManagerTest" assertions="2" time="0.000134"/>
        <testcase name="testIsNonExistentIntegrationEnabled" file="/home/morton/apps/Dev/ima_stub/tests/Unit/Service/LMS/Configuration/ConfigurationManagerTest.php" line="77" class="Tests\Unit\Service\LMS\Configuration\ConfigurationManagerTest" classname="Tests.Unit.Service.LMS.Configuration.ConfigurationManagerTest" assertions="1" time="0.000067"/>
      </testsuite>
      <testsuite name="Tests\Unit\Service\LMS\Factory\IntegrationFactoryTest" file="/home/morton/apps/Dev/ima_stub/tests/Unit/Service/LMS/Factory/IntegrationFactoryTest.php" tests="13" assertions="68" errors="0" failures="0" skipped="0" time="0.003375">
        <testcase name="testGetSupportedIntegrations" file="/home/morton/apps/Dev/ima_stub/tests/Unit/Service/LMS/Factory/IntegrationFactoryTest.php" line="18" class="Tests\Unit\Service\LMS\Factory\IntegrationFactoryTest" classname="Tests.Unit.Service.LMS.Factory.IntegrationFactoryTest" assertions="4" time="0.000483"/>
        <testcase name="testIsSupported" file="/home/morton/apps/Dev/ima_stub/tests/Unit/Service/LMS/Factory/IntegrationFactoryTest.php" line="28" class="Tests\Unit\Service\LMS\Factory\IntegrationFactoryTest" classname="Tests.Unit.Service.LMS.Factory.IntegrationFactoryTest" assertions="4" time="0.000069"/>
        <testcase name="testCreateOllamaIntegration" file="/home/morton/apps/Dev/ima_stub/tests/Unit/Service/LMS/Factory/IntegrationFactoryTest.php" line="36" class="Tests\Unit\Service\LMS\Factory\IntegrationFactoryTest" classname="Tests.Unit.Service.LMS.Factory.IntegrationFactoryTest" assertions="2" time="0.000310"/>
        <testcase name="testCreateGeminiIntegration" file="/home/morton/apps/Dev/ima_stub/tests/Unit/Service/LMS/Factory/IntegrationFactoryTest.php" line="49" class="Tests\Unit\Service\LMS\Factory\IntegrationFactoryTest" classname="Tests.Unit.Service.LMS.Factory.IntegrationFactoryTest" assertions="2" time="0.000234"/>
        <testcase name="testCreateTencentEduIntegration" file="/home/morton/apps/Dev/ima_stub/tests/Unit/Service/LMS/Factory/IntegrationFactoryTest.php" line="62" class="Tests\Unit\Service\LMS\Factory\IntegrationFactoryTest" classname="Tests.Unit.Service.LMS.Factory.IntegrationFactoryTest" assertions="2" time="0.000561"/>
        <testcase name="testCreateUnsupportedIntegrationThrowsException" file="/home/morton/apps/Dev/ima_stub/tests/Unit/Service/LMS/Factory/IntegrationFactoryTest.php" line="76" class="Tests\Unit\Service\LMS\Factory\IntegrationFactoryTest" classname="Tests.Unit.Service.LMS.Factory.IntegrationFactoryTest" assertions="2" time="0.000366"/>
        <testcase name="testCreateWithInvalidConfigurationThrowsException" file="/home/morton/apps/Dev/ima_stub/tests/Unit/Service/LMS/Factory/IntegrationFactoryTest.php" line="84" class="Tests\Unit\Service\LMS\Factory\IntegrationFactoryTest" classname="Tests.Unit.Service.LMS.Factory.IntegrationFactoryTest" assertions="1" time="0.000133"/>
        <testcase name="testGetIntegrationClass" file="/home/morton/apps/Dev/ima_stub/tests/Unit/Service/LMS/Factory/IntegrationFactoryTest.php" line="92" class="Tests\Unit\Service\LMS\Factory\IntegrationFactoryTest" classname="Tests.Unit.Service.LMS.Factory.IntegrationFactoryTest" assertions="4" time="0.000187"/>
        <testcase name="testCreateFromConfig" file="/home/morton/apps/Dev/ima_stub/tests/Unit/Service/LMS/Factory/IntegrationFactoryTest.php" line="100" class="Tests\Unit\Service\LMS\Factory\IntegrationFactoryTest" classname="Tests.Unit.Service.LMS.Factory.IntegrationFactoryTest" assertions="8" time="0.000336"/>
        <testcase name="testValidateConfig" file="/home/morton/apps/Dev/ima_stub/tests/Unit/Service/LMS/Factory/IntegrationFactoryTest.php" line="141" class="Tests\Unit\Service\LMS\Factory\IntegrationFactoryTest" classname="Tests.Unit.Service.LMS.Factory.IntegrationFactoryTest" assertions="12" time="0.000175"/>
        <testcase name="testRegisterAndUnregisterIntegration" file="/home/morton/apps/Dev/ima_stub/tests/Unit/Service/LMS/Factory/IntegrationFactoryTest.php" line="220" class="Tests\Unit\Service\LMS\Factory\IntegrationFactoryTest" classname="Tests.Unit.Service.LMS.Factory.IntegrationFactoryTest" assertions="4" time="0.000076"/>
        <testcase name="testRegisterInvalidClassThrowsException" file="/home/morton/apps/Dev/ima_stub/tests/Unit/Service/LMS/Factory/IntegrationFactoryTest.php" line="247" class="Tests\Unit\Service\LMS\Factory\IntegrationFactoryTest" classname="Tests.Unit.Service.LMS.Factory.IntegrationFactoryTest" assertions="2" time="0.000068"/>
        <testcase name="testGetIntegrationCapabilities" file="/home/morton/apps/Dev/ima_stub/tests/Unit/Service/LMS/Factory/IntegrationFactoryTest.php" line="184" class="Tests\Unit\Service\LMS\Factory\IntegrationFactoryTest" classname="Tests.Unit.Service.LMS.Factory.IntegrationFactoryTest" assertions="21" time="0.000378"/>
      </testsuite>
      <testsuite name="Tests\Unit\Service\LMS\LMSServiceTest" file="/home/morton/apps/Dev/ima_stub/tests/Unit/Service/LMS/LMSServiceTest.php" tests="19" assertions="69" errors="0" failures="0" skipped="0" time="0.016103">
        <testcase name="testCanBeInstantiated" file="/home/morton/apps/Dev/ima_stub/tests/Unit/Service/LMS/LMSServiceTest.php" line="21" class="Tests\Unit\Service\LMS\LMSServiceTest" classname="Tests.Unit.Service.LMS.LMSServiceTest" assertions="1" time="0.001543"/>
        <testcase name="testGetConfigurationManager" file="/home/morton/apps/Dev/ima_stub/tests/Unit/Service/LMS/LMSServiceTest.php" line="35" class="Tests\Unit\Service\LMS\LMSServiceTest" classname="Tests.Unit.Service.LMS.LMSServiceTest" assertions="1" time="0.000674"/>
        <testcase name="testGetIntegrationRegistry" file="/home/morton/apps/Dev/ima_stub/tests/Unit/Service/LMS/LMSServiceTest.php" line="42" class="Tests\Unit\Service\LMS\LMSServiceTest" classname="Tests.Unit.Service.LMS.LMSServiceTest" assertions="1" time="0.000496"/>
        <testcase name="testGetAvailableIntegrations" file="/home/morton/apps/Dev/ima_stub/tests/Unit/Service/LMS/LMSServiceTest.php" line="49" class="Tests\Unit\Service\LMS\LMSServiceTest" classname="Tests.Unit.Service.LMS.LMSServiceTest" assertions="2" time="0.000529"/>
        <testcase name="testIsIntegrationAvailable" file="/home/morton/apps/Dev/ima_stub/tests/Unit/Service/LMS/LMSServiceTest.php" line="58" class="Tests\Unit\Service\LMS\LMSServiceTest" classname="Tests.Unit.Service.LMS.LMSServiceTest" assertions="2" time="0.000436"/>
        <testcase name="testGenerateContentWithInvalidIntegration" file="/home/morton/apps/Dev/ima_stub/tests/Unit/Service/LMS/LMSServiceTest.php" line="99" class="Tests\Unit\Service\LMS\LMSServiceTest" classname="Tests.Unit.Service.LMS.LMSServiceTest" assertions="8" time="0.000759"/>
        <testcase name="testAnalyzeTextWithInvalidIntegration" file="/home/morton/apps/Dev/ima_stub/tests/Unit/Service/LMS/LMSServiceTest.php" line="165" class="Tests\Unit\Service\LMS\LMSServiceTest" classname="Tests.Unit.Service.LMS.LMSServiceTest" assertions="7" time="0.002630"/>
        <testcase name="testGetBestIntegrationFor" file="/home/morton/apps/Dev/ima_stub/tests/Unit/Service/LMS/LMSServiceTest.php" line="199" class="Tests\Unit\Service\LMS\LMSServiceTest" classname="Tests.Unit.Service.LMS.LMSServiceTest" assertions="1" time="0.000538"/>
        <testcase name="testGetIntegrationCapabilities" file="/home/morton/apps/Dev/ima_stub/tests/Unit/Service/LMS/LMSServiceTest.php" line="209" class="Tests\Unit\Service\LMS\LMSServiceTest" classname="Tests.Unit.Service.LMS.LMSServiceTest" assertions="4" time="0.000658"/>
        <testcase name="testGetStatistics" file="/home/morton/apps/Dev/ima_stub/tests/Unit/Service/LMS/LMSServiceTest.php" line="219" class="Tests\Unit\Service\LMS\LMSServiceTest" classname="Tests.Unit.Service.LMS.LMSServiceTest" assertions="9" time="0.000589"/>
        <testcase name="testGetIntegrationStatus" file="/home/morton/apps/Dev/ima_stub/tests/Unit/Service/LMS/LMSServiceTest.php" line="67" class="Tests\Unit\Service\LMS\LMSServiceTest" classname="Tests.Unit.Service.LMS.LMSServiceTest" assertions="5" time="0.000753"/>
        <testcase name="testCreateCourseWithInvalidIntegration" file="/home/morton/apps/Dev/ima_stub/tests/Unit/Service/LMS/LMSServiceTest.php" line="133" class="Tests\Unit\Service\LMS\LMSServiceTest" classname="Tests.Unit.Service.LMS.LMSServiceTest" assertions="7" time="0.000610"/>
        <testcase name="testInitialize" file="/home/morton/apps/Dev/ima_stub/tests/Unit/Service/LMS/LMSServiceTest.php" line="26" class="Tests\Unit\Service\LMS\LMSServiceTest" classname="Tests.Unit.Service.LMS.LMSServiceTest" assertions="1" time="0.000885"/>
        <testcase name="testCreateCourseWithValidIntegration" file="/home/morton/apps/Dev/ima_stub/tests/Unit/Service/LMS/LMSServiceTest.php" line="116" class="Tests\Unit\Service\LMS\LMSServiceTest" classname="Tests.Unit.Service.LMS.LMSServiceTest" assertions="5" time="0.001015"/>
        <testcase name="testGenerateContentWithFallback" file="/home/morton/apps/Dev/ima_stub/tests/Unit/Service/LMS/LMSServiceTest.php" line="181" class="Tests\Unit\Service\LMS\LMSServiceTest" classname="Tests.Unit.Service.LMS.LMSServiceTest" assertions="2" time="0.000819"/>
        <testcase name="testRefreshHealthStatus" file="/home/morton/apps/Dev/ima_stub/tests/Unit/Service/LMS/LMSServiceTest.php" line="235" class="Tests\Unit\Service\LMS\LMSServiceTest" classname="Tests.Unit.Service.LMS.LMSServiceTest" assertions="1" time="0.000830"/>
        <testcase name="testMultipleInitializationCallsAreSafe" file="/home/morton/apps/Dev/ima_stub/tests/Unit/Service/LMS/LMSServiceTest.php" line="245" class="Tests\Unit\Service\LMS\LMSServiceTest" classname="Tests.Unit.Service.LMS.LMSServiceTest" assertions="2" time="0.000773"/>
        <testcase name="testGenerateContentWithValidIntegration" file="/home/morton/apps/Dev/ima_stub/tests/Unit/Service/LMS/LMSServiceTest.php" line="81" class="Tests\Unit\Service\LMS\LMSServiceTest" classname="Tests.Unit.Service.LMS.LMSServiceTest" assertions="5" time="0.000782"/>
        <testcase name="testAnalyzeTextWithValidIntegration" file="/home/morton/apps/Dev/ima_stub/tests/Unit/Service/LMS/LMSServiceTest.php" line="150" class="Tests\Unit\Service\LMS\LMSServiceTest" classname="Tests.Unit.Service.LMS.LMSServiceTest" assertions="5" time="0.000786"/>
      </testsuite>
    </testsuite>
    <testsuite name="Unit" tests="49" assertions="189" errors="0" failures="0" skipped="0" time="0.021425">
      <testsuite name="Tests\Unit\Service\SseApiTest" file="/home/morton/apps/Dev/ima_stub/tests/Unit/Service/SseApiTest.php" tests="3" assertions="13" errors="0" failures="0" skipped="0" time="0.001332">
        <testcase name="testTestActionOutputsOkStatus" file="/home/morton/apps/Dev/ima_stub/tests/Unit/Service/SseApiTest.php" line="64" class="Tests\Unit\Service\SseApiTest" classname="Tests.Unit.Service.SseApiTest" assertions="3" time="0.000958"/>
        <testcase name="testEchoActionOutputsSingleEvent" file="/home/morton/apps/Dev/ima_stub/tests/Unit/Service/SseApiTest.php" line="12" class="Tests\Unit\Service\SseApiTest" classname="Tests.Unit.Service.SseApiTest" assertions="6" time="0.000253"/>
        <testcase name="testClockActionEmitsRequestedCount" file="/home/morton/apps/Dev/ima_stub/tests/Unit/Service/SseApiTest.php" line="38" class="Tests\Unit\Service\SseApiTest" classname="Tests.Unit.Service.SseApiTest" assertions="4" time="0.000121"/>
      </testsuite>
      <testsuite name="Tests\Unit\Core\SSE\SseEmitterTest" file="/home/morton/apps/Dev/ima_stub/tests/Unit/Core/SSE/SseEmitterTest.php" tests="3" assertions="10" errors="0" failures="0" skipped="0" time="0.000275">
        <testcase name="testStartSetsHeadersAndOptionalRetry" file="/home/morton/apps/Dev/ima_stub/tests/Unit/Core/SSE/SseEmitterTest.php" line="11" class="Tests\Unit\Core\SSE\SseEmitterTest" classname="Tests.Unit.Core.SSE.SseEmitterTest" assertions="5" time="0.000116"/>
        <testcase name="testCommentAndHeartbeat" file="/home/morton/apps/Dev/ima_stub/tests/Unit/Core/SSE/SseEmitterTest.php" line="41" class="Tests\Unit\Core\SSE\SseEmitterTest" classname="Tests.Unit.Core.SSE.SseEmitterTest" assertions="2" time="0.000082"/>
        <testcase name="testSendFormatsEventIdAndJsonData" file="/home/morton/apps/Dev/ima_stub/tests/Unit/Core/SSE/SseEmitterTest.php" line="27" class="Tests\Unit\Core\SSE\SseEmitterTest" classname="Tests.Unit.Core.SSE.SseEmitterTest" assertions="3" time="0.000077"/>
      </testsuite>
      <testsuite name="Tests\Unit\Model\ErrorLogTest" file="/home/morton/apps/Dev/ima_stub/tests/Unit/Model/ErrorLogTest.php" tests="3" assertions="12" errors="0" failures="0" skipped="0" time="0.003843">
        <testcase name="testSetContextJsonRoundTrip" file="/home/morton/apps/Dev/ima_stub/tests/Unit/Model/ErrorLogTest.php" line="31" class="Tests\Unit\Model\ErrorLogTest" classname="Tests.Unit.Model.ErrorLogTest" assertions="2" time="0.000220"/>
        <testcase name="testBeforeValidationOnCreateSetsCreatedAt" file="/home/morton/apps/Dev/ima_stub/tests/Unit/Model/ErrorLogTest.php" line="40" class="Tests\Unit\Model\ErrorLogTest" classname="Tests.Unit.Model.ErrorLogTest" assertions="2" time="0.003360"/>
        <testcase name="testSettersAndGettersWork" file="/home/morton/apps/Dev/ima_stub/tests/Unit/Model/ErrorLogTest.php" line="10" class="Tests\Unit\Model\ErrorLogTest" classname="Tests.Unit.Model.ErrorLogTest" assertions="8" time="0.000264"/>
      </testsuite>
      <testsuite name="Tests\Unit\Service\LMS\Configuration\ConfigurationManagerTest" file="/home/morton/apps/Dev/ima_stub/tests/Unit/Service/LMS/Configuration/ConfigurationManagerTest.php" tests="8" assertions="17" errors="0" failures="0" skipped="0" time="0.000843">
        <testcase name="testCanBeInstantiated" file="/home/morton/apps/Dev/ima_stub/tests/Unit/Service/LMS/Configuration/ConfigurationManagerTest.php" line="18" class="Tests\Unit\Service\LMS\Configuration\ConfigurationManagerTest" classname="Tests.Unit.Service.LMS.Configuration.ConfigurationManagerTest" assertions="1" time="0.000110"/>
        <testcase name="testGetAllConfigurations" file="/home/morton/apps/Dev/ima_stub/tests/Unit/Service/LMS/Configuration/ConfigurationManagerTest.php" line="23" class="Tests\Unit\Service\LMS\Configuration\ConfigurationManagerTest" classname="Tests.Unit.Service.LMS.Configuration.ConfigurationManagerTest" assertions="4" time="0.000209"/>
        <testcase name="testGetIntegrationConfig" file="/home/morton/apps/Dev/ima_stub/tests/Unit/Service/LMS/Configuration/ConfigurationManagerTest.php" line="33" class="Tests\Unit\Service\LMS\Configuration\ConfigurationManagerTest" classname="Tests.Unit.Service.LMS.Configuration.ConfigurationManagerTest" assertions="4" time="0.000134"/>
        <testcase name="testIsIntegrationEnabled" file="/home/morton/apps/Dev/ima_stub/tests/Unit/Service/LMS/Configuration/ConfigurationManagerTest.php" line="43" class="Tests\Unit\Service\LMS\Configuration\ConfigurationManagerTest" classname="Tests.Unit.Service.LMS.Configuration.ConfigurationManagerTest" assertions="2" time="0.000093"/>
        <testcase name="testGetEnabledIntegrations" file="/home/morton/apps/Dev/ima_stub/tests/Unit/Service/LMS/Configuration/ConfigurationManagerTest.php" line="52" class="Tests\Unit\Service\LMS\Configuration\ConfigurationManagerTest" classname="Tests.Unit.Service.LMS.Configuration.ConfigurationManagerTest" assertions="2" time="0.000082"/>
        <testcase name="testValidateConfiguration" file="/home/morton/apps/Dev/ima_stub/tests/Unit/Service/LMS/Configuration/ConfigurationManagerTest.php" line="60" class="Tests\Unit\Service\LMS\Configuration\ConfigurationManagerTest" classname="Tests.Unit.Service.LMS.Configuration.ConfigurationManagerTest" assertions="1" time="0.000067"/>
        <testcase name="testGetNonExistentIntegrationConfig" file="/home/morton/apps/Dev/ima_stub/tests/Unit/Service/LMS/Configuration/ConfigurationManagerTest.php" line="69" class="Tests\Unit\Service\LMS\Configuration\ConfigurationManagerTest" classname="Tests.Unit.Service.LMS.Configuration.ConfigurationManagerTest" assertions="2" time="0.000075"/>
        <testcase name="testIsNonExistentIntegrationEnabled" file="/home/morton/apps/Dev/ima_stub/tests/Unit/Service/LMS/Configuration/ConfigurationManagerTest.php" line="77" class="Tests\Unit\Service\LMS\Configuration\ConfigurationManagerTest" classname="Tests.Unit.Service.LMS.Configuration.ConfigurationManagerTest" assertions="1" time="0.000072"/>
      </testsuite>
      <testsuite name="Tests\Unit\Service\LMS\Factory\IntegrationFactoryTest" file="/home/morton/apps/Dev/ima_stub/tests/Unit/Service/LMS/Factory/IntegrationFactoryTest.php" tests="13" assertions="68" errors="0" failures="0" skipped="0" time="0.001488">
        <testcase name="testGetSupportedIntegrations" file="/home/morton/apps/Dev/ima_stub/tests/Unit/Service/LMS/Factory/IntegrationFactoryTest.php" line="18" class="Tests\Unit\Service\LMS\Factory\IntegrationFactoryTest" classname="Tests.Unit.Service.LMS.Factory.IntegrationFactoryTest" assertions="4" time="0.000107"/>
        <testcase name="testIsSupported" file="/home/morton/apps/Dev/ima_stub/tests/Unit/Service/LMS/Factory/IntegrationFactoryTest.php" line="28" class="Tests\Unit\Service\LMS\Factory\IntegrationFactoryTest" classname="Tests.Unit.Service.LMS.Factory.IntegrationFactoryTest" assertions="4" time="0.000071"/>
        <testcase name="testCreateOllamaIntegration" file="/home/morton/apps/Dev/ima_stub/tests/Unit/Service/LMS/Factory/IntegrationFactoryTest.php" line="36" class="Tests\Unit\Service\LMS\Factory\IntegrationFactoryTest" classname="Tests.Unit.Service.LMS.Factory.IntegrationFactoryTest" assertions="2" time="0.000060"/>
        <testcase name="testCreateGeminiIntegration" file="/home/morton/apps/Dev/ima_stub/tests/Unit/Service/LMS/Factory/IntegrationFactoryTest.php" line="49" class="Tests\Unit\Service\LMS\Factory\IntegrationFactoryTest" classname="Tests.Unit.Service.LMS.Factory.IntegrationFactoryTest" assertions="2" time="0.000061"/>
        <testcase name="testCreateTencentEduIntegration" file="/home/morton/apps/Dev/ima_stub/tests/Unit/Service/LMS/Factory/IntegrationFactoryTest.php" line="62" class="Tests\Unit\Service\LMS\Factory\IntegrationFactoryTest" classname="Tests.Unit.Service.LMS.Factory.IntegrationFactoryTest" assertions="2" time="0.000088"/>
        <testcase name="testCreateUnsupportedIntegrationThrowsException" file="/home/morton/apps/Dev/ima_stub/tests/Unit/Service/LMS/Factory/IntegrationFactoryTest.php" line="76" class="Tests\Unit\Service\LMS\Factory\IntegrationFactoryTest" classname="Tests.Unit.Service.LMS.Factory.IntegrationFactoryTest" assertions="2" time="0.000085"/>
        <testcase name="testCreateWithInvalidConfigurationThrowsException" file="/home/morton/apps/Dev/ima_stub/tests/Unit/Service/LMS/Factory/IntegrationFactoryTest.php" line="84" class="Tests\Unit\Service\LMS\Factory\IntegrationFactoryTest" classname="Tests.Unit.Service.LMS.Factory.IntegrationFactoryTest" assertions="1" time="0.000072"/>
        <testcase name="testGetIntegrationClass" file="/home/morton/apps/Dev/ima_stub/tests/Unit/Service/LMS/Factory/IntegrationFactoryTest.php" line="92" class="Tests\Unit\Service\LMS\Factory\IntegrationFactoryTest" classname="Tests.Unit.Service.LMS.Factory.IntegrationFactoryTest" assertions="4" time="0.000068"/>
        <testcase name="testCreateFromConfig" file="/home/morton/apps/Dev/ima_stub/tests/Unit/Service/LMS/Factory/IntegrationFactoryTest.php" line="100" class="Tests\Unit\Service\LMS\Factory\IntegrationFactoryTest" classname="Tests.Unit.Service.LMS.Factory.IntegrationFactoryTest" assertions="8" time="0.000142"/>
        <testcase name="testValidateConfig" file="/home/morton/apps/Dev/ima_stub/tests/Unit/Service/LMS/Factory/IntegrationFactoryTest.php" line="141" class="Tests\Unit\Service\LMS\Factory\IntegrationFactoryTest" classname="Tests.Unit.Service.LMS.Factory.IntegrationFactoryTest" assertions="12" time="0.000192"/>
        <testcase name="testRegisterAndUnregisterIntegration" file="/home/morton/apps/Dev/ima_stub/tests/Unit/Service/LMS/Factory/IntegrationFactoryTest.php" line="220" class="Tests\Unit\Service\LMS\Factory\IntegrationFactoryTest" classname="Tests.Unit.Service.LMS.Factory.IntegrationFactoryTest" assertions="4" time="0.000082"/>
        <testcase name="testRegisterInvalidClassThrowsException" file="/home/morton/apps/Dev/ima_stub/tests/Unit/Service/LMS/Factory/IntegrationFactoryTest.php" line="247" class="Tests\Unit\Service\LMS\Factory\IntegrationFactoryTest" classname="Tests.Unit.Service.LMS.Factory.IntegrationFactoryTest" assertions="2" time="0.000087"/>
        <testcase name="testGetIntegrationCapabilities" file="/home/morton/apps/Dev/ima_stub/tests/Unit/Service/LMS/Factory/IntegrationFactoryTest.php" line="184" class="Tests\Unit\Service\LMS\Factory\IntegrationFactoryTest" classname="Tests.Unit.Service.LMS.Factory.IntegrationFactoryTest" assertions="21" time="0.000373"/>
      </testsuite>
      <testsuite name="Tests\Unit\Service\LMS\LMSServiceTest" file="/home/morton/apps/Dev/ima_stub/tests/Unit/Service/LMS/LMSServiceTest.php" tests="19" assertions="69" errors="0" failures="0" skipped="0" time="0.013644">
        <testcase name="testCanBeInstantiated" file="/home/morton/apps/Dev/ima_stub/tests/Unit/Service/LMS/LMSServiceTest.php" line="21" class="Tests\Unit\Service\LMS\LMSServiceTest" classname="Tests.Unit.Service.LMS.LMSServiceTest" assertions="1" time="0.000658"/>
        <testcase name="testGetConfigurationManager" file="/home/morton/apps/Dev/ima_stub/tests/Unit/Service/LMS/LMSServiceTest.php" line="35" class="Tests\Unit\Service\LMS\LMSServiceTest" classname="Tests.Unit.Service.LMS.LMSServiceTest" assertions="1" time="0.000414"/>
        <testcase name="testGetIntegrationRegistry" file="/home/morton/apps/Dev/ima_stub/tests/Unit/Service/LMS/LMSServiceTest.php" line="42" class="Tests\Unit\Service\LMS\LMSServiceTest" classname="Tests.Unit.Service.LMS.LMSServiceTest" assertions="1" time="0.000385"/>
        <testcase name="testGetAvailableIntegrations" file="/home/morton/apps/Dev/ima_stub/tests/Unit/Service/LMS/LMSServiceTest.php" line="49" class="Tests\Unit\Service\LMS\LMSServiceTest" classname="Tests.Unit.Service.LMS.LMSServiceTest" assertions="2" time="0.000406"/>
        <testcase name="testIsIntegrationAvailable" file="/home/morton/apps/Dev/ima_stub/tests/Unit/Service/LMS/LMSServiceTest.php" line="58" class="Tests\Unit\Service\LMS\LMSServiceTest" classname="Tests.Unit.Service.LMS.LMSServiceTest" assertions="2" time="0.000568"/>
        <testcase name="testGenerateContentWithInvalidIntegration" file="/home/morton/apps/Dev/ima_stub/tests/Unit/Service/LMS/LMSServiceTest.php" line="99" class="Tests\Unit\Service\LMS\LMSServiceTest" classname="Tests.Unit.Service.LMS.LMSServiceTest" assertions="8" time="0.000763"/>
        <testcase name="testAnalyzeTextWithInvalidIntegration" file="/home/morton/apps/Dev/ima_stub/tests/Unit/Service/LMS/LMSServiceTest.php" line="165" class="Tests\Unit\Service\LMS\LMSServiceTest" classname="Tests.Unit.Service.LMS.LMSServiceTest" assertions="7" time="0.000619"/>
        <testcase name="testGetBestIntegrationFor" file="/home/morton/apps/Dev/ima_stub/tests/Unit/Service/LMS/LMSServiceTest.php" line="199" class="Tests\Unit\Service\LMS\LMSServiceTest" classname="Tests.Unit.Service.LMS.LMSServiceTest" assertions="1" time="0.000475"/>
        <testcase name="testGetIntegrationCapabilities" file="/home/morton/apps/Dev/ima_stub/tests/Unit/Service/LMS/LMSServiceTest.php" line="209" class="Tests\Unit\Service\LMS\LMSServiceTest" classname="Tests.Unit.Service.LMS.LMSServiceTest" assertions="4" time="0.000580"/>
        <testcase name="testGetStatistics" file="/home/morton/apps/Dev/ima_stub/tests/Unit/Service/LMS/LMSServiceTest.php" line="219" class="Tests\Unit\Service\LMS\LMSServiceTest" classname="Tests.Unit.Service.LMS.LMSServiceTest" assertions="9" time="0.001403"/>
        <testcase name="testGetIntegrationStatus" file="/home/morton/apps/Dev/ima_stub/tests/Unit/Service/LMS/LMSServiceTest.php" line="67" class="Tests\Unit\Service\LMS\LMSServiceTest" classname="Tests.Unit.Service.LMS.LMSServiceTest" assertions="5" time="0.000730"/>
        <testcase name="testCreateCourseWithInvalidIntegration" file="/home/morton/apps/Dev/ima_stub/tests/Unit/Service/LMS/LMSServiceTest.php" line="133" class="Tests\Unit\Service\LMS\LMSServiceTest" classname="Tests.Unit.Service.LMS.LMSServiceTest" assertions="7" time="0.000526"/>
        <testcase name="testInitialize" file="/home/morton/apps/Dev/ima_stub/tests/Unit/Service/LMS/LMSServiceTest.php" line="26" class="Tests\Unit\Service\LMS\LMSServiceTest" classname="Tests.Unit.Service.LMS.LMSServiceTest" assertions="1" time="0.000674"/>
        <testcase name="testCreateCourseWithValidIntegration" file="/home/morton/apps/Dev/ima_stub/tests/Unit/Service/LMS/LMSServiceTest.php" line="116" class="Tests\Unit\Service\LMS\LMSServiceTest" classname="Tests.Unit.Service.LMS.LMSServiceTest" assertions="5" time="0.000850"/>
        <testcase name="testGenerateContentWithFallback" file="/home/morton/apps/Dev/ima_stub/tests/Unit/Service/LMS/LMSServiceTest.php" line="181" class="Tests\Unit\Service\LMS\LMSServiceTest" classname="Tests.Unit.Service.LMS.LMSServiceTest" assertions="2" time="0.001107"/>
        <testcase name="testRefreshHealthStatus" file="/home/morton/apps/Dev/ima_stub/tests/Unit/Service/LMS/LMSServiceTest.php" line="235" class="Tests\Unit\Service\LMS\LMSServiceTest" classname="Tests.Unit.Service.LMS.LMSServiceTest" assertions="1" time="0.000893"/>
        <testcase name="testMultipleInitializationCallsAreSafe" file="/home/morton/apps/Dev/ima_stub/tests/Unit/Service/LMS/LMSServiceTest.php" line="245" class="Tests\Unit\Service\LMS\LMSServiceTest" classname="Tests.Unit.Service.LMS.LMSServiceTest" assertions="2" time="0.000877"/>
        <testcase name="testGenerateContentWithValidIntegration" file="/home/morton/apps/Dev/ima_stub/tests/Unit/Service/LMS/LMSServiceTest.php" line="81" class="Tests\Unit\Service\LMS\LMSServiceTest" classname="Tests.Unit.Service.LMS.LMSServiceTest" assertions="5" time="0.000924"/>
        <testcase name="testAnalyzeTextWithValidIntegration" file="/home/morton/apps/Dev/ima_stub/tests/Unit/Service/LMS/LMSServiceTest.php" line="150" class="Tests\Unit\Service\LMS\LMSServiceTest" classname="Tests.Unit.Service.LMS.LMSServiceTest" assertions="5" time="0.000793"/>
      </testsuite>
    </testsuite>
  </testsuite>
</testsuites>
