<?xml version="1.0" encoding="UTF-8"?>
<testsuites>
  <testsuite name="CLI Arguments" tests="9" assertions="33" errors="0" failures="0" skipped="0" time="0.010795">
    <testsuite name="Tests\Unit\Model\PaymentTest" file="/var/www/html/tests/Unit/Model/PaymentTest.php" tests="3" assertions="13" errors="0" failures="0" skipped="0" time="0.006245">
      <testcase name="testSettersAndGettersWork" file="/var/www/html/tests/Unit/Model/PaymentTest.php" line="10" class="Tests\Unit\Model\PaymentTest" classname="Tests.Unit.Model.PaymentTest" assertions="8" time="0.004034"/>
      <testcase name="testBeforeValidationOnCreateSetsTimestamps" file="/var/www/html/tests/Unit/Model/PaymentTest.php" line="32" class="Tests\Unit\Model\PaymentTest" classname="Tests.Unit.Model.PaymentTest" assertions="4" time="0.002057"/>
      <testcase name="testBeforeValidationOnUpdateSetsUpdatedAt" file="/var/www/html/tests/Unit/Model/PaymentTest.php" line="44" class="Tests\Unit\Model\PaymentTest" classname="Tests.Unit.Model.PaymentTest" assertions="1" time="0.000153"/>
    </testsuite>
    <testsuite name="Tests\Unit\Model\SubscriptionTest" file="/var/www/html/tests/Unit/Model/SubscriptionTest.php" tests="2" assertions="14" errors="0" failures="0" skipped="0" time="0.000697">
      <testcase name="testBeforeValidationOnCreateSetsTimestamps" file="/var/www/html/tests/Unit/Model/SubscriptionTest.php" line="36" class="Tests\Unit\Model\SubscriptionTest" classname="Tests.Unit.Model.SubscriptionTest" assertions="4" time="0.000460"/>
      <testcase name="testSettersAndGettersWork" file="/var/www/html/tests/Unit/Model/SubscriptionTest.php" line="10" class="Tests\Unit\Model\SubscriptionTest" classname="Tests.Unit.Model.SubscriptionTest" assertions="10" time="0.000237"/>
    </testsuite>
    <testsuite name="Tests\Unit\Service\Payment\PaymentServiceMultiProviderTest" file="/var/www/html/tests/Unit/Service/Payment/PaymentServiceMultiProviderTest.php" tests="4" assertions="6" errors="0" failures="0" skipped="0" time="0.003853">
      <testcase name="testCanSwitchProvider" file="/var/www/html/tests/Unit/Service/Payment/PaymentServiceMultiProviderTest.php" line="37" class="Tests\Unit\Service\Payment\PaymentServiceMultiProviderTest" classname="Tests.Unit.Service.Payment.PaymentServiceMultiProviderTest" assertions="1" time="0.002013"/>
      <testcase name="testThrowsExceptionOnInvalidProvider" file="/var/www/html/tests/Unit/Service/Payment/PaymentServiceMultiProviderTest.php" line="47" class="Tests\Unit\Service\Payment\PaymentServiceMultiProviderTest" classname="Tests.Unit.Service.Payment.PaymentServiceMultiProviderTest" assertions="1" time="0.000907"/>
      <testcase name="testCanGetAvailableProviders" file="/var/www/html/tests/Unit/Service/Payment/PaymentServiceMultiProviderTest.php" line="27" class="Tests\Unit\Service\Payment\PaymentServiceMultiProviderTest" classname="Tests.Unit.Service.Payment.PaymentServiceMultiProviderTest" assertions="3" time="0.000600"/>
      <testcase name="testCanInstantiateService" file="/var/www/html/tests/Unit/Service/Payment/PaymentServiceMultiProviderTest.php" line="21" class="Tests\Unit\Service\Payment\PaymentServiceMultiProviderTest" classname="Tests.Unit.Service.Payment.PaymentServiceMultiProviderTest" assertions="1" time="0.000333"/>
    </testsuite>
  </testsuite>
</testsuites>
