<?xml version="1.0" encoding="UTF-8"?>
<testsuites>
  <testsuite name="/home/morton/apps/dev/ima_stub/phpunit.xml" tests="88" assertions="318" errors="5" failures="0" skipped="0" time="0.046537">
    <testsuite name="LMS" tests="40" assertions="154" errors="0" failures="0" skipped="0" time="0.026683">
      <testsuite name="Tests\Unit\Service\LMS\Configuration\ConfigurationManagerTest" file="/home/morton/apps/dev/ima_stub/tests/Unit/Service/LMS/Configuration/ConfigurationManagerTest.php" tests="8" assertions="17" errors="0" failures="0" skipped="0" time="0.002887">
        <testcase name="testCanBeInstantiated" file="/home/morton/apps/dev/ima_stub/tests/Unit/Service/LMS/Configuration/ConfigurationManagerTest.php" line="18" class="Tests\Unit\Service\LMS\Configuration\ConfigurationManagerTest" classname="Tests.Unit.Service.LMS.Configuration.ConfigurationManagerTest" assertions="1" time="0.001525"/>
        <testcase name="testGetAllConfigurations" file="/home/morton/apps/dev/ima_stub/tests/Unit/Service/LMS/Configuration/ConfigurationManagerTest.php" line="23" class="Tests\Unit\Service\LMS\Configuration\ConfigurationManagerTest" classname="Tests.Unit.Service.LMS.Configuration.ConfigurationManagerTest" assertions="4" time="0.000602"/>
        <testcase name="testGetIntegrationConfig" file="/home/morton/apps/dev/ima_stub/tests/Unit/Service/LMS/Configuration/ConfigurationManagerTest.php" line="33" class="Tests\Unit\Service\LMS\Configuration\ConfigurationManagerTest" classname="Tests.Unit.Service.LMS.Configuration.ConfigurationManagerTest" assertions="4" time="0.000122"/>
        <testcase name="testIsIntegrationEnabled" file="/home/morton/apps/dev/ima_stub/tests/Unit/Service/LMS/Configuration/ConfigurationManagerTest.php" line="43" class="Tests\Unit\Service\LMS\Configuration\ConfigurationManagerTest" classname="Tests.Unit.Service.LMS.Configuration.ConfigurationManagerTest" assertions="2" time="0.000155"/>
        <testcase name="testGetEnabledIntegrations" file="/home/morton/apps/dev/ima_stub/tests/Unit/Service/LMS/Configuration/ConfigurationManagerTest.php" line="52" class="Tests\Unit\Service\LMS\Configuration\ConfigurationManagerTest" classname="Tests.Unit.Service.LMS.Configuration.ConfigurationManagerTest" assertions="2" time="0.000186"/>
        <testcase name="testValidateConfiguration" file="/home/morton/apps/dev/ima_stub/tests/Unit/Service/LMS/Configuration/ConfigurationManagerTest.php" line="60" class="Tests\Unit\Service\LMS\Configuration\ConfigurationManagerTest" classname="Tests.Unit.Service.LMS.Configuration.ConfigurationManagerTest" assertions="1" time="0.000076"/>
        <testcase name="testGetNonExistentIntegrationConfig" file="/home/morton/apps/dev/ima_stub/tests/Unit/Service/LMS/Configuration/ConfigurationManagerTest.php" line="69" class="Tests\Unit\Service\LMS\Configuration\ConfigurationManagerTest" classname="Tests.Unit.Service.LMS.Configuration.ConfigurationManagerTest" assertions="2" time="0.000150"/>
        <testcase name="testIsNonExistentIntegrationEnabled" file="/home/morton/apps/dev/ima_stub/tests/Unit/Service/LMS/Configuration/ConfigurationManagerTest.php" line="77" class="Tests\Unit\Service\LMS\Configuration\ConfigurationManagerTest" classname="Tests.Unit.Service.LMS.Configuration.ConfigurationManagerTest" assertions="1" time="0.000070"/>
      </testsuite>
      <testsuite name="Tests\Unit\Service\LMS\Factory\IntegrationFactoryTest" file="/home/morton/apps/dev/ima_stub/tests/Unit/Service/LMS/Factory/IntegrationFactoryTest.php" tests="13" assertions="68" errors="0" failures="0" skipped="0" time="0.003700">
        <testcase name="testGetSupportedIntegrations" file="/home/morton/apps/dev/ima_stub/tests/Unit/Service/LMS/Factory/IntegrationFactoryTest.php" line="18" class="Tests\Unit\Service\LMS\Factory\IntegrationFactoryTest" classname="Tests.Unit.Service.LMS.Factory.IntegrationFactoryTest" assertions="4" time="0.000287"/>
        <testcase name="testIsSupported" file="/home/morton/apps/dev/ima_stub/tests/Unit/Service/LMS/Factory/IntegrationFactoryTest.php" line="28" class="Tests\Unit\Service\LMS\Factory\IntegrationFactoryTest" classname="Tests.Unit.Service.LMS.Factory.IntegrationFactoryTest" assertions="4" time="0.000073"/>
        <testcase name="testCreateOllamaIntegration" file="/home/morton/apps/dev/ima_stub/tests/Unit/Service/LMS/Factory/IntegrationFactoryTest.php" line="36" class="Tests\Unit\Service\LMS\Factory\IntegrationFactoryTest" classname="Tests.Unit.Service.LMS.Factory.IntegrationFactoryTest" assertions="2" time="0.000319"/>
        <testcase name="testCreateGeminiIntegration" file="/home/morton/apps/dev/ima_stub/tests/Unit/Service/LMS/Factory/IntegrationFactoryTest.php" line="49" class="Tests\Unit\Service\LMS\Factory\IntegrationFactoryTest" classname="Tests.Unit.Service.LMS.Factory.IntegrationFactoryTest" assertions="2" time="0.000228"/>
        <testcase name="testCreateTencentEduIntegration" file="/home/morton/apps/dev/ima_stub/tests/Unit/Service/LMS/Factory/IntegrationFactoryTest.php" line="62" class="Tests\Unit\Service\LMS\Factory\IntegrationFactoryTest" classname="Tests.Unit.Service.LMS.Factory.IntegrationFactoryTest" assertions="2" time="0.000533"/>
        <testcase name="testCreateUnsupportedIntegrationThrowsException" file="/home/morton/apps/dev/ima_stub/tests/Unit/Service/LMS/Factory/IntegrationFactoryTest.php" line="76" class="Tests\Unit\Service\LMS\Factory\IntegrationFactoryTest" classname="Tests.Unit.Service.LMS.Factory.IntegrationFactoryTest" assertions="2" time="0.000379"/>
        <testcase name="testCreateWithInvalidConfigurationThrowsException" file="/home/morton/apps/dev/ima_stub/tests/Unit/Service/LMS/Factory/IntegrationFactoryTest.php" line="84" class="Tests\Unit\Service\LMS\Factory\IntegrationFactoryTest" classname="Tests.Unit.Service.LMS.Factory.IntegrationFactoryTest" assertions="1" time="0.000142"/>
        <testcase name="testGetIntegrationClass" file="/home/morton/apps/dev/ima_stub/tests/Unit/Service/LMS/Factory/IntegrationFactoryTest.php" line="92" class="Tests\Unit\Service\LMS\Factory\IntegrationFactoryTest" classname="Tests.Unit.Service.LMS.Factory.IntegrationFactoryTest" assertions="4" time="0.000199"/>
        <testcase name="testCreateFromConfig" file="/home/morton/apps/dev/ima_stub/tests/Unit/Service/LMS/Factory/IntegrationFactoryTest.php" line="100" class="Tests\Unit\Service\LMS\Factory\IntegrationFactoryTest" classname="Tests.Unit.Service.LMS.Factory.IntegrationFactoryTest" assertions="8" time="0.000430"/>
        <testcase name="testValidateConfig" file="/home/morton/apps/dev/ima_stub/tests/Unit/Service/LMS/Factory/IntegrationFactoryTest.php" line="141" class="Tests\Unit\Service\LMS\Factory\IntegrationFactoryTest" classname="Tests.Unit.Service.LMS.Factory.IntegrationFactoryTest" assertions="12" time="0.000199"/>
        <testcase name="testGetIntegrationCapabilities" file="/home/morton/apps/dev/ima_stub/tests/Unit/Service/LMS/Factory/IntegrationFactoryTest.php" line="184" class="Tests\Unit\Service\LMS\Factory\IntegrationFactoryTest" classname="Tests.Unit.Service.LMS.Factory.IntegrationFactoryTest" assertions="21" time="0.000750"/>
        <testcase name="testRegisterAndUnregisterIntegration" file="/home/morton/apps/dev/ima_stub/tests/Unit/Service/LMS/Factory/IntegrationFactoryTest.php" line="220" class="Tests\Unit\Service\LMS\Factory\IntegrationFactoryTest" classname="Tests.Unit.Service.LMS.Factory.IntegrationFactoryTest" assertions="4" time="0.000086"/>
        <testcase name="testRegisterInvalidClassThrowsException" file="/home/morton/apps/dev/ima_stub/tests/Unit/Service/LMS/Factory/IntegrationFactoryTest.php" line="247" class="Tests\Unit\Service\LMS\Factory\IntegrationFactoryTest" classname="Tests.Unit.Service.LMS.Factory.IntegrationFactoryTest" assertions="2" time="0.000076"/>
      </testsuite>
      <testsuite name="Tests\Unit\Service\LMS\LMSServiceTest" file="/home/morton/apps/dev/ima_stub/tests/Unit/Service/LMS/LMSServiceTest.php" tests="19" assertions="69" errors="0" failures="0" skipped="0" time="0.020096">
        <testcase name="testCanBeInstantiated" file="/home/morton/apps/dev/ima_stub/tests/Unit/Service/LMS/LMSServiceTest.php" line="21" class="Tests\Unit\Service\LMS\LMSServiceTest" classname="Tests.Unit.Service.LMS.LMSServiceTest" assertions="1" time="0.008738"/>
        <testcase name="testInitialize" file="/home/morton/apps/dev/ima_stub/tests/Unit/Service/LMS/LMSServiceTest.php" line="26" class="Tests\Unit\Service\LMS\LMSServiceTest" classname="Tests.Unit.Service.LMS.LMSServiceTest" assertions="1" time="0.000913"/>
        <testcase name="testGetConfigurationManager" file="/home/morton/apps/dev/ima_stub/tests/Unit/Service/LMS/LMSServiceTest.php" line="35" class="Tests\Unit\Service\LMS\LMSServiceTest" classname="Tests.Unit.Service.LMS.LMSServiceTest" assertions="1" time="0.000517"/>
        <testcase name="testGetIntegrationRegistry" file="/home/morton/apps/dev/ima_stub/tests/Unit/Service/LMS/LMSServiceTest.php" line="42" class="Tests\Unit\Service\LMS\LMSServiceTest" classname="Tests.Unit.Service.LMS.LMSServiceTest" assertions="1" time="0.000496"/>
        <testcase name="testGetAvailableIntegrations" file="/home/morton/apps/dev/ima_stub/tests/Unit/Service/LMS/LMSServiceTest.php" line="49" class="Tests\Unit\Service\LMS\LMSServiceTest" classname="Tests.Unit.Service.LMS.LMSServiceTest" assertions="2" time="0.000470"/>
        <testcase name="testIsIntegrationAvailable" file="/home/morton/apps/dev/ima_stub/tests/Unit/Service/LMS/LMSServiceTest.php" line="58" class="Tests\Unit\Service\LMS\LMSServiceTest" classname="Tests.Unit.Service.LMS.LMSServiceTest" assertions="2" time="0.000451"/>
        <testcase name="testGetIntegrationStatus" file="/home/morton/apps/dev/ima_stub/tests/Unit/Service/LMS/LMSServiceTest.php" line="67" class="Tests\Unit\Service\LMS\LMSServiceTest" classname="Tests.Unit.Service.LMS.LMSServiceTest" assertions="5" time="0.000715"/>
        <testcase name="testGenerateContentWithValidIntegration" file="/home/morton/apps/dev/ima_stub/tests/Unit/Service/LMS/LMSServiceTest.php" line="81" class="Tests\Unit\Service\LMS\LMSServiceTest" classname="Tests.Unit.Service.LMS.LMSServiceTest" assertions="5" time="0.000938"/>
        <testcase name="testGenerateContentWithInvalidIntegration" file="/home/morton/apps/dev/ima_stub/tests/Unit/Service/LMS/LMSServiceTest.php" line="99" class="Tests\Unit\Service\LMS\LMSServiceTest" classname="Tests.Unit.Service.LMS.LMSServiceTest" assertions="8" time="0.000548"/>
        <testcase name="testCreateCourseWithValidIntegration" file="/home/morton/apps/dev/ima_stub/tests/Unit/Service/LMS/LMSServiceTest.php" line="116" class="Tests\Unit\Service\LMS\LMSServiceTest" classname="Tests.Unit.Service.LMS.LMSServiceTest" assertions="5" time="0.000983"/>
        <testcase name="testCreateCourseWithInvalidIntegration" file="/home/morton/apps/dev/ima_stub/tests/Unit/Service/LMS/LMSServiceTest.php" line="133" class="Tests\Unit\Service\LMS\LMSServiceTest" classname="Tests.Unit.Service.LMS.LMSServiceTest" assertions="7" time="0.000637"/>
        <testcase name="testAnalyzeTextWithValidIntegration" file="/home/morton/apps/dev/ima_stub/tests/Unit/Service/LMS/LMSServiceTest.php" line="150" class="Tests\Unit\Service\LMS\LMSServiceTest" classname="Tests.Unit.Service.LMS.LMSServiceTest" assertions="5" time="0.000779"/>
        <testcase name="testAnalyzeTextWithInvalidIntegration" file="/home/morton/apps/dev/ima_stub/tests/Unit/Service/LMS/LMSServiceTest.php" line="165" class="Tests\Unit\Service\LMS\LMSServiceTest" classname="Tests.Unit.Service.LMS.LMSServiceTest" assertions="7" time="0.000486"/>
        <testcase name="testGenerateContentWithFallback" file="/home/morton/apps/dev/ima_stub/tests/Unit/Service/LMS/LMSServiceTest.php" line="181" class="Tests\Unit\Service\LMS\LMSServiceTest" classname="Tests.Unit.Service.LMS.LMSServiceTest" assertions="2" time="0.000701"/>
        <testcase name="testGetBestIntegrationFor" file="/home/morton/apps/dev/ima_stub/tests/Unit/Service/LMS/LMSServiceTest.php" line="199" class="Tests\Unit\Service\LMS\LMSServiceTest" classname="Tests.Unit.Service.LMS.LMSServiceTest" assertions="1" time="0.000389"/>
        <testcase name="testGetIntegrationCapabilities" file="/home/morton/apps/dev/ima_stub/tests/Unit/Service/LMS/LMSServiceTest.php" line="209" class="Tests\Unit\Service\LMS\LMSServiceTest" classname="Tests.Unit.Service.LMS.LMSServiceTest" assertions="4" time="0.000499"/>
        <testcase name="testGetStatistics" file="/home/morton/apps/dev/ima_stub/tests/Unit/Service/LMS/LMSServiceTest.php" line="219" class="Tests\Unit\Service\LMS\LMSServiceTest" classname="Tests.Unit.Service.LMS.LMSServiceTest" assertions="9" time="0.000459"/>
        <testcase name="testRefreshHealthStatus" file="/home/morton/apps/dev/ima_stub/tests/Unit/Service/LMS/LMSServiceTest.php" line="235" class="Tests\Unit\Service\LMS\LMSServiceTest" classname="Tests.Unit.Service.LMS.LMSServiceTest" assertions="1" time="0.000678"/>
        <testcase name="testMultipleInitializationCallsAreSafe" file="/home/morton/apps/dev/ima_stub/tests/Unit/Service/LMS/LMSServiceTest.php" line="245" class="Tests\Unit\Service\LMS\LMSServiceTest" classname="Tests.Unit.Service.LMS.LMSServiceTest" assertions="2" time="0.000700"/>
      </testsuite>
    </testsuite>
    <testsuite name="Unit" tests="48" assertions="164" errors="5" failures="0" skipped="0" time="0.019854">
      <testsuite name="Tests\Unit\Core\SSE\SseEmitterTest" file="/home/morton/apps/dev/ima_stub/tests/Unit/Core/SSE/SseEmitterTest.php" tests="3" assertions="10" errors="0" failures="0" skipped="0" time="0.000906">
        <testcase name="testStartSetsHeadersAndOptionalRetry" file="/home/morton/apps/dev/ima_stub/tests/Unit/Core/SSE/SseEmitterTest.php" line="11" class="Tests\Unit\Core\SSE\SseEmitterTest" classname="Tests.Unit.Core.SSE.SseEmitterTest" assertions="5" time="0.000726"/>
        <testcase name="testSendFormatsEventIdAndJsonData" file="/home/morton/apps/dev/ima_stub/tests/Unit/Core/SSE/SseEmitterTest.php" line="27" class="Tests\Unit\Core\SSE\SseEmitterTest" classname="Tests.Unit.Core.SSE.SseEmitterTest" assertions="3" time="0.000103"/>
        <testcase name="testCommentAndHeartbeat" file="/home/morton/apps/dev/ima_stub/tests/Unit/Core/SSE/SseEmitterTest.php" line="41" class="Tests\Unit\Core\SSE\SseEmitterTest" classname="Tests.Unit.Core.SSE.SseEmitterTest" assertions="2" time="0.000077"/>
      </testsuite>
      <testsuite name="Tests\Unit\Model\ErrorLogTest" file="/home/morton/apps/dev/ima_stub/tests/Unit/Model/ErrorLogTest.php" tests="3" assertions="0" errors="3" failures="0" skipped="0" time="0.003126">
        <testcase name="testSettersAndGettersWork" file="/home/morton/apps/dev/ima_stub/tests/Unit/Model/ErrorLogTest.php" line="10" class="Tests\Unit\Model\ErrorLogTest" classname="Tests.Unit.Model.ErrorLogTest" assertions="0" time="0.002704">
          <error type="Error">Tests\Unit\Model\ErrorLogTest::testSettersAndGettersWork
Error: Class "Phalcon\Mvc\Model" not found

/home/morton/apps/dev/ima_stub/IamLab/Model/ErrorLog.php:7
/home/morton/apps/dev/ima_stub/tests/Unit/Model/ErrorLogTest.php:12</error>
        </testcase>
        <testcase name="testSetContextJsonRoundTrip" file="/home/morton/apps/dev/ima_stub/tests/Unit/Model/ErrorLogTest.php" line="31" class="Tests\Unit\Model\ErrorLogTest" classname="Tests.Unit.Model.ErrorLogTest" assertions="0" time="0.000214">
          <error type="Error">Tests\Unit\Model\ErrorLogTest::testSetContextJsonRoundTrip
Error: Class "Phalcon\Mvc\Model" not found

/home/morton/apps/dev/ima_stub/IamLab/Model/ErrorLog.php:7
/home/morton/apps/dev/ima_stub/tests/Unit/Model/ErrorLogTest.php:34</error>
        </testcase>
        <testcase name="testBeforeValidationOnCreateSetsCreatedAt" file="/home/morton/apps/dev/ima_stub/tests/Unit/Model/ErrorLogTest.php" line="40" class="Tests\Unit\Model\ErrorLogTest" classname="Tests.Unit.Model.ErrorLogTest" assertions="0" time="0.000208">
          <error type="Error">Tests\Unit\Model\ErrorLogTest::testBeforeValidationOnCreateSetsCreatedAt
Error: Class "Phalcon\Mvc\Model" not found

/home/morton/apps/dev/ima_stub/IamLab/Model/ErrorLog.php:7
/home/morton/apps/dev/ima_stub/tests/Unit/Model/ErrorLogTest.php:42</error>
        </testcase>
      </testsuite>
      <testsuite name="Tests\Unit\Service\LMS\Configuration\ConfigurationManagerTest" file="/home/morton/apps/dev/ima_stub/tests/Unit/Service/LMS/Configuration/ConfigurationManagerTest.php" tests="8" assertions="17" errors="0" failures="0" skipped="0" time="0.000852">
        <testcase name="testCanBeInstantiated" file="/home/morton/apps/dev/ima_stub/tests/Unit/Service/LMS/Configuration/ConfigurationManagerTest.php" line="18" class="Tests\Unit\Service\LMS\Configuration\ConfigurationManagerTest" classname="Tests.Unit.Service.LMS.Configuration.ConfigurationManagerTest" assertions="1" time="0.000119"/>
        <testcase name="testGetAllConfigurations" file="/home/morton/apps/dev/ima_stub/tests/Unit/Service/LMS/Configuration/ConfigurationManagerTest.php" line="23" class="Tests\Unit\Service\LMS\Configuration\ConfigurationManagerTest" classname="Tests.Unit.Service.LMS.Configuration.ConfigurationManagerTest" assertions="4" time="0.000189"/>
        <testcase name="testGetIntegrationConfig" file="/home/morton/apps/dev/ima_stub/tests/Unit/Service/LMS/Configuration/ConfigurationManagerTest.php" line="33" class="Tests\Unit\Service\LMS\Configuration\ConfigurationManagerTest" classname="Tests.Unit.Service.LMS.Configuration.ConfigurationManagerTest" assertions="4" time="0.000117"/>
        <testcase name="testIsIntegrationEnabled" file="/home/morton/apps/dev/ima_stub/tests/Unit/Service/LMS/Configuration/ConfigurationManagerTest.php" line="43" class="Tests\Unit\Service\LMS\Configuration\ConfigurationManagerTest" classname="Tests.Unit.Service.LMS.Configuration.ConfigurationManagerTest" assertions="2" time="0.000077"/>
        <testcase name="testGetEnabledIntegrations" file="/home/morton/apps/dev/ima_stub/tests/Unit/Service/LMS/Configuration/ConfigurationManagerTest.php" line="52" class="Tests\Unit\Service\LMS\Configuration\ConfigurationManagerTest" classname="Tests.Unit.Service.LMS.Configuration.ConfigurationManagerTest" assertions="2" time="0.000090"/>
        <testcase name="testValidateConfiguration" file="/home/morton/apps/dev/ima_stub/tests/Unit/Service/LMS/Configuration/ConfigurationManagerTest.php" line="60" class="Tests\Unit\Service\LMS\Configuration\ConfigurationManagerTest" classname="Tests.Unit.Service.LMS.Configuration.ConfigurationManagerTest" assertions="1" time="0.000076"/>
        <testcase name="testGetNonExistentIntegrationConfig" file="/home/morton/apps/dev/ima_stub/tests/Unit/Service/LMS/Configuration/ConfigurationManagerTest.php" line="69" class="Tests\Unit\Service\LMS\Configuration\ConfigurationManagerTest" classname="Tests.Unit.Service.LMS.Configuration.ConfigurationManagerTest" assertions="2" time="0.000106"/>
        <testcase name="testIsNonExistentIntegrationEnabled" file="/home/morton/apps/dev/ima_stub/tests/Unit/Service/LMS/Configuration/ConfigurationManagerTest.php" line="77" class="Tests\Unit\Service\LMS\Configuration\ConfigurationManagerTest" classname="Tests.Unit.Service.LMS.Configuration.ConfigurationManagerTest" assertions="1" time="0.000077"/>
      </testsuite>
      <testsuite name="Tests\Unit\Service\LMS\Factory\IntegrationFactoryTest" file="/home/morton/apps/dev/ima_stub/tests/Unit/Service/LMS/Factory/IntegrationFactoryTest.php" tests="13" assertions="68" errors="0" failures="0" skipped="0" time="0.001652">
        <testcase name="testGetSupportedIntegrations" file="/home/morton/apps/dev/ima_stub/tests/Unit/Service/LMS/Factory/IntegrationFactoryTest.php" line="18" class="Tests\Unit\Service\LMS\Factory\IntegrationFactoryTest" classname="Tests.Unit.Service.LMS.Factory.IntegrationFactoryTest" assertions="4" time="0.000134"/>
        <testcase name="testIsSupported" file="/home/morton/apps/dev/ima_stub/tests/Unit/Service/LMS/Factory/IntegrationFactoryTest.php" line="28" class="Tests\Unit\Service\LMS\Factory\IntegrationFactoryTest" classname="Tests.Unit.Service.LMS.Factory.IntegrationFactoryTest" assertions="4" time="0.000073"/>
        <testcase name="testCreateOllamaIntegration" file="/home/morton/apps/dev/ima_stub/tests/Unit/Service/LMS/Factory/IntegrationFactoryTest.php" line="36" class="Tests\Unit\Service\LMS\Factory\IntegrationFactoryTest" classname="Tests.Unit.Service.LMS.Factory.IntegrationFactoryTest" assertions="2" time="0.000066"/>
        <testcase name="testCreateGeminiIntegration" file="/home/morton/apps/dev/ima_stub/tests/Unit/Service/LMS/Factory/IntegrationFactoryTest.php" line="49" class="Tests\Unit\Service\LMS\Factory\IntegrationFactoryTest" classname="Tests.Unit.Service.LMS.Factory.IntegrationFactoryTest" assertions="2" time="0.000060"/>
        <testcase name="testCreateTencentEduIntegration" file="/home/morton/apps/dev/ima_stub/tests/Unit/Service/LMS/Factory/IntegrationFactoryTest.php" line="62" class="Tests\Unit\Service\LMS\Factory\IntegrationFactoryTest" classname="Tests.Unit.Service.LMS.Factory.IntegrationFactoryTest" assertions="2" time="0.000112"/>
        <testcase name="testCreateUnsupportedIntegrationThrowsException" file="/home/morton/apps/dev/ima_stub/tests/Unit/Service/LMS/Factory/IntegrationFactoryTest.php" line="76" class="Tests\Unit\Service\LMS\Factory\IntegrationFactoryTest" classname="Tests.Unit.Service.LMS.Factory.IntegrationFactoryTest" assertions="2" time="0.000096"/>
        <testcase name="testCreateWithInvalidConfigurationThrowsException" file="/home/morton/apps/dev/ima_stub/tests/Unit/Service/LMS/Factory/IntegrationFactoryTest.php" line="84" class="Tests\Unit\Service\LMS\Factory\IntegrationFactoryTest" classname="Tests.Unit.Service.LMS.Factory.IntegrationFactoryTest" assertions="1" time="0.000090"/>
        <testcase name="testGetIntegrationClass" file="/home/morton/apps/dev/ima_stub/tests/Unit/Service/LMS/Factory/IntegrationFactoryTest.php" line="92" class="Tests\Unit\Service\LMS\Factory\IntegrationFactoryTest" classname="Tests.Unit.Service.LMS.Factory.IntegrationFactoryTest" assertions="4" time="0.000087"/>
        <testcase name="testCreateFromConfig" file="/home/morton/apps/dev/ima_stub/tests/Unit/Service/LMS/Factory/IntegrationFactoryTest.php" line="100" class="Tests\Unit\Service\LMS\Factory\IntegrationFactoryTest" classname="Tests.Unit.Service.LMS.Factory.IntegrationFactoryTest" assertions="8" time="0.000155"/>
        <testcase name="testValidateConfig" file="/home/morton/apps/dev/ima_stub/tests/Unit/Service/LMS/Factory/IntegrationFactoryTest.php" line="141" class="Tests\Unit\Service\LMS\Factory\IntegrationFactoryTest" classname="Tests.Unit.Service.LMS.Factory.IntegrationFactoryTest" assertions="12" time="0.000179"/>
        <testcase name="testGetIntegrationCapabilities" file="/home/morton/apps/dev/ima_stub/tests/Unit/Service/LMS/Factory/IntegrationFactoryTest.php" line="184" class="Tests\Unit\Service\LMS\Factory\IntegrationFactoryTest" classname="Tests.Unit.Service.LMS.Factory.IntegrationFactoryTest" assertions="21" time="0.000406"/>
        <testcase name="testRegisterAndUnregisterIntegration" file="/home/morton/apps/dev/ima_stub/tests/Unit/Service/LMS/Factory/IntegrationFactoryTest.php" line="220" class="Tests\Unit\Service\LMS\Factory\IntegrationFactoryTest" classname="Tests.Unit.Service.LMS.Factory.IntegrationFactoryTest" assertions="4" time="0.000102"/>
        <testcase name="testRegisterInvalidClassThrowsException" file="/home/morton/apps/dev/ima_stub/tests/Unit/Service/LMS/Factory/IntegrationFactoryTest.php" line="247" class="Tests\Unit\Service\LMS\Factory\IntegrationFactoryTest" classname="Tests.Unit.Service.LMS.Factory.IntegrationFactoryTest" assertions="2" time="0.000092"/>
      </testsuite>
      <testsuite name="Tests\Unit\Service\LMS\LMSServiceTest" file="/home/morton/apps/dev/ima_stub/tests/Unit/Service/LMS/LMSServiceTest.php" tests="19" assertions="69" errors="0" failures="0" skipped="0" time="0.012116">
        <testcase name="testCanBeInstantiated" file="/home/morton/apps/dev/ima_stub/tests/Unit/Service/LMS/LMSServiceTest.php" line="21" class="Tests\Unit\Service\LMS\LMSServiceTest" classname="Tests.Unit.Service.LMS.LMSServiceTest" assertions="1" time="0.000508"/>
        <testcase name="testInitialize" file="/home/morton/apps/dev/ima_stub/tests/Unit/Service/LMS/LMSServiceTest.php" line="26" class="Tests\Unit\Service\LMS\LMSServiceTest" classname="Tests.Unit.Service.LMS.LMSServiceTest" assertions="1" time="0.001015"/>
        <testcase name="testGetConfigurationManager" file="/home/morton/apps/dev/ima_stub/tests/Unit/Service/LMS/LMSServiceTest.php" line="35" class="Tests\Unit\Service\LMS\LMSServiceTest" classname="Tests.Unit.Service.LMS.LMSServiceTest" assertions="1" time="0.000407"/>
        <testcase name="testGetIntegrationRegistry" file="/home/morton/apps/dev/ima_stub/tests/Unit/Service/LMS/LMSServiceTest.php" line="42" class="Tests\Unit\Service\LMS\LMSServiceTest" classname="Tests.Unit.Service.LMS.LMSServiceTest" assertions="1" time="0.000426"/>
        <testcase name="testGetAvailableIntegrations" file="/home/morton/apps/dev/ima_stub/tests/Unit/Service/LMS/LMSServiceTest.php" line="49" class="Tests\Unit\Service\LMS\LMSServiceTest" classname="Tests.Unit.Service.LMS.LMSServiceTest" assertions="2" time="0.000467"/>
        <testcase name="testIsIntegrationAvailable" file="/home/morton/apps/dev/ima_stub/tests/Unit/Service/LMS/LMSServiceTest.php" line="58" class="Tests\Unit\Service\LMS\LMSServiceTest" classname="Tests.Unit.Service.LMS.LMSServiceTest" assertions="2" time="0.000421"/>
        <testcase name="testGetIntegrationStatus" file="/home/morton/apps/dev/ima_stub/tests/Unit/Service/LMS/LMSServiceTest.php" line="67" class="Tests\Unit\Service\LMS\LMSServiceTest" classname="Tests.Unit.Service.LMS.LMSServiceTest" assertions="5" time="0.000888"/>
        <testcase name="testGenerateContentWithValidIntegration" file="/home/morton/apps/dev/ima_stub/tests/Unit/Service/LMS/LMSServiceTest.php" line="81" class="Tests\Unit\Service\LMS\LMSServiceTest" classname="Tests.Unit.Service.LMS.LMSServiceTest" assertions="5" time="0.000975"/>
        <testcase name="testGenerateContentWithInvalidIntegration" file="/home/morton/apps/dev/ima_stub/tests/Unit/Service/LMS/LMSServiceTest.php" line="99" class="Tests\Unit\Service\LMS\LMSServiceTest" classname="Tests.Unit.Service.LMS.LMSServiceTest" assertions="8" time="0.000631"/>
        <testcase name="testCreateCourseWithValidIntegration" file="/home/morton/apps/dev/ima_stub/tests/Unit/Service/LMS/LMSServiceTest.php" line="116" class="Tests\Unit\Service\LMS\LMSServiceTest" classname="Tests.Unit.Service.LMS.LMSServiceTest" assertions="5" time="0.000906"/>
        <testcase name="testCreateCourseWithInvalidIntegration" file="/home/morton/apps/dev/ima_stub/tests/Unit/Service/LMS/LMSServiceTest.php" line="133" class="Tests\Unit\Service\LMS\LMSServiceTest" classname="Tests.Unit.Service.LMS.LMSServiceTest" assertions="7" time="0.000522"/>
        <testcase name="testAnalyzeTextWithValidIntegration" file="/home/morton/apps/dev/ima_stub/tests/Unit/Service/LMS/LMSServiceTest.php" line="150" class="Tests\Unit\Service\LMS\LMSServiceTest" classname="Tests.Unit.Service.LMS.LMSServiceTest" assertions="5" time="0.000802"/>
        <testcase name="testAnalyzeTextWithInvalidIntegration" file="/home/morton/apps/dev/ima_stub/tests/Unit/Service/LMS/LMSServiceTest.php" line="165" class="Tests\Unit\Service\LMS\LMSServiceTest" classname="Tests.Unit.Service.LMS.LMSServiceTest" assertions="7" time="0.000516"/>
        <testcase name="testGenerateContentWithFallback" file="/home/morton/apps/dev/ima_stub/tests/Unit/Service/LMS/LMSServiceTest.php" line="181" class="Tests\Unit\Service\LMS\LMSServiceTest" classname="Tests.Unit.Service.LMS.LMSServiceTest" assertions="2" time="0.000757"/>
        <testcase name="testGetBestIntegrationFor" file="/home/morton/apps/dev/ima_stub/tests/Unit/Service/LMS/LMSServiceTest.php" line="199" class="Tests\Unit\Service\LMS\LMSServiceTest" classname="Tests.Unit.Service.LMS.LMSServiceTest" assertions="1" time="0.000403"/>
        <testcase name="testGetIntegrationCapabilities" file="/home/morton/apps/dev/ima_stub/tests/Unit/Service/LMS/LMSServiceTest.php" line="209" class="Tests\Unit\Service\LMS\LMSServiceTest" classname="Tests.Unit.Service.LMS.LMSServiceTest" assertions="4" time="0.000527"/>
        <testcase name="testGetStatistics" file="/home/morton/apps/dev/ima_stub/tests/Unit/Service/LMS/LMSServiceTest.php" line="219" class="Tests\Unit\Service\LMS\LMSServiceTest" classname="Tests.Unit.Service.LMS.LMSServiceTest" assertions="9" time="0.000485"/>
        <testcase name="testRefreshHealthStatus" file="/home/morton/apps/dev/ima_stub/tests/Unit/Service/LMS/LMSServiceTest.php" line="235" class="Tests\Unit\Service\LMS\LMSServiceTest" classname="Tests.Unit.Service.LMS.LMSServiceTest" assertions="1" time="0.000710"/>
        <testcase name="testMultipleInitializationCallsAreSafe" file="/home/morton/apps/dev/ima_stub/tests/Unit/Service/LMS/LMSServiceTest.php" line="245" class="Tests\Unit\Service\LMS\LMSServiceTest" classname="Tests.Unit.Service.LMS.LMSServiceTest" assertions="2" time="0.000752"/>
      </testsuite>
      <testsuite name="Tests\Unit\Service\SseApiTest" file="/home/morton/apps/dev/ima_stub/tests/Unit/Service/SseApiTest.php" tests="2" assertions="0" errors="2" failures="0" skipped="0" time="0.001203">
        <testcase name="testEchoActionOutputsSingleEvent" file="/home/morton/apps/dev/ima_stub/tests/Unit/Service/SseApiTest.php" line="12" class="Tests\Unit\Service\SseApiTest" classname="Tests.Unit.Service.SseApiTest" assertions="0" time="0.000723">
          <error type="Error">Tests\Unit\Service\SseApiTest::testEchoActionOutputsSingleEvent
Error: Class "Phalcon\Di\Injectable" not found

/home/morton/apps/dev/ima_stub/IamLab/Core/API/aAPI.php:17
/home/morton/apps/dev/ima_stub/IamLab/Service/SseApi.php:13
/home/morton/apps/dev/ima_stub/tests/Unit/Service/SseApiTest.php:14</error>
        </testcase>
        <testcase name="testClockActionEmitsRequestedCount" file="/home/morton/apps/dev/ima_stub/tests/Unit/Service/SseApiTest.php" line="38" class="Tests\Unit\Service\SseApiTest" classname="Tests.Unit.Service.SseApiTest" assertions="0" time="0.000480">
          <error type="Error">Tests\Unit\Service\SseApiTest::testClockActionEmitsRequestedCount
Error: Class "Phalcon\Di\Injectable" not found

/home/morton/apps/dev/ima_stub/IamLab/Core/API/aAPI.php:17
/home/morton/apps/dev/ima_stub/IamLab/Service/SseApi.php:13
/home/morton/apps/dev/ima_stub/tests/Unit/Service/SseApiTest.php:40</error>
        </testcase>
      </testsuite>
    </testsuite>
  </testsuite>
</testsuites>
