<?xml version="1.0" encoding="UTF-8"?>
<testsuites>
  <testsuite name="CLI Arguments" tests="66" assertions="207" errors="10" failures="0" skipped="0" time="0.563460">
    <testsuite name="Tests\Unit\Model\PaymentTest" file="/home/morton/apps/Dev/ima_stub/tests/Unit/Model/PaymentTest.php" tests="3" assertions="0" errors="3" failures="0" skipped="0" time="0.003747">
      <testcase name="testBeforeValidationOnCreateSetsTimestamps" file="/home/morton/apps/Dev/ima_stub/tests/Unit/Model/PaymentTest.php" line="32" class="Tests\Unit\Model\PaymentTest" classname="Tests.Unit.Model.PaymentTest" assertions="0" time="0.003356">
        <error type="Error">Tests\Unit\Model\PaymentTest::testBeforeValidationOnCreateSetsTimestamps
Error: Class "Phalcon\Mvc\Model" not found

/home/morton/apps/Dev/ima_stub/IamLab/Model/Payment.php:7
/home/morton/apps/Dev/ima_stub/tests/Unit/Model/PaymentTest.php:34</error>
      </testcase>
      <testcase name="testSettersAndGettersWork" file="/home/morton/apps/Dev/ima_stub/tests/Unit/Model/PaymentTest.php" line="10" class="Tests\Unit\Model\PaymentTest" classname="Tests.Unit.Model.PaymentTest" assertions="0" time="0.000201">
        <error type="Error">Tests\Unit\Model\PaymentTest::testSettersAndGettersWork
Error: Class "Phalcon\Mvc\Model" not found

/home/morton/apps/Dev/ima_stub/IamLab/Model/Payment.php:7
/home/morton/apps/Dev/ima_stub/tests/Unit/Model/PaymentTest.php:12</error>
      </testcase>
      <testcase name="testBeforeValidationOnUpdateSetsUpdatedAt" file="/home/morton/apps/Dev/ima_stub/tests/Unit/Model/PaymentTest.php" line="44" class="Tests\Unit\Model\PaymentTest" classname="Tests.Unit.Model.PaymentTest" assertions="0" time="0.000190">
        <error type="Error">Tests\Unit\Model\PaymentTest::testBeforeValidationOnUpdateSetsUpdatedAt
Error: Class "Phalcon\Mvc\Model" not found

/home/morton/apps/Dev/ima_stub/IamLab/Model/Payment.php:7
/home/morton/apps/Dev/ima_stub/tests/Unit/Model/PaymentTest.php:46</error>
      </testcase>
    </testsuite>
    <testsuite name="Tests\Unit\Model\SubscriptionTest" file="/home/morton/apps/Dev/ima_stub/tests/Unit/Model/SubscriptionTest.php" tests="2" assertions="0" errors="2" failures="0" skipped="0" time="0.000389">
      <testcase name="testSettersAndGettersWork" file="/home/morton/apps/Dev/ima_stub/tests/Unit/Model/SubscriptionTest.php" line="10" class="Tests\Unit\Model\SubscriptionTest" classname="Tests.Unit.Model.SubscriptionTest" assertions="0" time="0.000203">
        <error type="Error">Tests\Unit\Model\SubscriptionTest::testSettersAndGettersWork
Error: Class "Phalcon\Mvc\Model" not found

/home/morton/apps/Dev/ima_stub/IamLab/Model/Subscription.php:7
/home/morton/apps/Dev/ima_stub/tests/Unit/Model/SubscriptionTest.php:12</error>
      </testcase>
      <testcase name="testBeforeValidationOnCreateSetsTimestamps" file="/home/morton/apps/Dev/ima_stub/tests/Unit/Model/SubscriptionTest.php" line="36" class="Tests\Unit\Model\SubscriptionTest" classname="Tests.Unit.Model.SubscriptionTest" assertions="0" time="0.000186">
        <error type="Error">Tests\Unit\Model\SubscriptionTest::testBeforeValidationOnCreateSetsTimestamps
Error: Class "Phalcon\Mvc\Model" not found

/home/morton/apps/Dev/ima_stub/IamLab/Model/Subscription.php:7
/home/morton/apps/Dev/ima_stub/tests/Unit/Model/SubscriptionTest.php:38</error>
      </testcase>
    </testsuite>
    <testsuite name="Tests\Unit\Service\Payment\PaceIntegrationTest" file="/home/morton/apps/Dev/ima_stub/tests/Unit/Service/Payment/PaceIntegrationTest.php" tests="4" assertions="10" errors="0" failures="0" skipped="0" time="0.186705">
      <testcase name="testCreatePayment" file="/home/morton/apps/Dev/ima_stub/tests/Unit/Service/Payment/PaceIntegrationTest.php" line="23" class="Tests\Unit\Service\Payment\PaceIntegrationTest" classname="Tests.Unit.Service.Payment.PaceIntegrationTest" assertions="4" time="0.003279"/>
      <testcase name="testHealthCheck" file="/home/morton/apps/Dev/ima_stub/tests/Unit/Service/Payment/PaceIntegrationTest.php" line="63" class="Tests\Unit\Service\Payment\PaceIntegrationTest" classname="Tests.Unit.Service.Payment.PaceIntegrationTest" assertions="2" time="0.000152"/>
      <testcase name="testGetCapabilities" file="/home/morton/apps/Dev/ima_stub/tests/Unit/Service/Payment/PaceIntegrationTest.php" line="80" class="Tests\Unit\Service\Payment\PaceIntegrationTest" classname="Tests.Unit.Service.Payment.PaceIntegrationTest" assertions="2" time="0.000137"/>
      <testcase name="testCreateSubscription" file="/home/morton/apps/Dev/ima_stub/tests/Unit/Service/Payment/PaceIntegrationTest.php" line="50" class="Tests\Unit\Service\Payment\PaceIntegrationTest" classname="Tests.Unit.Service.Payment.PaceIntegrationTest" assertions="2" time="0.183138"/>
    </testsuite>
    <testsuite name="Tests\Unit\Service\SseApiTest" file="/home/morton/apps/Dev/ima_stub/tests/Unit/Service/SseApiTest.php" tests="3" assertions="13" errors="0" failures="0" skipped="0" time="0.001485">
      <testcase name="testTestActionOutputsOkStatus" file="/home/morton/apps/Dev/ima_stub/tests/Unit/Service/SseApiTest.php" line="64" class="Tests\Unit\Service\SseApiTest" classname="Tests.Unit.Service.SseApiTest" assertions="3" time="0.001151"/>
      <testcase name="testEchoActionOutputsSingleEvent" file="/home/morton/apps/Dev/ima_stub/tests/Unit/Service/SseApiTest.php" line="12" class="Tests\Unit\Service\SseApiTest" classname="Tests.Unit.Service.SseApiTest" assertions="6" time="0.000237"/>
      <testcase name="testClockActionEmitsRequestedCount" file="/home/morton/apps/Dev/ima_stub/tests/Unit/Service/SseApiTest.php" line="38" class="Tests\Unit\Service\SseApiTest" classname="Tests.Unit.Service.SseApiTest" assertions="4" time="0.000097"/>
    </testsuite>
    <testsuite name="Tests\Unit\Core\SSE\SseEmitterTest" file="/home/morton/apps/Dev/ima_stub/tests/Unit/Core/SSE/SseEmitterTest.php" tests="3" assertions="10" errors="0" failures="0" skipped="0" time="0.000221">
      <testcase name="testStartSetsHeadersAndOptionalRetry" file="/home/morton/apps/Dev/ima_stub/tests/Unit/Core/SSE/SseEmitterTest.php" line="11" class="Tests\Unit\Core\SSE\SseEmitterTest" classname="Tests.Unit.Core.SSE.SseEmitterTest" assertions="5" time="0.000086"/>
      <testcase name="testSendFormatsEventIdAndJsonData" file="/home/morton/apps/Dev/ima_stub/tests/Unit/Core/SSE/SseEmitterTest.php" line="27" class="Tests\Unit\Core\SSE\SseEmitterTest" classname="Tests.Unit.Core.SSE.SseEmitterTest" assertions="3" time="0.000071"/>
      <testcase name="testCommentAndHeartbeat" file="/home/morton/apps/Dev/ima_stub/tests/Unit/Core/SSE/SseEmitterTest.php" line="41" class="Tests\Unit\Core\SSE\SseEmitterTest" classname="Tests.Unit.Core.SSE.SseEmitterTest" assertions="2" time="0.000063"/>
    </testsuite>
    <testsuite name="Tests\Unit\Model\ErrorLogTest" file="/home/morton/apps/Dev/ima_stub/tests/Unit/Model/ErrorLogTest.php" tests="3" assertions="12" errors="0" failures="0" skipped="0" time="0.000870">
      <testcase name="testBeforeValidationOnCreateSetsCreatedAt" file="/home/morton/apps/Dev/ima_stub/tests/Unit/Model/ErrorLogTest.php" line="40" class="Tests\Unit\Model\ErrorLogTest" classname="Tests.Unit.Model.ErrorLogTest" assertions="2" time="0.000541"/>
      <testcase name="testSettersAndGettersWork" file="/home/morton/apps/Dev/ima_stub/tests/Unit/Model/ErrorLogTest.php" line="10" class="Tests\Unit\Model\ErrorLogTest" classname="Tests.Unit.Model.ErrorLogTest" assertions="8" time="0.000234"/>
      <testcase name="testSetContextJsonRoundTrip" file="/home/morton/apps/Dev/ima_stub/tests/Unit/Model/ErrorLogTest.php" line="31" class="Tests\Unit\Model\ErrorLogTest" classname="Tests.Unit.Model.ErrorLogTest" assertions="2" time="0.000095"/>
    </testsuite>
    <testsuite name="Tests\Unit\Model\RoleTest" file="/home/morton/apps/Dev/ima_stub/tests/Unit/Model/RoleTest.php" tests="3" assertions="0" errors="3" failures="0" skipped="0" time="0.000591">
      <testcase name="testSettersAndGettersWork" file="/home/morton/apps/Dev/ima_stub/tests/Unit/Model/RoleTest.php" line="10" class="Tests\Unit\Model\RoleTest" classname="Tests.Unit.Model.RoleTest" assertions="0" time="0.000261">
        <error type="Error">Tests\Unit\Model\RoleTest::testSettersAndGettersWork
Error: Class "Phalcon\Mvc\Model" not found

/home/morton/apps/Dev/ima_stub/IamLab/Model/Role.php:12
/home/morton/apps/Dev/ima_stub/tests/Unit/Model/RoleTest.php:12</error>
      </testcase>
      <testcase name="testCanBeInstantiated" file="/home/morton/apps/Dev/ima_stub/tests/Unit/Model/RoleTest.php" line="20" class="Tests\Unit\Model\RoleTest" classname="Tests.Unit.Model.RoleTest" assertions="0" time="0.000174">
        <error type="Error">Tests\Unit\Model\RoleTest::testCanBeInstantiated
Error: Class "Phalcon\Mvc\Model" not found

/home/morton/apps/Dev/ima_stub/IamLab/Model/Role.php:12
/home/morton/apps/Dev/ima_stub/tests/Unit/Model/RoleTest.php:22</error>
      </testcase>
      <testcase name="testValidationFailsWithoutName" file="/home/morton/apps/Dev/ima_stub/tests/Unit/Model/RoleTest.php" line="26" class="Tests\Unit\Model\RoleTest" classname="Tests.Unit.Model.RoleTest" assertions="0" time="0.000156">
        <error type="Error">Tests\Unit\Model\RoleTest::testValidationFailsWithoutName
Error: Class "Phalcon\Mvc\Model" not found

/home/morton/apps/Dev/ima_stub/IamLab/Model/Role.php:12
/home/morton/apps/Dev/ima_stub/tests/Unit/Model/RoleTest.php:28</error>
      </testcase>
    </testsuite>
    <testsuite name="Tests\Unit\Model\UserTest" file="/home/morton/apps/Dev/ima_stub/tests/Unit/Model/UserTest.php" tests="2" assertions="0" errors="2" failures="0" skipped="0" time="0.000426">
      <testcase name="testSettersAndGettersWork" file="/home/morton/apps/Dev/ima_stub/tests/Unit/Model/UserTest.php" line="10" class="Tests\Unit\Model\UserTest" classname="Tests.Unit.Model.UserTest" assertions="0" time="0.000233">
        <error type="Error">Tests\Unit\Model\UserTest::testSettersAndGettersWork
Error: Class "Phalcon\Mvc\Model" not found

/home/morton/apps/Dev/ima_stub/IamLab/Model/User.php:13
/home/morton/apps/Dev/ima_stub/tests/Unit/Model/UserTest.php:12</error>
      </testcase>
      <testcase name="testCanBeInstantiated" file="/home/morton/apps/Dev/ima_stub/tests/Unit/Model/UserTest.php" line="24" class="Tests\Unit\Model\UserTest" classname="Tests.Unit.Model.UserTest" assertions="0" time="0.000194">
        <error type="Error">Tests\Unit\Model\UserTest::testCanBeInstantiated
Error: Class "Phalcon\Mvc\Model" not found

/home/morton/apps/Dev/ima_stub/IamLab/Model/User.php:13
/home/morton/apps/Dev/ima_stub/tests/Unit/Model/UserTest.php:26</error>
      </testcase>
    </testsuite>
    <testsuite name="Tests\Unit\Service\LMS\Configuration\ConfigurationManagerTest" file="/home/morton/apps/Dev/ima_stub/tests/Unit/Service/LMS/Configuration/ConfigurationManagerTest.php" tests="8" assertions="17" errors="0" failures="0" skipped="0" time="0.001091">
      <testcase name="testCanBeInstantiated" file="/home/morton/apps/Dev/ima_stub/tests/Unit/Service/LMS/Configuration/ConfigurationManagerTest.php" line="18" class="Tests\Unit\Service\LMS\Configuration\ConfigurationManagerTest" classname="Tests.Unit.Service.LMS.Configuration.ConfigurationManagerTest" assertions="1" time="0.000294"/>
      <testcase name="testGetAllConfigurations" file="/home/morton/apps/Dev/ima_stub/tests/Unit/Service/LMS/Configuration/ConfigurationManagerTest.php" line="23" class="Tests\Unit\Service\LMS\Configuration\ConfigurationManagerTest" classname="Tests.Unit.Service.LMS.Configuration.ConfigurationManagerTest" assertions="4" time="0.000248"/>
      <testcase name="testGetIntegrationConfig" file="/home/morton/apps/Dev/ima_stub/tests/Unit/Service/LMS/Configuration/ConfigurationManagerTest.php" line="33" class="Tests\Unit\Service\LMS\Configuration\ConfigurationManagerTest" classname="Tests.Unit.Service.LMS.Configuration.ConfigurationManagerTest" assertions="4" time="0.000101"/>
      <testcase name="testIsIntegrationEnabled" file="/home/morton/apps/Dev/ima_stub/tests/Unit/Service/LMS/Configuration/ConfigurationManagerTest.php" line="43" class="Tests\Unit\Service\LMS\Configuration\ConfigurationManagerTest" classname="Tests.Unit.Service.LMS.Configuration.ConfigurationManagerTest" assertions="2" time="0.000075"/>
      <testcase name="testGetEnabledIntegrations" file="/home/morton/apps/Dev/ima_stub/tests/Unit/Service/LMS/Configuration/ConfigurationManagerTest.php" line="52" class="Tests\Unit\Service\LMS\Configuration\ConfigurationManagerTest" classname="Tests.Unit.Service.LMS.Configuration.ConfigurationManagerTest" assertions="2" time="0.000177"/>
      <testcase name="testValidateConfiguration" file="/home/morton/apps/Dev/ima_stub/tests/Unit/Service/LMS/Configuration/ConfigurationManagerTest.php" line="60" class="Tests\Unit\Service\LMS\Configuration\ConfigurationManagerTest" classname="Tests.Unit.Service.LMS.Configuration.ConfigurationManagerTest" assertions="1" time="0.000067"/>
      <testcase name="testGetNonExistentIntegrationConfig" file="/home/morton/apps/Dev/ima_stub/tests/Unit/Service/LMS/Configuration/ConfigurationManagerTest.php" line="69" class="Tests\Unit\Service\LMS\Configuration\ConfigurationManagerTest" classname="Tests.Unit.Service.LMS.Configuration.ConfigurationManagerTest" assertions="2" time="0.000071"/>
      <testcase name="testIsNonExistentIntegrationEnabled" file="/home/morton/apps/Dev/ima_stub/tests/Unit/Service/LMS/Configuration/ConfigurationManagerTest.php" line="77" class="Tests\Unit\Service\LMS\Configuration\ConfigurationManagerTest" classname="Tests.Unit.Service.LMS.Configuration.ConfigurationManagerTest" assertions="1" time="0.000058"/>
    </testsuite>
    <testsuite name="Tests\Unit\Service\LMS\Factory\IntegrationFactoryTest" file="/home/morton/apps/Dev/ima_stub/tests/Unit/Service/LMS/Factory/IntegrationFactoryTest.php" tests="13" assertions="68" errors="0" failures="0" skipped="0" time="0.002740">
      <testcase name="testGetSupportedIntegrations" file="/home/morton/apps/Dev/ima_stub/tests/Unit/Service/LMS/Factory/IntegrationFactoryTest.php" line="18" class="Tests\Unit\Service\LMS\Factory\IntegrationFactoryTest" classname="Tests.Unit.Service.LMS.Factory.IntegrationFactoryTest" assertions="4" time="0.000264"/>
      <testcase name="testIsSupported" file="/home/morton/apps/Dev/ima_stub/tests/Unit/Service/LMS/Factory/IntegrationFactoryTest.php" line="28" class="Tests\Unit\Service\LMS\Factory\IntegrationFactoryTest" classname="Tests.Unit.Service.LMS.Factory.IntegrationFactoryTest" assertions="4" time="0.000062"/>
      <testcase name="testCreateOllamaIntegration" file="/home/morton/apps/Dev/ima_stub/tests/Unit/Service/LMS/Factory/IntegrationFactoryTest.php" line="36" class="Tests\Unit\Service\LMS\Factory\IntegrationFactoryTest" classname="Tests.Unit.Service.LMS.Factory.IntegrationFactoryTest" assertions="2" time="0.000328"/>
      <testcase name="testCreateGeminiIntegration" file="/home/morton/apps/Dev/ima_stub/tests/Unit/Service/LMS/Factory/IntegrationFactoryTest.php" line="49" class="Tests\Unit\Service\LMS\Factory\IntegrationFactoryTest" classname="Tests.Unit.Service.LMS.Factory.IntegrationFactoryTest" assertions="2" time="0.000196"/>
      <testcase name="testCreateTencentEduIntegration" file="/home/morton/apps/Dev/ima_stub/tests/Unit/Service/LMS/Factory/IntegrationFactoryTest.php" line="62" class="Tests\Unit\Service\LMS\Factory\IntegrationFactoryTest" classname="Tests.Unit.Service.LMS.Factory.IntegrationFactoryTest" assertions="2" time="0.000558"/>
      <testcase name="testCreateUnsupportedIntegrationThrowsException" file="/home/morton/apps/Dev/ima_stub/tests/Unit/Service/LMS/Factory/IntegrationFactoryTest.php" line="76" class="Tests\Unit\Service\LMS\Factory\IntegrationFactoryTest" classname="Tests.Unit.Service.LMS.Factory.IntegrationFactoryTest" assertions="2" time="0.000352"/>
      <testcase name="testCreateWithInvalidConfigurationThrowsException" file="/home/morton/apps/Dev/ima_stub/tests/Unit/Service/LMS/Factory/IntegrationFactoryTest.php" line="84" class="Tests\Unit\Service\LMS\Factory\IntegrationFactoryTest" classname="Tests.Unit.Service.LMS.Factory.IntegrationFactoryTest" assertions="1" time="0.000131"/>
      <testcase name="testGetIntegrationClass" file="/home/morton/apps/Dev/ima_stub/tests/Unit/Service/LMS/Factory/IntegrationFactoryTest.php" line="92" class="Tests\Unit\Service\LMS\Factory\IntegrationFactoryTest" classname="Tests.Unit.Service.LMS.Factory.IntegrationFactoryTest" assertions="4" time="0.000071"/>
      <testcase name="testCreateFromConfig" file="/home/morton/apps/Dev/ima_stub/tests/Unit/Service/LMS/Factory/IntegrationFactoryTest.php" line="100" class="Tests\Unit\Service\LMS\Factory\IntegrationFactoryTest" classname="Tests.Unit.Service.LMS.Factory.IntegrationFactoryTest" assertions="8" time="0.000125"/>
      <testcase name="testValidateConfig" file="/home/morton/apps/Dev/ima_stub/tests/Unit/Service/LMS/Factory/IntegrationFactoryTest.php" line="141" class="Tests\Unit\Service\LMS\Factory\IntegrationFactoryTest" classname="Tests.Unit.Service.LMS.Factory.IntegrationFactoryTest" assertions="12" time="0.000163"/>
      <testcase name="testRegisterAndUnregisterIntegration" file="/home/morton/apps/Dev/ima_stub/tests/Unit/Service/LMS/Factory/IntegrationFactoryTest.php" line="220" class="Tests\Unit\Service\LMS\Factory\IntegrationFactoryTest" classname="Tests.Unit.Service.LMS.Factory.IntegrationFactoryTest" assertions="4" time="0.000079"/>
      <testcase name="testRegisterInvalidClassThrowsException" file="/home/morton/apps/Dev/ima_stub/tests/Unit/Service/LMS/Factory/IntegrationFactoryTest.php" line="247" class="Tests\Unit\Service\LMS\Factory\IntegrationFactoryTest" classname="Tests.Unit.Service.LMS.Factory.IntegrationFactoryTest" assertions="2" time="0.000070"/>
      <testcase name="testGetIntegrationCapabilities" file="/home/morton/apps/Dev/ima_stub/tests/Unit/Service/LMS/Factory/IntegrationFactoryTest.php" line="184" class="Tests\Unit\Service\LMS\Factory\IntegrationFactoryTest" classname="Tests.Unit.Service.LMS.Factory.IntegrationFactoryTest" assertions="21" time="0.000340"/>
    </testsuite>
    <testsuite name="Tests\Unit\Service\LMS\LMSServiceTest" file="/home/morton/apps/Dev/ima_stub/tests/Unit/Service/LMS/LMSServiceTest.php" tests="19" assertions="69" errors="0" failures="0" skipped="0" time="0.364526">
      <testcase name="testCanBeInstantiated" file="/home/morton/apps/Dev/ima_stub/tests/Unit/Service/LMS/LMSServiceTest.php" line="21" class="Tests\Unit\Service\LMS\LMSServiceTest" classname="Tests.Unit.Service.LMS.LMSServiceTest" assertions="1" time="0.020886"/>
      <testcase name="testGetConfigurationManager" file="/home/morton/apps/Dev/ima_stub/tests/Unit/Service/LMS/LMSServiceTest.php" line="35" class="Tests\Unit\Service\LMS\LMSServiceTest" classname="Tests.Unit.Service.LMS.LMSServiceTest" assertions="1" time="0.014862"/>
      <testcase name="testGetIntegrationRegistry" file="/home/morton/apps/Dev/ima_stub/tests/Unit/Service/LMS/LMSServiceTest.php" line="42" class="Tests\Unit\Service\LMS\LMSServiceTest" classname="Tests.Unit.Service.LMS.LMSServiceTest" assertions="1" time="0.014228"/>
      <testcase name="testGetAvailableIntegrations" file="/home/morton/apps/Dev/ima_stub/tests/Unit/Service/LMS/LMSServiceTest.php" line="49" class="Tests\Unit\Service\LMS\LMSServiceTest" classname="Tests.Unit.Service.LMS.LMSServiceTest" assertions="2" time="0.011184"/>
      <testcase name="testIsIntegrationAvailable" file="/home/morton/apps/Dev/ima_stub/tests/Unit/Service/LMS/LMSServiceTest.php" line="58" class="Tests\Unit\Service\LMS\LMSServiceTest" classname="Tests.Unit.Service.LMS.LMSServiceTest" assertions="2" time="0.013511"/>
      <testcase name="testGetIntegrationStatus" file="/home/morton/apps/Dev/ima_stub/tests/Unit/Service/LMS/LMSServiceTest.php" line="67" class="Tests\Unit\Service\LMS\LMSServiceTest" classname="Tests.Unit.Service.LMS.LMSServiceTest" assertions="5" time="0.014395"/>
      <testcase name="testCreateCourseWithInvalidIntegration" file="/home/morton/apps/Dev/ima_stub/tests/Unit/Service/LMS/LMSServiceTest.php" line="133" class="Tests\Unit\Service\LMS\LMSServiceTest" classname="Tests.Unit.Service.LMS.LMSServiceTest" assertions="7" time="0.016229"/>
      <testcase name="testAnalyzeTextWithInvalidIntegration" file="/home/morton/apps/Dev/ima_stub/tests/Unit/Service/LMS/LMSServiceTest.php" line="165" class="Tests\Unit\Service\LMS\LMSServiceTest" classname="Tests.Unit.Service.LMS.LMSServiceTest" assertions="7" time="0.009779"/>
      <testcase name="testGetBestIntegrationFor" file="/home/morton/apps/Dev/ima_stub/tests/Unit/Service/LMS/LMSServiceTest.php" line="199" class="Tests\Unit\Service\LMS\LMSServiceTest" classname="Tests.Unit.Service.LMS.LMSServiceTest" assertions="1" time="0.013693"/>
      <testcase name="testGetStatistics" file="/home/morton/apps/Dev/ima_stub/tests/Unit/Service/LMS/LMSServiceTest.php" line="219" class="Tests\Unit\Service\LMS\LMSServiceTest" classname="Tests.Unit.Service.LMS.LMSServiceTest" assertions="9" time="0.013596"/>
      <testcase name="testGenerateContentWithInvalidIntegration" file="/home/morton/apps/Dev/ima_stub/tests/Unit/Service/LMS/LMSServiceTest.php" line="99" class="Tests\Unit\Service\LMS\LMSServiceTest" classname="Tests.Unit.Service.LMS.LMSServiceTest" assertions="8" time="0.014196"/>
      <testcase name="testGetIntegrationCapabilities" file="/home/morton/apps/Dev/ima_stub/tests/Unit/Service/LMS/LMSServiceTest.php" line="209" class="Tests\Unit\Service\LMS\LMSServiceTest" classname="Tests.Unit.Service.LMS.LMSServiceTest" assertions="4" time="0.014200"/>
      <testcase name="testInitialize" file="/home/morton/apps/Dev/ima_stub/tests/Unit/Service/LMS/LMSServiceTest.php" line="26" class="Tests\Unit\Service\LMS\LMSServiceTest" classname="Tests.Unit.Service.LMS.LMSServiceTest" assertions="1" time="0.028913"/>
      <testcase name="testGenerateContentWithValidIntegration" file="/home/morton/apps/Dev/ima_stub/tests/Unit/Service/LMS/LMSServiceTest.php" line="81" class="Tests\Unit\Service\LMS\LMSServiceTest" classname="Tests.Unit.Service.LMS.LMSServiceTest" assertions="5" time="0.027899"/>
      <testcase name="testAnalyzeTextWithValidIntegration" file="/home/morton/apps/Dev/ima_stub/tests/Unit/Service/LMS/LMSServiceTest.php" line="150" class="Tests\Unit\Service\LMS\LMSServiceTest" classname="Tests.Unit.Service.LMS.LMSServiceTest" assertions="5" time="0.029491"/>
      <testcase name="testCreateCourseWithValidIntegration" file="/home/morton/apps/Dev/ima_stub/tests/Unit/Service/LMS/LMSServiceTest.php" line="116" class="Tests\Unit\Service\LMS\LMSServiceTest" classname="Tests.Unit.Service.LMS.LMSServiceTest" assertions="5" time="0.028176"/>
      <testcase name="testGenerateContentWithFallback" file="/home/morton/apps/Dev/ima_stub/tests/Unit/Service/LMS/LMSServiceTest.php" line="181" class="Tests\Unit\Service\LMS\LMSServiceTest" classname="Tests.Unit.Service.LMS.LMSServiceTest" assertions="2" time="0.027473"/>
      <testcase name="testRefreshHealthStatus" file="/home/morton/apps/Dev/ima_stub/tests/Unit/Service/LMS/LMSServiceTest.php" line="235" class="Tests\Unit\Service\LMS\LMSServiceTest" classname="Tests.Unit.Service.LMS.LMSServiceTest" assertions="1" time="0.025348"/>
      <testcase name="testMultipleInitializationCallsAreSafe" file="/home/morton/apps/Dev/ima_stub/tests/Unit/Service/LMS/LMSServiceTest.php" line="245" class="Tests\Unit\Service\LMS\LMSServiceTest" classname="Tests.Unit.Service.LMS.LMSServiceTest" assertions="2" time="0.026471"/>
    </testsuite>
    <testsuite name="Tests\Unit\Service\Payment\MollieIntegrationTest" file="/home/morton/apps/Dev/ima_stub/tests/Unit/Service/Payment/MollieIntegrationTest.php" tests="3" assertions="8" errors="0" failures="0" skipped="0" time="0.000669">
      <testcase name="testHealthCheck" file="/home/morton/apps/Dev/ima_stub/tests/Unit/Service/Payment/MollieIntegrationTest.php" line="22" class="Tests\Unit\Service\Payment\MollieIntegrationTest" classname="Tests.Unit.Service.Payment.MollieIntegrationTest" assertions="2" time="0.000404"/>
      <testcase name="testGetCapabilities" file="/home/morton/apps/Dev/ima_stub/tests/Unit/Service/Payment/MollieIntegrationTest.php" line="36" class="Tests\Unit\Service\Payment\MollieIntegrationTest" classname="Tests.Unit.Service.Payment.MollieIntegrationTest" assertions="3" time="0.000132"/>
      <testcase name="testCreateSubscriptionSimulated" file="/home/morton/apps/Dev/ima_stub/tests/Unit/Service/Payment/MollieIntegrationTest.php" line="44" class="Tests\Unit\Service\Payment\MollieIntegrationTest" classname="Tests.Unit.Service.Payment.MollieIntegrationTest" assertions="3" time="0.000133"/>
    </testsuite>
  </testsuite>
</testsuites>
