<?xml version="1.0" encoding="UTF-8"?>
<testsuites>
  <testsuite name="/var/www/html/phpunit.xml" tests="109" assertions="405" errors="0" failures="0" skipped="0" time="1.036599">
    <testsuite name="LMS" tests="40" assertions="154" errors="0" failures="0" skipped="0" time="0.473870">
      <testsuite name="Tests\Unit\Service\LMS\Configuration\ConfigurationManagerTest" file="/var/www/html/tests/Unit/Service/LMS/Configuration/ConfigurationManagerTest.php" tests="8" assertions="17" errors="0" failures="0" skipped="0" time="0.008702">
        <testcase name="testCanBeInstantiated" file="/var/www/html/tests/Unit/Service/LMS/Configuration/ConfigurationManagerTest.php" line="19" class="Tests\Unit\Service\LMS\Configuration\ConfigurationManagerTest" classname="Tests.Unit.Service.LMS.Configuration.ConfigurationManagerTest" assertions="1" time="0.005248"/>
        <testcase name="testGetAllConfigurations" file="/var/www/html/tests/Unit/Service/LMS/Configuration/ConfigurationManagerTest.php" line="24" class="Tests\Unit\Service\LMS\Configuration\ConfigurationManagerTest" classname="Tests.Unit.Service.LMS.Configuration.ConfigurationManagerTest" assertions="4" time="0.001469"/>
        <testcase name="testIsIntegrationEnabled" file="/var/www/html/tests/Unit/Service/LMS/Configuration/ConfigurationManagerTest.php" line="44" class="Tests\Unit\Service\LMS\Configuration\ConfigurationManagerTest" classname="Tests.Unit.Service.LMS.Configuration.ConfigurationManagerTest" assertions="2" time="0.000562"/>
        <testcase name="testGetEnabledIntegrations" file="/var/www/html/tests/Unit/Service/LMS/Configuration/ConfigurationManagerTest.php" line="53" class="Tests\Unit\Service\LMS\Configuration\ConfigurationManagerTest" classname="Tests.Unit.Service.LMS.Configuration.ConfigurationManagerTest" assertions="2" time="0.000529"/>
        <testcase name="testValidateConfiguration" file="/var/www/html/tests/Unit/Service/LMS/Configuration/ConfigurationManagerTest.php" line="61" class="Tests\Unit\Service\LMS\Configuration\ConfigurationManagerTest" classname="Tests.Unit.Service.LMS.Configuration.ConfigurationManagerTest" assertions="1" time="0.000129"/>
        <testcase name="testGetNonExistentIntegrationConfig" file="/var/www/html/tests/Unit/Service/LMS/Configuration/ConfigurationManagerTest.php" line="70" class="Tests\Unit\Service\LMS\Configuration\ConfigurationManagerTest" classname="Tests.Unit.Service.LMS.Configuration.ConfigurationManagerTest" assertions="2" time="0.000449"/>
        <testcase name="testIsNonExistentIntegrationEnabled" file="/var/www/html/tests/Unit/Service/LMS/Configuration/ConfigurationManagerTest.php" line="78" class="Tests\Unit\Service\LMS\Configuration\ConfigurationManagerTest" classname="Tests.Unit.Service.LMS.Configuration.ConfigurationManagerTest" assertions="1" time="0.000137"/>
        <testcase name="testGetIntegrationConfig" file="/var/www/html/tests/Unit/Service/LMS/Configuration/ConfigurationManagerTest.php" line="34" class="Tests\Unit\Service\LMS\Configuration\ConfigurationManagerTest" classname="Tests.Unit.Service.LMS.Configuration.ConfigurationManagerTest" assertions="4" time="0.000179"/>
      </testsuite>
      <testsuite name="Tests\Unit\Service\LMS\Factory\IntegrationFactoryTest" file="/var/www/html/tests/Unit/Service/LMS/Factory/IntegrationFactoryTest.php" tests="13" assertions="68" errors="0" failures="0" skipped="0" time="0.008520">
        <testcase name="testGetSupportedIntegrations" file="/var/www/html/tests/Unit/Service/LMS/Factory/IntegrationFactoryTest.php" line="18" class="Tests\Unit\Service\LMS\Factory\IntegrationFactoryTest" classname="Tests.Unit.Service.LMS.Factory.IntegrationFactoryTest" assertions="4" time="0.000609"/>
        <testcase name="testIsSupported" file="/var/www/html/tests/Unit/Service/LMS/Factory/IntegrationFactoryTest.php" line="28" class="Tests\Unit\Service\LMS\Factory\IntegrationFactoryTest" classname="Tests.Unit.Service.LMS.Factory.IntegrationFactoryTest" assertions="4" time="0.000137"/>
        <testcase name="testCreateOllamaIntegration" file="/var/www/html/tests/Unit/Service/LMS/Factory/IntegrationFactoryTest.php" line="36" class="Tests\Unit\Service\LMS\Factory\IntegrationFactoryTest" classname="Tests.Unit.Service.LMS.Factory.IntegrationFactoryTest" assertions="2" time="0.001168"/>
        <testcase name="testCreateGeminiIntegration" file="/var/www/html/tests/Unit/Service/LMS/Factory/IntegrationFactoryTest.php" line="49" class="Tests\Unit\Service\LMS\Factory\IntegrationFactoryTest" classname="Tests.Unit.Service.LMS.Factory.IntegrationFactoryTest" assertions="2" time="0.000474"/>
        <testcase name="testCreateTencentEduIntegration" file="/var/www/html/tests/Unit/Service/LMS/Factory/IntegrationFactoryTest.php" line="62" class="Tests\Unit\Service\LMS\Factory\IntegrationFactoryTest" classname="Tests.Unit.Service.LMS.Factory.IntegrationFactoryTest" assertions="2" time="0.000723"/>
        <testcase name="testCreateUnsupportedIntegrationThrowsException" file="/var/www/html/tests/Unit/Service/LMS/Factory/IntegrationFactoryTest.php" line="76" class="Tests\Unit\Service\LMS\Factory\IntegrationFactoryTest" classname="Tests.Unit.Service.LMS.Factory.IntegrationFactoryTest" assertions="2" time="0.001708"/>
        <testcase name="testCreateWithInvalidConfigurationThrowsException" file="/var/www/html/tests/Unit/Service/LMS/Factory/IntegrationFactoryTest.php" line="84" class="Tests\Unit\Service\LMS\Factory\IntegrationFactoryTest" classname="Tests.Unit.Service.LMS.Factory.IntegrationFactoryTest" assertions="1" time="0.000422"/>
        <testcase name="testGetIntegrationClass" file="/var/www/html/tests/Unit/Service/LMS/Factory/IntegrationFactoryTest.php" line="92" class="Tests\Unit\Service\LMS\Factory\IntegrationFactoryTest" classname="Tests.Unit.Service.LMS.Factory.IntegrationFactoryTest" assertions="4" time="0.000655"/>
        <testcase name="testCreateFromConfig" file="/var/www/html/tests/Unit/Service/LMS/Factory/IntegrationFactoryTest.php" line="100" class="Tests\Unit\Service\LMS\Factory\IntegrationFactoryTest" classname="Tests.Unit.Service.LMS.Factory.IntegrationFactoryTest" assertions="8" time="0.001135"/>
        <testcase name="testValidateConfig" file="/var/www/html/tests/Unit/Service/LMS/Factory/IntegrationFactoryTest.php" line="141" class="Tests\Unit\Service\LMS\Factory\IntegrationFactoryTest" classname="Tests.Unit.Service.LMS.Factory.IntegrationFactoryTest" assertions="12" time="0.000371"/>
        <testcase name="testRegisterAndUnregisterIntegration" file="/var/www/html/tests/Unit/Service/LMS/Factory/IntegrationFactoryTest.php" line="220" class="Tests\Unit\Service\LMS\Factory\IntegrationFactoryTest" classname="Tests.Unit.Service.LMS.Factory.IntegrationFactoryTest" assertions="4" time="0.000179"/>
        <testcase name="testRegisterInvalidClassThrowsException" file="/var/www/html/tests/Unit/Service/LMS/Factory/IntegrationFactoryTest.php" line="269" class="Tests\Unit\Service\LMS\Factory\IntegrationFactoryTest" classname="Tests.Unit.Service.LMS.Factory.IntegrationFactoryTest" assertions="2" time="0.000137"/>
        <testcase name="testGetIntegrationCapabilities" file="/var/www/html/tests/Unit/Service/LMS/Factory/IntegrationFactoryTest.php" line="184" class="Tests\Unit\Service\LMS\Factory\IntegrationFactoryTest" classname="Tests.Unit.Service.LMS.Factory.IntegrationFactoryTest" assertions="21" time="0.000803"/>
      </testsuite>
      <testsuite name="Tests\Unit\Service\LMS\LMSServiceTest" file="/var/www/html/tests/Unit/Service/LMS/LMSServiceTest.php" tests="19" assertions="69" errors="0" failures="0" skipped="0" time="0.456648">
        <testcase name="testCanBeInstantiated" file="/var/www/html/tests/Unit/Service/LMS/LMSServiceTest.php" line="22" class="Tests\Unit\Service\LMS\LMSServiceTest" classname="Tests.Unit.Service.LMS.LMSServiceTest" assertions="1" time="0.018241"/>
        <testcase name="testGetConfigurationManager" file="/var/www/html/tests/Unit/Service/LMS/LMSServiceTest.php" line="36" class="Tests\Unit\Service\LMS\LMSServiceTest" classname="Tests.Unit.Service.LMS.LMSServiceTest" assertions="1" time="0.016122"/>
        <testcase name="testGetIntegrationRegistry" file="/var/www/html/tests/Unit/Service/LMS/LMSServiceTest.php" line="43" class="Tests\Unit\Service\LMS\LMSServiceTest" classname="Tests.Unit.Service.LMS.LMSServiceTest" assertions="1" time="0.018770"/>
        <testcase name="testGetAvailableIntegrations" file="/var/www/html/tests/Unit/Service/LMS/LMSServiceTest.php" line="50" class="Tests\Unit\Service\LMS\LMSServiceTest" classname="Tests.Unit.Service.LMS.LMSServiceTest" assertions="2" time="0.017422"/>
        <testcase name="testIsIntegrationAvailable" file="/var/www/html/tests/Unit/Service/LMS/LMSServiceTest.php" line="59" class="Tests\Unit\Service\LMS\LMSServiceTest" classname="Tests.Unit.Service.LMS.LMSServiceTest" assertions="2" time="0.018156"/>
        <testcase name="testCreateCourseWithInvalidIntegration" file="/var/www/html/tests/Unit/Service/LMS/LMSServiceTest.php" line="134" class="Tests\Unit\Service\LMS\LMSServiceTest" classname="Tests.Unit.Service.LMS.LMSServiceTest" assertions="7" time="0.017192"/>
        <testcase name="testAnalyzeTextWithInvalidIntegration" file="/var/www/html/tests/Unit/Service/LMS/LMSServiceTest.php" line="166" class="Tests\Unit\Service\LMS\LMSServiceTest" classname="Tests.Unit.Service.LMS.LMSServiceTest" assertions="7" time="0.018303"/>
        <testcase name="testGetBestIntegrationFor" file="/var/www/html/tests/Unit/Service/LMS/LMSServiceTest.php" line="200" class="Tests\Unit\Service\LMS\LMSServiceTest" classname="Tests.Unit.Service.LMS.LMSServiceTest" assertions="1" time="0.016551"/>
        <testcase name="testGetIntegrationCapabilities" file="/var/www/html/tests/Unit/Service/LMS/LMSServiceTest.php" line="210" class="Tests\Unit\Service\LMS\LMSServiceTest" classname="Tests.Unit.Service.LMS.LMSServiceTest" assertions="4" time="0.015729"/>
        <testcase name="testGetStatistics" file="/var/www/html/tests/Unit/Service/LMS/LMSServiceTest.php" line="220" class="Tests\Unit\Service\LMS\LMSServiceTest" classname="Tests.Unit.Service.LMS.LMSServiceTest" assertions="9" time="0.018653"/>
        <testcase name="testGetIntegrationStatus" file="/var/www/html/tests/Unit/Service/LMS/LMSServiceTest.php" line="68" class="Tests\Unit\Service\LMS\LMSServiceTest" classname="Tests.Unit.Service.LMS.LMSServiceTest" assertions="5" time="0.016884"/>
        <testcase name="testGenerateContentWithInvalidIntegration" file="/var/www/html/tests/Unit/Service/LMS/LMSServiceTest.php" line="100" class="Tests\Unit\Service\LMS\LMSServiceTest" classname="Tests.Unit.Service.LMS.LMSServiceTest" assertions="8" time="0.017974"/>
        <testcase name="testGenerateContentWithValidIntegration" file="/var/www/html/tests/Unit/Service/LMS/LMSServiceTest.php" line="82" class="Tests\Unit\Service\LMS\LMSServiceTest" classname="Tests.Unit.Service.LMS.LMSServiceTest" assertions="5" time="0.036235"/>
        <testcase name="testAnalyzeTextWithValidIntegration" file="/var/www/html/tests/Unit/Service/LMS/LMSServiceTest.php" line="151" class="Tests\Unit\Service\LMS\LMSServiceTest" classname="Tests.Unit.Service.LMS.LMSServiceTest" assertions="5" time="0.037832"/>
        <testcase name="testGenerateContentWithFallback" file="/var/www/html/tests/Unit/Service/LMS/LMSServiceTest.php" line="182" class="Tests\Unit\Service\LMS\LMSServiceTest" classname="Tests.Unit.Service.LMS.LMSServiceTest" assertions="2" time="0.036471"/>
        <testcase name="testInitialize" file="/var/www/html/tests/Unit/Service/LMS/LMSServiceTest.php" line="27" class="Tests\Unit\Service\LMS\LMSServiceTest" classname="Tests.Unit.Service.LMS.LMSServiceTest" assertions="1" time="0.034737"/>
        <testcase name="testRefreshHealthStatus" file="/var/www/html/tests/Unit/Service/LMS/LMSServiceTest.php" line="236" class="Tests\Unit\Service\LMS\LMSServiceTest" classname="Tests.Unit.Service.LMS.LMSServiceTest" assertions="1" time="0.034120"/>
        <testcase name="testMultipleInitializationCallsAreSafe" file="/var/www/html/tests/Unit/Service/LMS/LMSServiceTest.php" line="246" class="Tests\Unit\Service\LMS\LMSServiceTest" classname="Tests.Unit.Service.LMS.LMSServiceTest" assertions="2" time="0.033285"/>
        <testcase name="testCreateCourseWithValidIntegration" file="/var/www/html/tests/Unit/Service/LMS/LMSServiceTest.php" line="117" class="Tests\Unit\Service\LMS\LMSServiceTest" classname="Tests.Unit.Service.LMS.LMSServiceTest" assertions="5" time="0.033971"/>
      </testsuite>
    </testsuite>
    <testsuite name="Unit" tests="66" assertions="244" errors="0" failures="0" skipped="0" time="0.557325">
      <testsuite name="Tests\Unit\Model\ErrorLogTest" file="/var/www/html/tests/Unit/Model/ErrorLogTest.php" tests="3" assertions="12" errors="0" failures="0" skipped="0" time="0.001961">
        <testcase name="testBeforeValidationOnCreateSetsCreatedAt" file="/var/www/html/tests/Unit/Model/ErrorLogTest.php" line="40" class="Tests\Unit\Model\ErrorLogTest" classname="Tests.Unit.Model.ErrorLogTest" assertions="2" time="0.000875"/>
        <testcase name="testSettersAndGettersWork" file="/var/www/html/tests/Unit/Model/ErrorLogTest.php" line="10" class="Tests\Unit\Model\ErrorLogTest" classname="Tests.Unit.Model.ErrorLogTest" assertions="8" time="0.000931"/>
        <testcase name="testSetContextJsonRoundTrip" file="/var/www/html/tests/Unit/Model/ErrorLogTest.php" line="31" class="Tests\Unit\Model\ErrorLogTest" classname="Tests.Unit.Model.ErrorLogTest" assertions="2" time="0.000156"/>
      </testsuite>
      <testsuite name="Tests\Unit\Model\PaymentTest" file="/var/www/html/tests/Unit/Model/PaymentTest.php" tests="3" assertions="13" errors="0" failures="0" skipped="0" time="0.001451">
        <testcase name="testBeforeValidationOnCreateSetsTimestamps" file="/var/www/html/tests/Unit/Model/PaymentTest.php" line="32" class="Tests\Unit\Model\PaymentTest" classname="Tests.Unit.Model.PaymentTest" assertions="4" time="0.000828"/>
        <testcase name="testBeforeValidationOnUpdateSetsUpdatedAt" file="/var/www/html/tests/Unit/Model/PaymentTest.php" line="44" class="Tests\Unit\Model\PaymentTest" classname="Tests.Unit.Model.PaymentTest" assertions="1" time="0.000322"/>
        <testcase name="testSettersAndGettersWork" file="/var/www/html/tests/Unit/Model/PaymentTest.php" line="10" class="Tests\Unit\Model\PaymentTest" classname="Tests.Unit.Model.PaymentTest" assertions="8" time="0.000301"/>
      </testsuite>
      <testsuite name="Tests\Unit\Model\RoleTest" file="/var/www/html/tests/Unit/Model/RoleTest.php" tests="3" assertions="5" errors="0" failures="0" skipped="0" time="0.000901">
        <testcase name="testSettersAndGettersWork" file="/var/www/html/tests/Unit/Model/RoleTest.php" line="10" class="Tests\Unit\Model\RoleTest" classname="Tests.Unit.Model.RoleTest" assertions="2" time="0.000615"/>
        <testcase name="testCanBeInstantiated" file="/var/www/html/tests/Unit/Model/RoleTest.php" line="20" class="Tests\Unit\Model\RoleTest" classname="Tests.Unit.Model.RoleTest" assertions="1" time="0.000131"/>
        <testcase name="testValidationFailsWithoutName" file="/var/www/html/tests/Unit/Model/RoleTest.php" line="26" class="Tests\Unit\Model\RoleTest" classname="Tests.Unit.Model.RoleTest" assertions="2" time="0.000154"/>
      </testsuite>
      <testsuite name="Tests\Unit\Model\SubscriptionTest" file="/var/www/html/tests/Unit/Model/SubscriptionTest.php" tests="2" assertions="14" errors="0" failures="0" skipped="0" time="0.000801">
        <testcase name="testSettersAndGettersWork" file="/var/www/html/tests/Unit/Model/SubscriptionTest.php" line="10" class="Tests\Unit\Model\SubscriptionTest" classname="Tests.Unit.Model.SubscriptionTest" assertions="10" time="0.000587"/>
        <testcase name="testBeforeValidationOnCreateSetsTimestamps" file="/var/www/html/tests/Unit/Model/SubscriptionTest.php" line="36" class="Tests\Unit\Model\SubscriptionTest" classname="Tests.Unit.Model.SubscriptionTest" assertions="4" time="0.000213"/>
      </testsuite>
      <testsuite name="Tests\Unit\Model\UserTest" file="/var/www/html/tests/Unit/Model/UserTest.php" tests="2" assertions="5" errors="0" failures="0" skipped="0" time="0.000642">
        <testcase name="testCanBeInstantiated" file="/var/www/html/tests/Unit/Model/UserTest.php" line="24" class="Tests\Unit\Model\UserTest" classname="Tests.Unit.Model.UserTest" assertions="1" time="0.000477"/>
        <testcase name="testSettersAndGettersWork" file="/var/www/html/tests/Unit/Model/UserTest.php" line="10" class="Tests\Unit\Model\UserTest" classname="Tests.Unit.Model.UserTest" assertions="4" time="0.000165"/>
      </testsuite>
      <testsuite name="Tests\Unit\Service\Payment\PaceIntegrationTest" file="/var/www/html/tests/Unit/Service/Payment/PaceIntegrationTest.php" tests="4" assertions="10" errors="0" failures="0" skipped="0" time="0.073107">
        <testcase name="testCreatePayment" file="/var/www/html/tests/Unit/Service/Payment/PaceIntegrationTest.php" line="25" class="Tests\Unit\Service\Payment\PaceIntegrationTest" classname="Tests.Unit.Service.Payment.PaceIntegrationTest" assertions="4" time="0.010356"/>
        <testcase name="testHealthCheck" file="/var/www/html/tests/Unit/Service/Payment/PaceIntegrationTest.php" line="65" class="Tests\Unit\Service\Payment\PaceIntegrationTest" classname="Tests.Unit.Service.Payment.PaceIntegrationTest" assertions="2" time="0.000282"/>
        <testcase name="testGetCapabilities" file="/var/www/html/tests/Unit/Service/Payment/PaceIntegrationTest.php" line="82" class="Tests\Unit\Service\Payment\PaceIntegrationTest" classname="Tests.Unit.Service.Payment.PaceIntegrationTest" assertions="2" time="0.000209"/>
        <testcase name="testCreateSubscription" file="/var/www/html/tests/Unit/Service/Payment/PaceIntegrationTest.php" line="52" class="Tests\Unit\Service\Payment\PaceIntegrationTest" classname="Tests.Unit.Service.Payment.PaceIntegrationTest" assertions="2" time="0.062261"/>
      </testsuite>
      <testsuite name="Tests\Unit\Service\SseApiTest" file="/var/www/html/tests/Unit/Service/SseApiTest.php" tests="3" assertions="13" errors="0" failures="0" skipped="0" time="0.002499">
        <testcase name="testClockActionEmitsRequestedCount" file="/var/www/html/tests/Unit/Service/SseApiTest.php" line="51" class="Tests\Unit\Service\SseApiTest" classname="Tests.Unit.Service.SseApiTest" assertions="4" time="0.002149"/>
        <testcase name="testTestActionOutputsOkStatus" file="/var/www/html/tests/Unit/Service/SseApiTest.php" line="94" class="Tests\Unit\Service\SseApiTest" classname="Tests.Unit.Service.SseApiTest" assertions="3" time="0.000178"/>
        <testcase name="testEchoActionOutputsSingleEvent" file="/var/www/html/tests/Unit/Service/SseApiTest.php" line="12" class="Tests\Unit\Service\SseApiTest" classname="Tests.Unit.Service.SseApiTest" assertions="6" time="0.000172"/>
      </testsuite>
      <testsuite name="Tests\Unit\Core\SSE\SseEmitterTest" file="/var/www/html/tests/Unit/Core/SSE/SseEmitterTest.php" tests="3" assertions="10" errors="0" failures="0" skipped="0" time="0.000407">
        <testcase name="testStartSetsHeadersAndOptionalRetry" file="/var/www/html/tests/Unit/Core/SSE/SseEmitterTest.php" line="11" class="Tests\Unit\Core\SSE\SseEmitterTest" classname="Tests.Unit.Core.SSE.SseEmitterTest" assertions="5" time="0.000157"/>
        <testcase name="testSendFormatsEventIdAndJsonData" file="/var/www/html/tests/Unit/Core/SSE/SseEmitterTest.php" line="27" class="Tests\Unit\Core\SSE\SseEmitterTest" classname="Tests.Unit.Core.SSE.SseEmitterTest" assertions="3" time="0.000139"/>
        <testcase name="testCommentAndHeartbeat" file="/var/www/html/tests/Unit/Core/SSE/SseEmitterTest.php" line="41" class="Tests\Unit\Core\SSE\SseEmitterTest" classname="Tests.Unit.Core.SSE.SseEmitterTest" assertions="2" time="0.000110"/>
      </testsuite>
      <testsuite name="Tests\Unit\Service\LMS\Configuration\ConfigurationManagerTest" file="/var/www/html/tests/Unit/Service/LMS/Configuration/ConfigurationManagerTest.php" tests="8" assertions="17" errors="0" failures="0" skipped="0" time="0.001287">
        <testcase name="testCanBeInstantiated" file="/var/www/html/tests/Unit/Service/LMS/Configuration/ConfigurationManagerTest.php" line="19" class="Tests\Unit\Service\LMS\Configuration\ConfigurationManagerTest" classname="Tests.Unit.Service.LMS.Configuration.ConfigurationManagerTest" assertions="1" time="0.000130"/>
        <testcase name="testGetAllConfigurations" file="/var/www/html/tests/Unit/Service/LMS/Configuration/ConfigurationManagerTest.php" line="24" class="Tests\Unit\Service\LMS\Configuration\ConfigurationManagerTest" classname="Tests.Unit.Service.LMS.Configuration.ConfigurationManagerTest" assertions="4" time="0.000295"/>
        <testcase name="testIsIntegrationEnabled" file="/var/www/html/tests/Unit/Service/LMS/Configuration/ConfigurationManagerTest.php" line="44" class="Tests\Unit\Service\LMS\Configuration\ConfigurationManagerTest" classname="Tests.Unit.Service.LMS.Configuration.ConfigurationManagerTest" assertions="2" time="0.000143"/>
        <testcase name="testGetEnabledIntegrations" file="/var/www/html/tests/Unit/Service/LMS/Configuration/ConfigurationManagerTest.php" line="53" class="Tests\Unit\Service\LMS\Configuration\ConfigurationManagerTest" classname="Tests.Unit.Service.LMS.Configuration.ConfigurationManagerTest" assertions="2" time="0.000151"/>
        <testcase name="testValidateConfiguration" file="/var/www/html/tests/Unit/Service/LMS/Configuration/ConfigurationManagerTest.php" line="61" class="Tests\Unit\Service\LMS\Configuration\ConfigurationManagerTest" classname="Tests.Unit.Service.LMS.Configuration.ConfigurationManagerTest" assertions="1" time="0.000120"/>
        <testcase name="testGetNonExistentIntegrationConfig" file="/var/www/html/tests/Unit/Service/LMS/Configuration/ConfigurationManagerTest.php" line="70" class="Tests\Unit\Service\LMS\Configuration\ConfigurationManagerTest" classname="Tests.Unit.Service.LMS.Configuration.ConfigurationManagerTest" assertions="2" time="0.000137"/>
        <testcase name="testIsNonExistentIntegrationEnabled" file="/var/www/html/tests/Unit/Service/LMS/Configuration/ConfigurationManagerTest.php" line="78" class="Tests\Unit\Service\LMS\Configuration\ConfigurationManagerTest" classname="Tests.Unit.Service.LMS.Configuration.ConfigurationManagerTest" assertions="1" time="0.000131"/>
        <testcase name="testGetIntegrationConfig" file="/var/www/html/tests/Unit/Service/LMS/Configuration/ConfigurationManagerTest.php" line="34" class="Tests\Unit\Service\LMS\Configuration\ConfigurationManagerTest" classname="Tests.Unit.Service.LMS.Configuration.ConfigurationManagerTest" assertions="4" time="0.000179"/>
      </testsuite>
      <testsuite name="Tests\Unit\Service\LMS\Factory\IntegrationFactoryTest" file="/var/www/html/tests/Unit/Service/LMS/Factory/IntegrationFactoryTest.php" tests="13" assertions="68" errors="0" failures="0" skipped="0" time="0.002814">
        <testcase name="testGetSupportedIntegrations" file="/var/www/html/tests/Unit/Service/LMS/Factory/IntegrationFactoryTest.php" line="18" class="Tests\Unit\Service\LMS\Factory\IntegrationFactoryTest" classname="Tests.Unit.Service.LMS.Factory.IntegrationFactoryTest" assertions="4" time="0.000182"/>
        <testcase name="testIsSupported" file="/var/www/html/tests/Unit/Service/LMS/Factory/IntegrationFactoryTest.php" line="28" class="Tests\Unit\Service\LMS\Factory\IntegrationFactoryTest" classname="Tests.Unit.Service.LMS.Factory.IntegrationFactoryTest" assertions="4" time="0.000189"/>
        <testcase name="testCreateOllamaIntegration" file="/var/www/html/tests/Unit/Service/LMS/Factory/IntegrationFactoryTest.php" line="36" class="Tests\Unit\Service\LMS\Factory\IntegrationFactoryTest" classname="Tests.Unit.Service.LMS.Factory.IntegrationFactoryTest" assertions="2" time="0.000152"/>
        <testcase name="testCreateGeminiIntegration" file="/var/www/html/tests/Unit/Service/LMS/Factory/IntegrationFactoryTest.php" line="49" class="Tests\Unit\Service\LMS\Factory\IntegrationFactoryTest" classname="Tests.Unit.Service.LMS.Factory.IntegrationFactoryTest" assertions="2" time="0.000124"/>
        <testcase name="testCreateTencentEduIntegration" file="/var/www/html/tests/Unit/Service/LMS/Factory/IntegrationFactoryTest.php" line="62" class="Tests\Unit\Service\LMS\Factory\IntegrationFactoryTest" classname="Tests.Unit.Service.LMS.Factory.IntegrationFactoryTest" assertions="2" time="0.000121"/>
        <testcase name="testCreateUnsupportedIntegrationThrowsException" file="/var/www/html/tests/Unit/Service/LMS/Factory/IntegrationFactoryTest.php" line="76" class="Tests\Unit\Service\LMS\Factory\IntegrationFactoryTest" classname="Tests.Unit.Service.LMS.Factory.IntegrationFactoryTest" assertions="2" time="0.000146"/>
        <testcase name="testCreateWithInvalidConfigurationThrowsException" file="/var/www/html/tests/Unit/Service/LMS/Factory/IntegrationFactoryTest.php" line="84" class="Tests\Unit\Service\LMS\Factory\IntegrationFactoryTest" classname="Tests.Unit.Service.LMS.Factory.IntegrationFactoryTest" assertions="1" time="0.000117"/>
        <testcase name="testGetIntegrationClass" file="/var/www/html/tests/Unit/Service/LMS/Factory/IntegrationFactoryTest.php" line="92" class="Tests\Unit\Service\LMS\Factory\IntegrationFactoryTest" classname="Tests.Unit.Service.LMS.Factory.IntegrationFactoryTest" assertions="4" time="0.000125"/>
        <testcase name="testCreateFromConfig" file="/var/www/html/tests/Unit/Service/LMS/Factory/IntegrationFactoryTest.php" line="100" class="Tests\Unit\Service\LMS\Factory\IntegrationFactoryTest" classname="Tests.Unit.Service.LMS.Factory.IntegrationFactoryTest" assertions="8" time="0.000269"/>
        <testcase name="testValidateConfig" file="/var/www/html/tests/Unit/Service/LMS/Factory/IntegrationFactoryTest.php" line="141" class="Tests\Unit\Service\LMS\Factory\IntegrationFactoryTest" classname="Tests.Unit.Service.LMS.Factory.IntegrationFactoryTest" assertions="12" time="0.000337"/>
        <testcase name="testRegisterAndUnregisterIntegration" file="/var/www/html/tests/Unit/Service/LMS/Factory/IntegrationFactoryTest.php" line="220" class="Tests\Unit\Service\LMS\Factory\IntegrationFactoryTest" classname="Tests.Unit.Service.LMS.Factory.IntegrationFactoryTest" assertions="4" time="0.000144"/>
        <testcase name="testRegisterInvalidClassThrowsException" file="/var/www/html/tests/Unit/Service/LMS/Factory/IntegrationFactoryTest.php" line="269" class="Tests\Unit\Service\LMS\Factory\IntegrationFactoryTest" classname="Tests.Unit.Service.LMS.Factory.IntegrationFactoryTest" assertions="2" time="0.000122"/>
        <testcase name="testGetIntegrationCapabilities" file="/var/www/html/tests/Unit/Service/LMS/Factory/IntegrationFactoryTest.php" line="184" class="Tests\Unit\Service\LMS\Factory\IntegrationFactoryTest" classname="Tests.Unit.Service.LMS.Factory.IntegrationFactoryTest" assertions="21" time="0.000784"/>
      </testsuite>
      <testsuite name="Tests\Unit\Service\LMS\LMSServiceTest" file="/var/www/html/tests/Unit/Service/LMS/LMSServiceTest.php" tests="19" assertions="69" errors="0" failures="0" skipped="0" time="0.470214">
        <testcase name="testCanBeInstantiated" file="/var/www/html/tests/Unit/Service/LMS/LMSServiceTest.php" line="22" class="Tests\Unit\Service\LMS\LMSServiceTest" classname="Tests.Unit.Service.LMS.LMSServiceTest" assertions="1" time="0.018286"/>
        <testcase name="testGetConfigurationManager" file="/var/www/html/tests/Unit/Service/LMS/LMSServiceTest.php" line="36" class="Tests\Unit\Service\LMS\LMSServiceTest" classname="Tests.Unit.Service.LMS.LMSServiceTest" assertions="1" time="0.017440"/>
        <testcase name="testGetIntegrationRegistry" file="/var/www/html/tests/Unit/Service/LMS/LMSServiceTest.php" line="43" class="Tests\Unit\Service\LMS\LMSServiceTest" classname="Tests.Unit.Service.LMS.LMSServiceTest" assertions="1" time="0.021194"/>
        <testcase name="testGetAvailableIntegrations" file="/var/www/html/tests/Unit/Service/LMS/LMSServiceTest.php" line="50" class="Tests\Unit\Service\LMS\LMSServiceTest" classname="Tests.Unit.Service.LMS.LMSServiceTest" assertions="2" time="0.018680"/>
        <testcase name="testIsIntegrationAvailable" file="/var/www/html/tests/Unit/Service/LMS/LMSServiceTest.php" line="59" class="Tests\Unit\Service\LMS\LMSServiceTest" classname="Tests.Unit.Service.LMS.LMSServiceTest" assertions="2" time="0.018310"/>
        <testcase name="testCreateCourseWithInvalidIntegration" file="/var/www/html/tests/Unit/Service/LMS/LMSServiceTest.php" line="134" class="Tests\Unit\Service\LMS\LMSServiceTest" classname="Tests.Unit.Service.LMS.LMSServiceTest" assertions="7" time="0.018160"/>
        <testcase name="testAnalyzeTextWithInvalidIntegration" file="/var/www/html/tests/Unit/Service/LMS/LMSServiceTest.php" line="166" class="Tests\Unit\Service\LMS\LMSServiceTest" classname="Tests.Unit.Service.LMS.LMSServiceTest" assertions="7" time="0.018163"/>
        <testcase name="testGetBestIntegrationFor" file="/var/www/html/tests/Unit/Service/LMS/LMSServiceTest.php" line="200" class="Tests\Unit\Service\LMS\LMSServiceTest" classname="Tests.Unit.Service.LMS.LMSServiceTest" assertions="1" time="0.017722"/>
        <testcase name="testGetIntegrationCapabilities" file="/var/www/html/tests/Unit/Service/LMS/LMSServiceTest.php" line="210" class="Tests\Unit\Service\LMS\LMSServiceTest" classname="Tests.Unit.Service.LMS.LMSServiceTest" assertions="4" time="0.019499"/>
        <testcase name="testGetStatistics" file="/var/www/html/tests/Unit/Service/LMS/LMSServiceTest.php" line="220" class="Tests\Unit\Service\LMS\LMSServiceTest" classname="Tests.Unit.Service.LMS.LMSServiceTest" assertions="9" time="0.018478"/>
        <testcase name="testGetIntegrationStatus" file="/var/www/html/tests/Unit/Service/LMS/LMSServiceTest.php" line="68" class="Tests\Unit\Service\LMS\LMSServiceTest" classname="Tests.Unit.Service.LMS.LMSServiceTest" assertions="5" time="0.017841"/>
        <testcase name="testGenerateContentWithInvalidIntegration" file="/var/www/html/tests/Unit/Service/LMS/LMSServiceTest.php" line="100" class="Tests\Unit\Service\LMS\LMSServiceTest" classname="Tests.Unit.Service.LMS.LMSServiceTest" assertions="8" time="0.018194"/>
        <testcase name="testGenerateContentWithValidIntegration" file="/var/www/html/tests/Unit/Service/LMS/LMSServiceTest.php" line="82" class="Tests\Unit\Service\LMS\LMSServiceTest" classname="Tests.Unit.Service.LMS.LMSServiceTest" assertions="5" time="0.035902"/>
        <testcase name="testAnalyzeTextWithValidIntegration" file="/var/www/html/tests/Unit/Service/LMS/LMSServiceTest.php" line="151" class="Tests\Unit\Service\LMS\LMSServiceTest" classname="Tests.Unit.Service.LMS.LMSServiceTest" assertions="5" time="0.035991"/>
        <testcase name="testGenerateContentWithFallback" file="/var/www/html/tests/Unit/Service/LMS/LMSServiceTest.php" line="182" class="Tests\Unit\Service\LMS\LMSServiceTest" classname="Tests.Unit.Service.LMS.LMSServiceTest" assertions="2" time="0.041766"/>
        <testcase name="testInitialize" file="/var/www/html/tests/Unit/Service/LMS/LMSServiceTest.php" line="27" class="Tests\Unit\Service\LMS\LMSServiceTest" classname="Tests.Unit.Service.LMS.LMSServiceTest" assertions="1" time="0.032788"/>
        <testcase name="testRefreshHealthStatus" file="/var/www/html/tests/Unit/Service/LMS/LMSServiceTest.php" line="236" class="Tests\Unit\Service\LMS\LMSServiceTest" classname="Tests.Unit.Service.LMS.LMSServiceTest" assertions="1" time="0.033348"/>
        <testcase name="testMultipleInitializationCallsAreSafe" file="/var/www/html/tests/Unit/Service/LMS/LMSServiceTest.php" line="246" class="Tests\Unit\Service\LMS\LMSServiceTest" classname="Tests.Unit.Service.LMS.LMSServiceTest" assertions="2" time="0.033673"/>
        <testcase name="testCreateCourseWithValidIntegration" file="/var/www/html/tests/Unit/Service/LMS/LMSServiceTest.php" line="117" class="Tests\Unit\Service\LMS\LMSServiceTest" classname="Tests.Unit.Service.LMS.LMSServiceTest" assertions="5" time="0.034777"/>
      </testsuite>
      <testsuite name="Tests\Unit\Service\Payment\MollieIntegrationTest" file="/var/www/html/tests/Unit/Service/Payment/MollieIntegrationTest.php" tests="3" assertions="8" errors="0" failures="0" skipped="0" time="0.001242">
        <testcase name="testHealthCheck" file="/var/www/html/tests/Unit/Service/Payment/MollieIntegrationTest.php" line="24" class="Tests\Unit\Service\Payment\MollieIntegrationTest" classname="Tests.Unit.Service.Payment.MollieIntegrationTest" assertions="2" time="0.000861"/>
        <testcase name="testGetCapabilities" file="/var/www/html/tests/Unit/Service/Payment/MollieIntegrationTest.php" line="38" class="Tests\Unit\Service\Payment\MollieIntegrationTest" classname="Tests.Unit.Service.Payment.MollieIntegrationTest" assertions="3" time="0.000194"/>
        <testcase name="testCreateSubscriptionSimulated" file="/var/www/html/tests/Unit/Service/Payment/MollieIntegrationTest.php" line="46" class="Tests\Unit\Service\Payment\MollieIntegrationTest" classname="Tests.Unit.Service.Payment.MollieIntegrationTest" assertions="3" time="0.000188"/>
      </testsuite>
    </testsuite>
    <testsuite name="Feature" tests="3" assertions="7" errors="0" failures="0" skipped="0" time="0.005403">
      <testsuite name="Tests\Feature\AuthSecurityTest" file="/var/www/html/tests/Feature/AuthSecurityTest.php" tests="3" assertions="7" errors="0" failures="0" skipped="0" time="0.005403">
        <testcase name="testSecurityHeadersArePresentInResponse" file="/var/www/html/tests/Feature/AuthSecurityTest.php" line="92" class="Tests\Feature\AuthSecurityTest" classname="Tests.Feature.AuthSecurityTest" assertions="4" time="0.000255"/>
        <testcase name="testPostRequestFailsWithoutCsrfToken" file="/var/www/html/tests/Feature/AuthSecurityTest.php" line="71" class="Tests\Feature\AuthSecurityTest" classname="Tests.Feature.AuthSecurityTest" assertions="2" time="0.004824"/>
        <testcase name="testGetRequestDoesNotRequireCsrf" file="/var/www/html/tests/Feature/AuthSecurityTest.php" line="43" class="Tests\Feature\AuthSecurityTest" classname="Tests.Feature.AuthSecurityTest" assertions="1" time="0.000324"/>
      </testsuite>
    </testsuite>
  </testsuite>
</testsuites>
