<?xml version="1.0" encoding="UTF-8"?>
<testsuites>
  <testsuite name="/home/morton/apps/Dev/ima_stub/phpunit.xml" tests="89" assertions="343" errors="0" failures="0" skipped="0" time="0.036335">
    <testsuite name="LMS" tests="40" assertions="154" errors="0" failures="0" skipped="0" time="0.020543">
      <testsuite name="Tests\Unit\Service\LMS\Configuration\ConfigurationManagerTest" file="/home/morton/apps/Dev/ima_stub/tests/Unit/Service/LMS/Configuration/ConfigurationManagerTest.php" tests="8" assertions="17" errors="0" failures="0" skipped="0" time="0.002589">
        <testcase name="testCanBeInstantiated" file="/home/morton/apps/Dev/ima_stub/tests/Unit/Service/LMS/Configuration/ConfigurationManagerTest.php" line="18" class="Tests\Unit\Service\LMS\Configuration\ConfigurationManagerTest" classname="Tests.Unit.Service.LMS.Configuration.ConfigurationManagerTest" assertions="1" time="0.001267"/>
        <testcase name="testGetIntegrationConfig" file="/home/morton/apps/Dev/ima_stub/tests/Unit/Service/LMS/Configuration/ConfigurationManagerTest.php" line="33" class="Tests\Unit\Service\LMS\Configuration\ConfigurationManagerTest" classname="Tests.Unit.Service.LMS.Configuration.ConfigurationManagerTest" assertions="4" time="0.000470"/>
        <testcase name="testValidateConfiguration" file="/home/morton/apps/Dev/ima_stub/tests/Unit/Service/LMS/Configuration/ConfigurationManagerTest.php" line="60" class="Tests\Unit\Service\LMS\Configuration\ConfigurationManagerTest" classname="Tests.Unit.Service.LMS.Configuration.ConfigurationManagerTest" assertions="1" time="0.000081"/>
        <testcase name="testGetNonExistentIntegrationConfig" file="/home/morton/apps/Dev/ima_stub/tests/Unit/Service/LMS/Configuration/ConfigurationManagerTest.php" line="69" class="Tests\Unit\Service\LMS\Configuration\ConfigurationManagerTest" classname="Tests.Unit.Service.LMS.Configuration.ConfigurationManagerTest" assertions="2" time="0.000142"/>
        <testcase name="testIsNonExistentIntegrationEnabled" file="/home/morton/apps/Dev/ima_stub/tests/Unit/Service/LMS/Configuration/ConfigurationManagerTest.php" line="77" class="Tests\Unit\Service\LMS\Configuration\ConfigurationManagerTest" classname="Tests.Unit.Service.LMS.Configuration.ConfigurationManagerTest" assertions="1" time="0.000107"/>
        <testcase name="testGetAllConfigurations" file="/home/morton/apps/Dev/ima_stub/tests/Unit/Service/LMS/Configuration/ConfigurationManagerTest.php" line="23" class="Tests\Unit\Service\LMS\Configuration\ConfigurationManagerTest" classname="Tests.Unit.Service.LMS.Configuration.ConfigurationManagerTest" assertions="4" time="0.000220"/>
        <testcase name="testIsIntegrationEnabled" file="/home/morton/apps/Dev/ima_stub/tests/Unit/Service/LMS/Configuration/ConfigurationManagerTest.php" line="43" class="Tests\Unit\Service\LMS\Configuration\ConfigurationManagerTest" classname="Tests.Unit.Service.LMS.Configuration.ConfigurationManagerTest" assertions="2" time="0.000124"/>
        <testcase name="testGetEnabledIntegrations" file="/home/morton/apps/Dev/ima_stub/tests/Unit/Service/LMS/Configuration/ConfigurationManagerTest.php" line="52" class="Tests\Unit\Service\LMS\Configuration\ConfigurationManagerTest" classname="Tests.Unit.Service.LMS.Configuration.ConfigurationManagerTest" assertions="2" time="0.000178"/>
      </testsuite>
      <testsuite name="Tests\Unit\Service\LMS\Factory\IntegrationFactoryTest" file="/home/morton/apps/Dev/ima_stub/tests/Unit/Service/LMS/Factory/IntegrationFactoryTest.php" tests="13" assertions="68" errors="0" failures="0" skipped="0" time="0.003277">
        <testcase name="testIsSupported" file="/home/morton/apps/Dev/ima_stub/tests/Unit/Service/LMS/Factory/IntegrationFactoryTest.php" line="28" class="Tests\Unit\Service\LMS\Factory\IntegrationFactoryTest" classname="Tests.Unit.Service.LMS.Factory.IntegrationFactoryTest" assertions="4" time="0.000361"/>
        <testcase name="testCreateFromConfig" file="/home/morton/apps/Dev/ima_stub/tests/Unit/Service/LMS/Factory/IntegrationFactoryTest.php" line="100" class="Tests\Unit\Service\LMS\Factory\IntegrationFactoryTest" classname="Tests.Unit.Service.LMS.Factory.IntegrationFactoryTest" assertions="8" time="0.000778"/>
        <testcase name="testValidateConfig" file="/home/morton/apps/Dev/ima_stub/tests/Unit/Service/LMS/Factory/IntegrationFactoryTest.php" line="141" class="Tests\Unit\Service\LMS\Factory\IntegrationFactoryTest" classname="Tests.Unit.Service.LMS.Factory.IntegrationFactoryTest" assertions="12" time="0.000184"/>
        <testcase name="testRegisterAndUnregisterIntegration" file="/home/morton/apps/Dev/ima_stub/tests/Unit/Service/LMS/Factory/IntegrationFactoryTest.php" line="220" class="Tests\Unit\Service\LMS\Factory\IntegrationFactoryTest" classname="Tests.Unit.Service.LMS.Factory.IntegrationFactoryTest" assertions="4" time="0.000223"/>
        <testcase name="testRegisterInvalidClassThrowsException" file="/home/morton/apps/Dev/ima_stub/tests/Unit/Service/LMS/Factory/IntegrationFactoryTest.php" line="247" class="Tests\Unit\Service\LMS\Factory\IntegrationFactoryTest" classname="Tests.Unit.Service.LMS.Factory.IntegrationFactoryTest" assertions="2" time="0.000262"/>
        <testcase name="testGetSupportedIntegrations" file="/home/morton/apps/Dev/ima_stub/tests/Unit/Service/LMS/Factory/IntegrationFactoryTest.php" line="18" class="Tests\Unit\Service\LMS\Factory\IntegrationFactoryTest" classname="Tests.Unit.Service.LMS.Factory.IntegrationFactoryTest" assertions="4" time="0.000105"/>
        <testcase name="testCreateGeminiIntegration" file="/home/morton/apps/Dev/ima_stub/tests/Unit/Service/LMS/Factory/IntegrationFactoryTest.php" line="49" class="Tests\Unit\Service\LMS\Factory\IntegrationFactoryTest" classname="Tests.Unit.Service.LMS.Factory.IntegrationFactoryTest" assertions="2" time="0.000063"/>
        <testcase name="testCreateWithInvalidConfigurationThrowsException" file="/home/morton/apps/Dev/ima_stub/tests/Unit/Service/LMS/Factory/IntegrationFactoryTest.php" line="84" class="Tests\Unit\Service\LMS\Factory\IntegrationFactoryTest" classname="Tests.Unit.Service.LMS.Factory.IntegrationFactoryTest" assertions="1" time="0.000134"/>
        <testcase name="testGetIntegrationClass" file="/home/morton/apps/Dev/ima_stub/tests/Unit/Service/LMS/Factory/IntegrationFactoryTest.php" line="92" class="Tests\Unit\Service\LMS\Factory\IntegrationFactoryTest" classname="Tests.Unit.Service.LMS.Factory.IntegrationFactoryTest" assertions="4" time="0.000075"/>
        <testcase name="testGetIntegrationCapabilities" file="/home/morton/apps/Dev/ima_stub/tests/Unit/Service/LMS/Factory/IntegrationFactoryTest.php" line="184" class="Tests\Unit\Service\LMS\Factory\IntegrationFactoryTest" classname="Tests.Unit.Service.LMS.Factory.IntegrationFactoryTest" assertions="21" time="0.000405"/>
        <testcase name="testCreateOllamaIntegration" file="/home/morton/apps/Dev/ima_stub/tests/Unit/Service/LMS/Factory/IntegrationFactoryTest.php" line="36" class="Tests\Unit\Service\LMS\Factory\IntegrationFactoryTest" classname="Tests.Unit.Service.LMS.Factory.IntegrationFactoryTest" assertions="2" time="0.000061"/>
        <testcase name="testCreateTencentEduIntegration" file="/home/morton/apps/Dev/ima_stub/tests/Unit/Service/LMS/Factory/IntegrationFactoryTest.php" line="62" class="Tests\Unit\Service\LMS\Factory\IntegrationFactoryTest" classname="Tests.Unit.Service.LMS.Factory.IntegrationFactoryTest" assertions="2" time="0.000534"/>
        <testcase name="testCreateUnsupportedIntegrationThrowsException" file="/home/morton/apps/Dev/ima_stub/tests/Unit/Service/LMS/Factory/IntegrationFactoryTest.php" line="76" class="Tests\Unit\Service\LMS\Factory\IntegrationFactoryTest" classname="Tests.Unit.Service.LMS.Factory.IntegrationFactoryTest" assertions="2" time="0.000092"/>
      </testsuite>
      <testsuite name="Tests\Unit\Service\LMS\LMSServiceTest" file="/home/morton/apps/Dev/ima_stub/tests/Unit/Service/LMS/LMSServiceTest.php" tests="19" assertions="69" errors="0" failures="0" skipped="0" time="0.014678">
        <testcase name="testCanBeInstantiated" file="/home/morton/apps/Dev/ima_stub/tests/Unit/Service/LMS/LMSServiceTest.php" line="21" class="Tests\Unit\Service\LMS\LMSServiceTest" classname="Tests.Unit.Service.LMS.LMSServiceTest" assertions="1" time="0.001300"/>
        <testcase name="testGetConfigurationManager" file="/home/morton/apps/Dev/ima_stub/tests/Unit/Service/LMS/LMSServiceTest.php" line="35" class="Tests\Unit\Service\LMS\LMSServiceTest" classname="Tests.Unit.Service.LMS.LMSServiceTest" assertions="1" time="0.000509"/>
        <testcase name="testGetIntegrationRegistry" file="/home/morton/apps/Dev/ima_stub/tests/Unit/Service/LMS/LMSServiceTest.php" line="42" class="Tests\Unit\Service\LMS\LMSServiceTest" classname="Tests.Unit.Service.LMS.LMSServiceTest" assertions="1" time="0.000587"/>
        <testcase name="testGetAvailableIntegrations" file="/home/morton/apps/Dev/ima_stub/tests/Unit/Service/LMS/LMSServiceTest.php" line="49" class="Tests\Unit\Service\LMS\LMSServiceTest" classname="Tests.Unit.Service.LMS.LMSServiceTest" assertions="2" time="0.000729"/>
        <testcase name="testIsIntegrationAvailable" file="/home/morton/apps/Dev/ima_stub/tests/Unit/Service/LMS/LMSServiceTest.php" line="58" class="Tests\Unit\Service\LMS\LMSServiceTest" classname="Tests.Unit.Service.LMS.LMSServiceTest" assertions="2" time="0.000602"/>
        <testcase name="testCreateCourseWithInvalidIntegration" file="/home/morton/apps/Dev/ima_stub/tests/Unit/Service/LMS/LMSServiceTest.php" line="133" class="Tests\Unit\Service\LMS\LMSServiceTest" classname="Tests.Unit.Service.LMS.LMSServiceTest" assertions="7" time="0.000768"/>
        <testcase name="testAnalyzeTextWithInvalidIntegration" file="/home/morton/apps/Dev/ima_stub/tests/Unit/Service/LMS/LMSServiceTest.php" line="165" class="Tests\Unit\Service\LMS\LMSServiceTest" classname="Tests.Unit.Service.LMS.LMSServiceTest" assertions="7" time="0.000540"/>
        <testcase name="testGetBestIntegrationFor" file="/home/morton/apps/Dev/ima_stub/tests/Unit/Service/LMS/LMSServiceTest.php" line="199" class="Tests\Unit\Service\LMS\LMSServiceTest" classname="Tests.Unit.Service.LMS.LMSServiceTest" assertions="1" time="0.000400"/>
        <testcase name="testGetIntegrationStatus" file="/home/morton/apps/Dev/ima_stub/tests/Unit/Service/LMS/LMSServiceTest.php" line="67" class="Tests\Unit\Service\LMS\LMSServiceTest" classname="Tests.Unit.Service.LMS.LMSServiceTest" assertions="5" time="0.000798"/>
        <testcase name="testGenerateContentWithInvalidIntegration" file="/home/morton/apps/Dev/ima_stub/tests/Unit/Service/LMS/LMSServiceTest.php" line="99" class="Tests\Unit\Service\LMS\LMSServiceTest" classname="Tests.Unit.Service.LMS.LMSServiceTest" assertions="8" time="0.000753"/>
        <testcase name="testGetIntegrationCapabilities" file="/home/morton/apps/Dev/ima_stub/tests/Unit/Service/LMS/LMSServiceTest.php" line="209" class="Tests\Unit\Service\LMS\LMSServiceTest" classname="Tests.Unit.Service.LMS.LMSServiceTest" assertions="4" time="0.000710"/>
        <testcase name="testGetStatistics" file="/home/morton/apps/Dev/ima_stub/tests/Unit/Service/LMS/LMSServiceTest.php" line="219" class="Tests\Unit\Service\LMS\LMSServiceTest" classname="Tests.Unit.Service.LMS.LMSServiceTest" assertions="9" time="0.000630"/>
        <testcase name="testInitialize" file="/home/morton/apps/Dev/ima_stub/tests/Unit/Service/LMS/LMSServiceTest.php" line="26" class="Tests\Unit\Service\LMS\LMSServiceTest" classname="Tests.Unit.Service.LMS.LMSServiceTest" assertions="1" time="0.000839"/>
        <testcase name="testGenerateContentWithValidIntegration" file="/home/morton/apps/Dev/ima_stub/tests/Unit/Service/LMS/LMSServiceTest.php" line="81" class="Tests\Unit\Service\LMS\LMSServiceTest" classname="Tests.Unit.Service.LMS.LMSServiceTest" assertions="5" time="0.001131"/>
        <testcase name="testAnalyzeTextWithValidIntegration" file="/home/morton/apps/Dev/ima_stub/tests/Unit/Service/LMS/LMSServiceTest.php" line="150" class="Tests\Unit\Service\LMS\LMSServiceTest" classname="Tests.Unit.Service.LMS.LMSServiceTest" assertions="5" time="0.001002"/>
        <testcase name="testRefreshHealthStatus" file="/home/morton/apps/Dev/ima_stub/tests/Unit/Service/LMS/LMSServiceTest.php" line="235" class="Tests\Unit\Service\LMS\LMSServiceTest" classname="Tests.Unit.Service.LMS.LMSServiceTest" assertions="1" time="0.000904"/>
        <testcase name="testMultipleInitializationCallsAreSafe" file="/home/morton/apps/Dev/ima_stub/tests/Unit/Service/LMS/LMSServiceTest.php" line="245" class="Tests\Unit\Service\LMS\LMSServiceTest" classname="Tests.Unit.Service.LMS.LMSServiceTest" assertions="2" time="0.000883"/>
        <testcase name="testCreateCourseWithValidIntegration" file="/home/morton/apps/Dev/ima_stub/tests/Unit/Service/LMS/LMSServiceTest.php" line="116" class="Tests\Unit\Service\LMS\LMSServiceTest" classname="Tests.Unit.Service.LMS.LMSServiceTest" assertions="5" time="0.000824"/>
        <testcase name="testGenerateContentWithFallback" file="/home/morton/apps/Dev/ima_stub/tests/Unit/Service/LMS/LMSServiceTest.php" line="181" class="Tests\Unit\Service\LMS\LMSServiceTest" classname="Tests.Unit.Service.LMS.LMSServiceTest" assertions="2" time="0.000769"/>
      </testsuite>
    </testsuite>
    <testsuite name="Unit" tests="49" assertions="189" errors="0" failures="0" skipped="0" time="0.015792">
      <testsuite name="Tests\Unit\Service\SseApiTest" file="/home/morton/apps/Dev/ima_stub/tests/Unit/Service/SseApiTest.php" tests="3" assertions="13" errors="0" failures="0" skipped="0" time="0.001449">
        <testcase name="testTestActionOutputsOkStatus" file="/home/morton/apps/Dev/ima_stub/tests/Unit/Service/SseApiTest.php" line="64" class="Tests\Unit\Service\SseApiTest" classname="Tests.Unit.Service.SseApiTest" assertions="3" time="0.000960"/>
        <testcase name="testEchoActionOutputsSingleEvent" file="/home/morton/apps/Dev/ima_stub/tests/Unit/Service/SseApiTest.php" line="12" class="Tests\Unit\Service\SseApiTest" classname="Tests.Unit.Service.SseApiTest" assertions="6" time="0.000374"/>
        <testcase name="testClockActionEmitsRequestedCount" file="/home/morton/apps/Dev/ima_stub/tests/Unit/Service/SseApiTest.php" line="38" class="Tests\Unit\Service\SseApiTest" classname="Tests.Unit.Service.SseApiTest" assertions="4" time="0.000116"/>
      </testsuite>
      <testsuite name="Tests\Unit\Core\SSE\SseEmitterTest" file="/home/morton/apps/Dev/ima_stub/tests/Unit/Core/SSE/SseEmitterTest.php" tests="3" assertions="10" errors="0" failures="0" skipped="0" time="0.000260">
        <testcase name="testStartSetsHeadersAndOptionalRetry" file="/home/morton/apps/Dev/ima_stub/tests/Unit/Core/SSE/SseEmitterTest.php" line="11" class="Tests\Unit\Core\SSE\SseEmitterTest" classname="Tests.Unit.Core.SSE.SseEmitterTest" assertions="5" time="0.000106"/>
        <testcase name="testSendFormatsEventIdAndJsonData" file="/home/morton/apps/Dev/ima_stub/tests/Unit/Core/SSE/SseEmitterTest.php" line="27" class="Tests\Unit\Core\SSE\SseEmitterTest" classname="Tests.Unit.Core.SSE.SseEmitterTest" assertions="3" time="0.000082"/>
        <testcase name="testCommentAndHeartbeat" file="/home/morton/apps/Dev/ima_stub/tests/Unit/Core/SSE/SseEmitterTest.php" line="41" class="Tests\Unit\Core\SSE\SseEmitterTest" classname="Tests.Unit.Core.SSE.SseEmitterTest" assertions="2" time="0.000072"/>
      </testsuite>
      <testsuite name="Tests\Unit\Model\ErrorLogTest" file="/home/morton/apps/Dev/ima_stub/tests/Unit/Model/ErrorLogTest.php" tests="3" assertions="12" errors="0" failures="0" skipped="0" time="0.000534">
        <testcase name="testSettersAndGettersWork" file="/home/morton/apps/Dev/ima_stub/tests/Unit/Model/ErrorLogTest.php" line="10" class="Tests\Unit\Model\ErrorLogTest" classname="Tests.Unit.Model.ErrorLogTest" assertions="8" time="0.000331"/>
        <testcase name="testSetContextJsonRoundTrip" file="/home/morton/apps/Dev/ima_stub/tests/Unit/Model/ErrorLogTest.php" line="31" class="Tests\Unit\Model\ErrorLogTest" classname="Tests.Unit.Model.ErrorLogTest" assertions="2" time="0.000081"/>
        <testcase name="testBeforeValidationOnCreateSetsCreatedAt" file="/home/morton/apps/Dev/ima_stub/tests/Unit/Model/ErrorLogTest.php" line="40" class="Tests\Unit\Model\ErrorLogTest" classname="Tests.Unit.Model.ErrorLogTest" assertions="2" time="0.000122"/>
      </testsuite>
      <testsuite name="Tests\Unit\Service\LMS\Configuration\ConfigurationManagerTest" file="/home/morton/apps/Dev/ima_stub/tests/Unit/Service/LMS/Configuration/ConfigurationManagerTest.php" tests="8" assertions="17" errors="0" failures="0" skipped="0" time="0.000706">
        <testcase name="testCanBeInstantiated" file="/home/morton/apps/Dev/ima_stub/tests/Unit/Service/LMS/Configuration/ConfigurationManagerTest.php" line="18" class="Tests\Unit\Service\LMS\Configuration\ConfigurationManagerTest" classname="Tests.Unit.Service.LMS.Configuration.ConfigurationManagerTest" assertions="1" time="0.000078"/>
        <testcase name="testGetIntegrationConfig" file="/home/morton/apps/Dev/ima_stub/tests/Unit/Service/LMS/Configuration/ConfigurationManagerTest.php" line="33" class="Tests\Unit\Service\LMS\Configuration\ConfigurationManagerTest" classname="Tests.Unit.Service.LMS.Configuration.ConfigurationManagerTest" assertions="4" time="0.000110"/>
        <testcase name="testValidateConfiguration" file="/home/morton/apps/Dev/ima_stub/tests/Unit/Service/LMS/Configuration/ConfigurationManagerTest.php" line="60" class="Tests\Unit\Service\LMS\Configuration\ConfigurationManagerTest" classname="Tests.Unit.Service.LMS.Configuration.ConfigurationManagerTest" assertions="1" time="0.000073"/>
        <testcase name="testGetNonExistentIntegrationConfig" file="/home/morton/apps/Dev/ima_stub/tests/Unit/Service/LMS/Configuration/ConfigurationManagerTest.php" line="69" class="Tests\Unit\Service\LMS\Configuration\ConfigurationManagerTest" classname="Tests.Unit.Service.LMS.Configuration.ConfigurationManagerTest" assertions="2" time="0.000088"/>
        <testcase name="testIsNonExistentIntegrationEnabled" file="/home/morton/apps/Dev/ima_stub/tests/Unit/Service/LMS/Configuration/ConfigurationManagerTest.php" line="77" class="Tests\Unit\Service\LMS\Configuration\ConfigurationManagerTest" classname="Tests.Unit.Service.LMS.Configuration.ConfigurationManagerTest" assertions="1" time="0.000068"/>
        <testcase name="testGetAllConfigurations" file="/home/morton/apps/Dev/ima_stub/tests/Unit/Service/LMS/Configuration/ConfigurationManagerTest.php" line="23" class="Tests\Unit\Service\LMS\Configuration\ConfigurationManagerTest" classname="Tests.Unit.Service.LMS.Configuration.ConfigurationManagerTest" assertions="4" time="0.000143"/>
        <testcase name="testIsIntegrationEnabled" file="/home/morton/apps/Dev/ima_stub/tests/Unit/Service/LMS/Configuration/ConfigurationManagerTest.php" line="43" class="Tests\Unit\Service\LMS\Configuration\ConfigurationManagerTest" classname="Tests.Unit.Service.LMS.Configuration.ConfigurationManagerTest" assertions="2" time="0.000067"/>
        <testcase name="testGetEnabledIntegrations" file="/home/morton/apps/Dev/ima_stub/tests/Unit/Service/LMS/Configuration/ConfigurationManagerTest.php" line="52" class="Tests\Unit\Service\LMS\Configuration\ConfigurationManagerTest" classname="Tests.Unit.Service.LMS.Configuration.ConfigurationManagerTest" assertions="2" time="0.000079"/>
      </testsuite>
      <testsuite name="Tests\Unit\Service\LMS\Factory\IntegrationFactoryTest" file="/home/morton/apps/Dev/ima_stub/tests/Unit/Service/LMS/Factory/IntegrationFactoryTest.php" tests="13" assertions="68" errors="0" failures="0" skipped="0" time="0.001440">
        <testcase name="testIsSupported" file="/home/morton/apps/Dev/ima_stub/tests/Unit/Service/LMS/Factory/IntegrationFactoryTest.php" line="28" class="Tests\Unit\Service\LMS\Factory\IntegrationFactoryTest" classname="Tests.Unit.Service.LMS.Factory.IntegrationFactoryTest" assertions="4" time="0.000071"/>
        <testcase name="testCreateFromConfig" file="/home/morton/apps/Dev/ima_stub/tests/Unit/Service/LMS/Factory/IntegrationFactoryTest.php" line="100" class="Tests\Unit\Service\LMS\Factory\IntegrationFactoryTest" classname="Tests.Unit.Service.LMS.Factory.IntegrationFactoryTest" assertions="8" time="0.000138"/>
        <testcase name="testValidateConfig" file="/home/morton/apps/Dev/ima_stub/tests/Unit/Service/LMS/Factory/IntegrationFactoryTest.php" line="141" class="Tests\Unit\Service\LMS\Factory\IntegrationFactoryTest" classname="Tests.Unit.Service.LMS.Factory.IntegrationFactoryTest" assertions="12" time="0.000177"/>
        <testcase name="testRegisterAndUnregisterIntegration" file="/home/morton/apps/Dev/ima_stub/tests/Unit/Service/LMS/Factory/IntegrationFactoryTest.php" line="220" class="Tests\Unit\Service\LMS\Factory\IntegrationFactoryTest" classname="Tests.Unit.Service.LMS.Factory.IntegrationFactoryTest" assertions="4" time="0.000080"/>
        <testcase name="testRegisterInvalidClassThrowsException" file="/home/morton/apps/Dev/ima_stub/tests/Unit/Service/LMS/Factory/IntegrationFactoryTest.php" line="247" class="Tests\Unit\Service\LMS\Factory\IntegrationFactoryTest" classname="Tests.Unit.Service.LMS.Factory.IntegrationFactoryTest" assertions="2" time="0.000072"/>
        <testcase name="testGetSupportedIntegrations" file="/home/morton/apps/Dev/ima_stub/tests/Unit/Service/LMS/Factory/IntegrationFactoryTest.php" line="18" class="Tests\Unit\Service\LMS\Factory\IntegrationFactoryTest" classname="Tests.Unit.Service.LMS.Factory.IntegrationFactoryTest" assertions="4" time="0.000095"/>
        <testcase name="testCreateGeminiIntegration" file="/home/morton/apps/Dev/ima_stub/tests/Unit/Service/LMS/Factory/IntegrationFactoryTest.php" line="49" class="Tests\Unit\Service\LMS\Factory\IntegrationFactoryTest" classname="Tests.Unit.Service.LMS.Factory.IntegrationFactoryTest" assertions="2" time="0.000064"/>
        <testcase name="testCreateWithInvalidConfigurationThrowsException" file="/home/morton/apps/Dev/ima_stub/tests/Unit/Service/LMS/Factory/IntegrationFactoryTest.php" line="84" class="Tests\Unit\Service\LMS\Factory\IntegrationFactoryTest" classname="Tests.Unit.Service.LMS.Factory.IntegrationFactoryTest" assertions="1" time="0.000068"/>
        <testcase name="testGetIntegrationClass" file="/home/morton/apps/Dev/ima_stub/tests/Unit/Service/LMS/Factory/IntegrationFactoryTest.php" line="92" class="Tests\Unit\Service\LMS\Factory\IntegrationFactoryTest" classname="Tests.Unit.Service.LMS.Factory.IntegrationFactoryTest" assertions="4" time="0.000073"/>
        <testcase name="testGetIntegrationCapabilities" file="/home/morton/apps/Dev/ima_stub/tests/Unit/Service/LMS/Factory/IntegrationFactoryTest.php" line="184" class="Tests\Unit\Service\LMS\Factory\IntegrationFactoryTest" classname="Tests.Unit.Service.LMS.Factory.IntegrationFactoryTest" assertions="21" time="0.000369"/>
        <testcase name="testCreateOllamaIntegration" file="/home/morton/apps/Dev/ima_stub/tests/Unit/Service/LMS/Factory/IntegrationFactoryTest.php" line="36" class="Tests\Unit\Service\LMS\Factory\IntegrationFactoryTest" classname="Tests.Unit.Service.LMS.Factory.IntegrationFactoryTest" assertions="2" time="0.000068"/>
        <testcase name="testCreateTencentEduIntegration" file="/home/morton/apps/Dev/ima_stub/tests/Unit/Service/LMS/Factory/IntegrationFactoryTest.php" line="62" class="Tests\Unit\Service\LMS\Factory\IntegrationFactoryTest" classname="Tests.Unit.Service.LMS.Factory.IntegrationFactoryTest" assertions="2" time="0.000089"/>
        <testcase name="testCreateUnsupportedIntegrationThrowsException" file="/home/morton/apps/Dev/ima_stub/tests/Unit/Service/LMS/Factory/IntegrationFactoryTest.php" line="76" class="Tests\Unit\Service\LMS\Factory\IntegrationFactoryTest" classname="Tests.Unit.Service.LMS.Factory.IntegrationFactoryTest" assertions="2" time="0.000076"/>
      </testsuite>
      <testsuite name="Tests\Unit\Service\LMS\LMSServiceTest" file="/home/morton/apps/Dev/ima_stub/tests/Unit/Service/LMS/LMSServiceTest.php" tests="19" assertions="69" errors="0" failures="0" skipped="0" time="0.011402">
        <testcase name="testCanBeInstantiated" file="/home/morton/apps/Dev/ima_stub/tests/Unit/Service/LMS/LMSServiceTest.php" line="21" class="Tests\Unit\Service\LMS\LMSServiceTest" classname="Tests.Unit.Service.LMS.LMSServiceTest" assertions="1" time="0.000575"/>
        <testcase name="testGetConfigurationManager" file="/home/morton/apps/Dev/ima_stub/tests/Unit/Service/LMS/LMSServiceTest.php" line="35" class="Tests\Unit\Service\LMS\LMSServiceTest" classname="Tests.Unit.Service.LMS.LMSServiceTest" assertions="1" time="0.000591"/>
        <testcase name="testGetIntegrationRegistry" file="/home/morton/apps/Dev/ima_stub/tests/Unit/Service/LMS/LMSServiceTest.php" line="42" class="Tests\Unit\Service\LMS\LMSServiceTest" classname="Tests.Unit.Service.LMS.LMSServiceTest" assertions="1" time="0.000511"/>
        <testcase name="testGetAvailableIntegrations" file="/home/morton/apps/Dev/ima_stub/tests/Unit/Service/LMS/LMSServiceTest.php" line="49" class="Tests\Unit\Service\LMS\LMSServiceTest" classname="Tests.Unit.Service.LMS.LMSServiceTest" assertions="2" time="0.000478"/>
        <testcase name="testIsIntegrationAvailable" file="/home/morton/apps/Dev/ima_stub/tests/Unit/Service/LMS/LMSServiceTest.php" line="58" class="Tests\Unit\Service\LMS\LMSServiceTest" classname="Tests.Unit.Service.LMS.LMSServiceTest" assertions="2" time="0.000417"/>
        <testcase name="testCreateCourseWithInvalidIntegration" file="/home/morton/apps/Dev/ima_stub/tests/Unit/Service/LMS/LMSServiceTest.php" line="133" class="Tests\Unit\Service\LMS\LMSServiceTest" classname="Tests.Unit.Service.LMS.LMSServiceTest" assertions="7" time="0.000445"/>
        <testcase name="testAnalyzeTextWithInvalidIntegration" file="/home/morton/apps/Dev/ima_stub/tests/Unit/Service/LMS/LMSServiceTest.php" line="165" class="Tests\Unit\Service\LMS\LMSServiceTest" classname="Tests.Unit.Service.LMS.LMSServiceTest" assertions="7" time="0.000433"/>
        <testcase name="testGetBestIntegrationFor" file="/home/morton/apps/Dev/ima_stub/tests/Unit/Service/LMS/LMSServiceTest.php" line="199" class="Tests\Unit\Service\LMS\LMSServiceTest" classname="Tests.Unit.Service.LMS.LMSServiceTest" assertions="1" time="0.000366"/>
        <testcase name="testGetIntegrationStatus" file="/home/morton/apps/Dev/ima_stub/tests/Unit/Service/LMS/LMSServiceTest.php" line="67" class="Tests\Unit\Service\LMS\LMSServiceTest" classname="Tests.Unit.Service.LMS.LMSServiceTest" assertions="5" time="0.000830"/>
        <testcase name="testGenerateContentWithInvalidIntegration" file="/home/morton/apps/Dev/ima_stub/tests/Unit/Service/LMS/LMSServiceTest.php" line="99" class="Tests\Unit\Service\LMS\LMSServiceTest" classname="Tests.Unit.Service.LMS.LMSServiceTest" assertions="8" time="0.000484"/>
        <testcase name="testGetIntegrationCapabilities" file="/home/morton/apps/Dev/ima_stub/tests/Unit/Service/LMS/LMSServiceTest.php" line="209" class="Tests\Unit\Service\LMS\LMSServiceTest" classname="Tests.Unit.Service.LMS.LMSServiceTest" assertions="4" time="0.000476"/>
        <testcase name="testGetStatistics" file="/home/morton/apps/Dev/ima_stub/tests/Unit/Service/LMS/LMSServiceTest.php" line="219" class="Tests\Unit\Service\LMS\LMSServiceTest" classname="Tests.Unit.Service.LMS.LMSServiceTest" assertions="9" time="0.000739"/>
        <testcase name="testInitialize" file="/home/morton/apps/Dev/ima_stub/tests/Unit/Service/LMS/LMSServiceTest.php" line="26" class="Tests\Unit\Service\LMS\LMSServiceTest" classname="Tests.Unit.Service.LMS.LMSServiceTest" assertions="1" time="0.000723"/>
        <testcase name="testGenerateContentWithValidIntegration" file="/home/morton/apps/Dev/ima_stub/tests/Unit/Service/LMS/LMSServiceTest.php" line="81" class="Tests\Unit\Service\LMS\LMSServiceTest" classname="Tests.Unit.Service.LMS.LMSServiceTest" assertions="5" time="0.000744"/>
        <testcase name="testAnalyzeTextWithValidIntegration" file="/home/morton/apps/Dev/ima_stub/tests/Unit/Service/LMS/LMSServiceTest.php" line="150" class="Tests\Unit\Service\LMS\LMSServiceTest" classname="Tests.Unit.Service.LMS.LMSServiceTest" assertions="5" time="0.000720"/>
        <testcase name="testRefreshHealthStatus" file="/home/morton/apps/Dev/ima_stub/tests/Unit/Service/LMS/LMSServiceTest.php" line="235" class="Tests\Unit\Service\LMS\LMSServiceTest" classname="Tests.Unit.Service.LMS.LMSServiceTest" assertions="1" time="0.000747"/>
        <testcase name="testMultipleInitializationCallsAreSafe" file="/home/morton/apps/Dev/ima_stub/tests/Unit/Service/LMS/LMSServiceTest.php" line="245" class="Tests\Unit\Service\LMS\LMSServiceTest" classname="Tests.Unit.Service.LMS.LMSServiceTest" assertions="2" time="0.000702"/>
        <testcase name="testCreateCourseWithValidIntegration" file="/home/morton/apps/Dev/ima_stub/tests/Unit/Service/LMS/LMSServiceTest.php" line="116" class="Tests\Unit\Service\LMS\LMSServiceTest" classname="Tests.Unit.Service.LMS.LMSServiceTest" assertions="5" time="0.000718"/>
        <testcase name="testGenerateContentWithFallback" file="/home/morton/apps/Dev/ima_stub/tests/Unit/Service/LMS/LMSServiceTest.php" line="181" class="Tests\Unit\Service\LMS\LMSServiceTest" classname="Tests.Unit.Service.LMS.LMSServiceTest" assertions="2" time="0.000703"/>
      </testsuite>
    </testsuite>
  </testsuite>
</testsuites>
