<?xml version="1.0" encoding="UTF-8"?>
<testsuites>
  <testsuite name="/var/www/html/phpunit.xml" tests="89" assertions="343" errors="0" failures="0" skipped="0" time="3.866378">
    <testsuite name="LMS" tests="40" assertions="154" errors="0" failures="0" skipped="0" time="1.952722">
      <testsuite name="Tests\Unit\Service\LMS\Configuration\ConfigurationManagerTest" file="/var/www/html/tests/Unit/Service/LMS/Configuration/ConfigurationManagerTest.php" tests="8" assertions="17" errors="0" failures="0" skipped="0" time="0.007297">
        <testcase name="testCanBeInstantiated" file="/var/www/html/tests/Unit/Service/LMS/Configuration/ConfigurationManagerTest.php" line="18" class="Tests\Unit\Service\LMS\Configuration\ConfigurationManagerTest" classname="Tests.Unit.Service.LMS.Configuration.ConfigurationManagerTest" assertions="1" time="0.004182"/>
        <testcase name="testGetAllConfigurations" file="/var/www/html/tests/Unit/Service/LMS/Configuration/ConfigurationManagerTest.php" line="23" class="Tests\Unit\Service\LMS\Configuration\ConfigurationManagerTest" classname="Tests.Unit.Service.LMS.Configuration.ConfigurationManagerTest" assertions="4" time="0.001149"/>
        <testcase name="testGetIntegrationConfig" file="/var/www/html/tests/Unit/Service/LMS/Configuration/ConfigurationManagerTest.php" line="33" class="Tests\Unit\Service\LMS\Configuration\ConfigurationManagerTest" classname="Tests.Unit.Service.LMS.Configuration.ConfigurationManagerTest" assertions="4" time="0.000226"/>
        <testcase name="testIsIntegrationEnabled" file="/var/www/html/tests/Unit/Service/LMS/Configuration/ConfigurationManagerTest.php" line="43" class="Tests\Unit\Service\LMS\Configuration\ConfigurationManagerTest" classname="Tests.Unit.Service.LMS.Configuration.ConfigurationManagerTest" assertions="2" time="0.000468"/>
        <testcase name="testGetEnabledIntegrations" file="/var/www/html/tests/Unit/Service/LMS/Configuration/ConfigurationManagerTest.php" line="52" class="Tests\Unit\Service\LMS\Configuration\ConfigurationManagerTest" classname="Tests.Unit.Service.LMS.Configuration.ConfigurationManagerTest" assertions="2" time="0.000519"/>
        <testcase name="testValidateConfiguration" file="/var/www/html/tests/Unit/Service/LMS/Configuration/ConfigurationManagerTest.php" line="60" class="Tests\Unit\Service\LMS\Configuration\ConfigurationManagerTest" classname="Tests.Unit.Service.LMS.Configuration.ConfigurationManagerTest" assertions="1" time="0.000156"/>
        <testcase name="testGetNonExistentIntegrationConfig" file="/var/www/html/tests/Unit/Service/LMS/Configuration/ConfigurationManagerTest.php" line="69" class="Tests\Unit\Service\LMS\Configuration\ConfigurationManagerTest" classname="Tests.Unit.Service.LMS.Configuration.ConfigurationManagerTest" assertions="2" time="0.000428"/>
        <testcase name="testIsNonExistentIntegrationEnabled" file="/var/www/html/tests/Unit/Service/LMS/Configuration/ConfigurationManagerTest.php" line="77" class="Tests\Unit\Service\LMS\Configuration\ConfigurationManagerTest" classname="Tests.Unit.Service.LMS.Configuration.ConfigurationManagerTest" assertions="1" time="0.000168"/>
      </testsuite>
      <testsuite name="Tests\Unit\Service\LMS\Factory\IntegrationFactoryTest" file="/var/www/html/tests/Unit/Service/LMS/Factory/IntegrationFactoryTest.php" tests="13" assertions="68" errors="0" failures="0" skipped="0" time="0.007612">
        <testcase name="testGetSupportedIntegrations" file="/var/www/html/tests/Unit/Service/LMS/Factory/IntegrationFactoryTest.php" line="18" class="Tests\Unit\Service\LMS\Factory\IntegrationFactoryTest" classname="Tests.Unit.Service.LMS.Factory.IntegrationFactoryTest" assertions="4" time="0.000564"/>
        <testcase name="testIsSupported" file="/var/www/html/tests/Unit/Service/LMS/Factory/IntegrationFactoryTest.php" line="28" class="Tests\Unit\Service\LMS\Factory\IntegrationFactoryTest" classname="Tests.Unit.Service.LMS.Factory.IntegrationFactoryTest" assertions="4" time="0.000133"/>
        <testcase name="testCreateOllamaIntegration" file="/var/www/html/tests/Unit/Service/LMS/Factory/IntegrationFactoryTest.php" line="36" class="Tests\Unit\Service\LMS\Factory\IntegrationFactoryTest" classname="Tests.Unit.Service.LMS.Factory.IntegrationFactoryTest" assertions="2" time="0.000683"/>
        <testcase name="testCreateGeminiIntegration" file="/var/www/html/tests/Unit/Service/LMS/Factory/IntegrationFactoryTest.php" line="49" class="Tests\Unit\Service\LMS\Factory\IntegrationFactoryTest" classname="Tests.Unit.Service.LMS.Factory.IntegrationFactoryTest" assertions="2" time="0.000452"/>
        <testcase name="testCreateTencentEduIntegration" file="/var/www/html/tests/Unit/Service/LMS/Factory/IntegrationFactoryTest.php" line="62" class="Tests\Unit\Service\LMS\Factory\IntegrationFactoryTest" classname="Tests.Unit.Service.LMS.Factory.IntegrationFactoryTest" assertions="2" time="0.001119"/>
        <testcase name="testCreateUnsupportedIntegrationThrowsException" file="/var/www/html/tests/Unit/Service/LMS/Factory/IntegrationFactoryTest.php" line="76" class="Tests\Unit\Service\LMS\Factory\IntegrationFactoryTest" classname="Tests.Unit.Service.LMS.Factory.IntegrationFactoryTest" assertions="2" time="0.001251"/>
        <testcase name="testCreateWithInvalidConfigurationThrowsException" file="/var/www/html/tests/Unit/Service/LMS/Factory/IntegrationFactoryTest.php" line="84" class="Tests\Unit\Service\LMS\Factory\IntegrationFactoryTest" classname="Tests.Unit.Service.LMS.Factory.IntegrationFactoryTest" assertions="1" time="0.000368"/>
        <testcase name="testGetIntegrationClass" file="/var/www/html/tests/Unit/Service/LMS/Factory/IntegrationFactoryTest.php" line="92" class="Tests\Unit\Service\LMS\Factory\IntegrationFactoryTest" classname="Tests.Unit.Service.LMS.Factory.IntegrationFactoryTest" assertions="4" time="0.000571"/>
        <testcase name="testCreateFromConfig" file="/var/www/html/tests/Unit/Service/LMS/Factory/IntegrationFactoryTest.php" line="100" class="Tests\Unit\Service\LMS\Factory\IntegrationFactoryTest" classname="Tests.Unit.Service.LMS.Factory.IntegrationFactoryTest" assertions="8" time="0.001001"/>
        <testcase name="testValidateConfig" file="/var/www/html/tests/Unit/Service/LMS/Factory/IntegrationFactoryTest.php" line="141" class="Tests\Unit\Service\LMS\Factory\IntegrationFactoryTest" classname="Tests.Unit.Service.LMS.Factory.IntegrationFactoryTest" assertions="12" time="0.000357"/>
        <testcase name="testGetIntegrationCapabilities" file="/var/www/html/tests/Unit/Service/LMS/Factory/IntegrationFactoryTest.php" line="184" class="Tests\Unit\Service\LMS\Factory\IntegrationFactoryTest" classname="Tests.Unit.Service.LMS.Factory.IntegrationFactoryTest" assertions="21" time="0.000820"/>
        <testcase name="testRegisterAndUnregisterIntegration" file="/var/www/html/tests/Unit/Service/LMS/Factory/IntegrationFactoryTest.php" line="220" class="Tests\Unit\Service\LMS\Factory\IntegrationFactoryTest" classname="Tests.Unit.Service.LMS.Factory.IntegrationFactoryTest" assertions="4" time="0.000136"/>
        <testcase name="testRegisterInvalidClassThrowsException" file="/var/www/html/tests/Unit/Service/LMS/Factory/IntegrationFactoryTest.php" line="247" class="Tests\Unit\Service\LMS\Factory\IntegrationFactoryTest" classname="Tests.Unit.Service.LMS.Factory.IntegrationFactoryTest" assertions="2" time="0.000156"/>
      </testsuite>
      <testsuite name="Tests\Unit\Service\LMS\LMSServiceTest" file="/var/www/html/tests/Unit/Service/LMS/LMSServiceTest.php" tests="19" assertions="69" errors="0" failures="0" skipped="0" time="1.937813">
        <testcase name="testCanBeInstantiated" file="/var/www/html/tests/Unit/Service/LMS/LMSServiceTest.php" line="21" class="Tests\Unit\Service\LMS\LMSServiceTest" classname="Tests.Unit.Service.LMS.LMSServiceTest" assertions="1" time="0.122021"/>
        <testcase name="testInitialize" file="/var/www/html/tests/Unit/Service/LMS/LMSServiceTest.php" line="26" class="Tests\Unit\Service\LMS\LMSServiceTest" classname="Tests.Unit.Service.LMS.LMSServiceTest" assertions="1" time="0.145527"/>
        <testcase name="testGetConfigurationManager" file="/var/www/html/tests/Unit/Service/LMS/LMSServiceTest.php" line="35" class="Tests\Unit\Service\LMS\LMSServiceTest" classname="Tests.Unit.Service.LMS.LMSServiceTest" assertions="1" time="0.072046"/>
        <testcase name="testGetIntegrationRegistry" file="/var/www/html/tests/Unit/Service/LMS/LMSServiceTest.php" line="42" class="Tests\Unit\Service\LMS\LMSServiceTest" classname="Tests.Unit.Service.LMS.LMSServiceTest" assertions="1" time="0.072524"/>
        <testcase name="testGetAvailableIntegrations" file="/var/www/html/tests/Unit/Service/LMS/LMSServiceTest.php" line="49" class="Tests\Unit\Service\LMS\LMSServiceTest" classname="Tests.Unit.Service.LMS.LMSServiceTest" assertions="2" time="0.072527"/>
        <testcase name="testIsIntegrationAvailable" file="/var/www/html/tests/Unit/Service/LMS/LMSServiceTest.php" line="58" class="Tests\Unit\Service\LMS\LMSServiceTest" classname="Tests.Unit.Service.LMS.LMSServiceTest" assertions="2" time="0.072044"/>
        <testcase name="testGetIntegrationStatus" file="/var/www/html/tests/Unit/Service/LMS/LMSServiceTest.php" line="67" class="Tests\Unit\Service\LMS\LMSServiceTest" classname="Tests.Unit.Service.LMS.LMSServiceTest" assertions="5" time="0.072210"/>
        <testcase name="testGenerateContentWithValidIntegration" file="/var/www/html/tests/Unit/Service/LMS/LMSServiceTest.php" line="81" class="Tests\Unit\Service\LMS\LMSServiceTest" classname="Tests.Unit.Service.LMS.LMSServiceTest" assertions="5" time="0.147171"/>
        <testcase name="testGenerateContentWithInvalidIntegration" file="/var/www/html/tests/Unit/Service/LMS/LMSServiceTest.php" line="99" class="Tests\Unit\Service\LMS\LMSServiceTest" classname="Tests.Unit.Service.LMS.LMSServiceTest" assertions="8" time="0.073386"/>
        <testcase name="testCreateCourseWithInvalidIntegration" file="/var/www/html/tests/Unit/Service/LMS/LMSServiceTest.php" line="133" class="Tests\Unit\Service\LMS\LMSServiceTest" classname="Tests.Unit.Service.LMS.LMSServiceTest" assertions="7" time="0.072666"/>
        <testcase name="testAnalyzeTextWithValidIntegration" file="/var/www/html/tests/Unit/Service/LMS/LMSServiceTest.php" line="150" class="Tests\Unit\Service\LMS\LMSServiceTest" classname="Tests.Unit.Service.LMS.LMSServiceTest" assertions="5" time="0.147931"/>
        <testcase name="testAnalyzeTextWithInvalidIntegration" file="/var/www/html/tests/Unit/Service/LMS/LMSServiceTest.php" line="165" class="Tests\Unit\Service\LMS\LMSServiceTest" classname="Tests.Unit.Service.LMS.LMSServiceTest" assertions="7" time="0.072085"/>
        <testcase name="testGetBestIntegrationFor" file="/var/www/html/tests/Unit/Service/LMS/LMSServiceTest.php" line="199" class="Tests\Unit\Service\LMS\LMSServiceTest" classname="Tests.Unit.Service.LMS.LMSServiceTest" assertions="1" time="0.072819"/>
        <testcase name="testGetIntegrationCapabilities" file="/var/www/html/tests/Unit/Service/LMS/LMSServiceTest.php" line="209" class="Tests\Unit\Service\LMS\LMSServiceTest" classname="Tests.Unit.Service.LMS.LMSServiceTest" assertions="4" time="0.072082"/>
        <testcase name="testGetStatistics" file="/var/www/html/tests/Unit/Service/LMS/LMSServiceTest.php" line="219" class="Tests\Unit\Service\LMS\LMSServiceTest" classname="Tests.Unit.Service.LMS.LMSServiceTest" assertions="9" time="0.072227"/>
        <testcase name="testCreateCourseWithValidIntegration" file="/var/www/html/tests/Unit/Service/LMS/LMSServiceTest.php" line="116" class="Tests\Unit\Service\LMS\LMSServiceTest" classname="Tests.Unit.Service.LMS.LMSServiceTest" assertions="5" time="0.143577"/>
        <testcase name="testGenerateContentWithFallback" file="/var/www/html/tests/Unit/Service/LMS/LMSServiceTest.php" line="181" class="Tests\Unit\Service\LMS\LMSServiceTest" classname="Tests.Unit.Service.LMS.LMSServiceTest" assertions="2" time="0.145731"/>
        <testcase name="testRefreshHealthStatus" file="/var/www/html/tests/Unit/Service/LMS/LMSServiceTest.php" line="235" class="Tests\Unit\Service\LMS\LMSServiceTest" classname="Tests.Unit.Service.LMS.LMSServiceTest" assertions="1" time="0.144667"/>
        <testcase name="testMultipleInitializationCallsAreSafe" file="/var/www/html/tests/Unit/Service/LMS/LMSServiceTest.php" line="245" class="Tests\Unit\Service\LMS\LMSServiceTest" classname="Tests.Unit.Service.LMS.LMSServiceTest" assertions="2" time="0.144572"/>
      </testsuite>
    </testsuite>
    <testsuite name="Unit" tests="49" assertions="189" errors="0" failures="0" skipped="0" time="1.913656">
      <testsuite name="Tests\Unit\Service\SseApiTest" file="/var/www/html/tests/Unit/Service/SseApiTest.php" tests="3" assertions="13" errors="0" failures="0" skipped="0" time="0.003440">
        <testcase name="testTestActionOutputsOkStatus" file="/var/www/html/tests/Unit/Service/SseApiTest.php" line="64" class="Tests\Unit\Service\SseApiTest" classname="Tests.Unit.Service.SseApiTest" assertions="3" time="0.002686"/>
        <testcase name="testEchoActionOutputsSingleEvent" file="/var/www/html/tests/Unit/Service/SseApiTest.php" line="12" class="Tests\Unit\Service\SseApiTest" classname="Tests.Unit.Service.SseApiTest" assertions="6" time="0.000538"/>
        <testcase name="testClockActionEmitsRequestedCount" file="/var/www/html/tests/Unit/Service/SseApiTest.php" line="38" class="Tests\Unit\Service\SseApiTest" classname="Tests.Unit.Service.SseApiTest" assertions="4" time="0.000215"/>
      </testsuite>
      <testsuite name="Tests\Unit\Core\SSE\SseEmitterTest" file="/var/www/html/tests/Unit/Core/SSE/SseEmitterTest.php" tests="3" assertions="10" errors="0" failures="0" skipped="0" time="0.000512">
        <testcase name="testStartSetsHeadersAndOptionalRetry" file="/var/www/html/tests/Unit/Core/SSE/SseEmitterTest.php" line="11" class="Tests\Unit\Core\SSE\SseEmitterTest" classname="Tests.Unit.Core.SSE.SseEmitterTest" assertions="5" time="0.000215"/>
        <testcase name="testSendFormatsEventIdAndJsonData" file="/var/www/html/tests/Unit/Core/SSE/SseEmitterTest.php" line="27" class="Tests\Unit\Core\SSE\SseEmitterTest" classname="Tests.Unit.Core.SSE.SseEmitterTest" assertions="3" time="0.000146"/>
        <testcase name="testCommentAndHeartbeat" file="/var/www/html/tests/Unit/Core/SSE/SseEmitterTest.php" line="41" class="Tests\Unit\Core\SSE\SseEmitterTest" classname="Tests.Unit.Core.SSE.SseEmitterTest" assertions="2" time="0.000151"/>
      </testsuite>
      <testsuite name="Tests\Unit\Model\ErrorLogTest" file="/var/www/html/tests/Unit/Model/ErrorLogTest.php" tests="3" assertions="12" errors="0" failures="0" skipped="0" time="0.001359">
        <testcase name="testSettersAndGettersWork" file="/var/www/html/tests/Unit/Model/ErrorLogTest.php" line="10" class="Tests\Unit\Model\ErrorLogTest" classname="Tests.Unit.Model.ErrorLogTest" assertions="8" time="0.001037"/>
        <testcase name="testSetContextJsonRoundTrip" file="/var/www/html/tests/Unit/Model/ErrorLogTest.php" line="31" class="Tests\Unit\Model\ErrorLogTest" classname="Tests.Unit.Model.ErrorLogTest" assertions="2" time="0.000157"/>
        <testcase name="testBeforeValidationOnCreateSetsCreatedAt" file="/var/www/html/tests/Unit/Model/ErrorLogTest.php" line="40" class="Tests\Unit\Model\ErrorLogTest" classname="Tests.Unit.Model.ErrorLogTest" assertions="2" time="0.000165"/>
      </testsuite>
      <testsuite name="Tests\Unit\Service\LMS\Configuration\ConfigurationManagerTest" file="/var/www/html/tests/Unit/Service/LMS/Configuration/ConfigurationManagerTest.php" tests="8" assertions="17" errors="0" failures="0" skipped="0" time="0.001366">
        <testcase name="testCanBeInstantiated" file="/var/www/html/tests/Unit/Service/LMS/Configuration/ConfigurationManagerTest.php" line="18" class="Tests\Unit\Service\LMS\Configuration\ConfigurationManagerTest" classname="Tests.Unit.Service.LMS.Configuration.ConfigurationManagerTest" assertions="1" time="0.000141"/>
        <testcase name="testGetAllConfigurations" file="/var/www/html/tests/Unit/Service/LMS/Configuration/ConfigurationManagerTest.php" line="23" class="Tests\Unit\Service\LMS\Configuration\ConfigurationManagerTest" classname="Tests.Unit.Service.LMS.Configuration.ConfigurationManagerTest" assertions="4" time="0.000315"/>
        <testcase name="testGetIntegrationConfig" file="/var/www/html/tests/Unit/Service/LMS/Configuration/ConfigurationManagerTest.php" line="33" class="Tests\Unit\Service\LMS\Configuration\ConfigurationManagerTest" classname="Tests.Unit.Service.LMS.Configuration.ConfigurationManagerTest" assertions="4" time="0.000197"/>
        <testcase name="testIsIntegrationEnabled" file="/var/www/html/tests/Unit/Service/LMS/Configuration/ConfigurationManagerTest.php" line="43" class="Tests\Unit\Service\LMS\Configuration\ConfigurationManagerTest" classname="Tests.Unit.Service.LMS.Configuration.ConfigurationManagerTest" assertions="2" time="0.000134"/>
        <testcase name="testGetEnabledIntegrations" file="/var/www/html/tests/Unit/Service/LMS/Configuration/ConfigurationManagerTest.php" line="52" class="Tests\Unit\Service\LMS\Configuration\ConfigurationManagerTest" classname="Tests.Unit.Service.LMS.Configuration.ConfigurationManagerTest" assertions="2" time="0.000161"/>
        <testcase name="testValidateConfiguration" file="/var/www/html/tests/Unit/Service/LMS/Configuration/ConfigurationManagerTest.php" line="60" class="Tests\Unit\Service\LMS\Configuration\ConfigurationManagerTest" classname="Tests.Unit.Service.LMS.Configuration.ConfigurationManagerTest" assertions="1" time="0.000149"/>
        <testcase name="testGetNonExistentIntegrationConfig" file="/var/www/html/tests/Unit/Service/LMS/Configuration/ConfigurationManagerTest.php" line="69" class="Tests\Unit\Service\LMS\Configuration\ConfigurationManagerTest" classname="Tests.Unit.Service.LMS.Configuration.ConfigurationManagerTest" assertions="2" time="0.000149"/>
        <testcase name="testIsNonExistentIntegrationEnabled" file="/var/www/html/tests/Unit/Service/LMS/Configuration/ConfigurationManagerTest.php" line="77" class="Tests\Unit\Service\LMS\Configuration\ConfigurationManagerTest" classname="Tests.Unit.Service.LMS.Configuration.ConfigurationManagerTest" assertions="1" time="0.000120"/>
      </testsuite>
      <testsuite name="Tests\Unit\Service\LMS\Factory\IntegrationFactoryTest" file="/var/www/html/tests/Unit/Service/LMS/Factory/IntegrationFactoryTest.php" tests="13" assertions="68" errors="0" failures="0" skipped="0" time="0.003086">
        <testcase name="testGetSupportedIntegrations" file="/var/www/html/tests/Unit/Service/LMS/Factory/IntegrationFactoryTest.php" line="18" class="Tests\Unit\Service\LMS\Factory\IntegrationFactoryTest" classname="Tests.Unit.Service.LMS.Factory.IntegrationFactoryTest" assertions="4" time="0.000224"/>
        <testcase name="testIsSupported" file="/var/www/html/tests/Unit/Service/LMS/Factory/IntegrationFactoryTest.php" line="28" class="Tests\Unit\Service\LMS\Factory\IntegrationFactoryTest" classname="Tests.Unit.Service.LMS.Factory.IntegrationFactoryTest" assertions="4" time="0.000124"/>
        <testcase name="testCreateOllamaIntegration" file="/var/www/html/tests/Unit/Service/LMS/Factory/IntegrationFactoryTest.php" line="36" class="Tests\Unit\Service\LMS\Factory\IntegrationFactoryTest" classname="Tests.Unit.Service.LMS.Factory.IntegrationFactoryTest" assertions="2" time="0.000131"/>
        <testcase name="testCreateGeminiIntegration" file="/var/www/html/tests/Unit/Service/LMS/Factory/IntegrationFactoryTest.php" line="49" class="Tests\Unit\Service\LMS\Factory\IntegrationFactoryTest" classname="Tests.Unit.Service.LMS.Factory.IntegrationFactoryTest" assertions="2" time="0.000113"/>
        <testcase name="testCreateTencentEduIntegration" file="/var/www/html/tests/Unit/Service/LMS/Factory/IntegrationFactoryTest.php" line="62" class="Tests\Unit\Service\LMS\Factory\IntegrationFactoryTest" classname="Tests.Unit.Service.LMS.Factory.IntegrationFactoryTest" assertions="2" time="0.000156"/>
        <testcase name="testCreateUnsupportedIntegrationThrowsException" file="/var/www/html/tests/Unit/Service/LMS/Factory/IntegrationFactoryTest.php" line="76" class="Tests\Unit\Service\LMS\Factory\IntegrationFactoryTest" classname="Tests.Unit.Service.LMS.Factory.IntegrationFactoryTest" assertions="2" time="0.000145"/>
        <testcase name="testCreateWithInvalidConfigurationThrowsException" file="/var/www/html/tests/Unit/Service/LMS/Factory/IntegrationFactoryTest.php" line="84" class="Tests\Unit\Service\LMS\Factory\IntegrationFactoryTest" classname="Tests.Unit.Service.LMS.Factory.IntegrationFactoryTest" assertions="1" time="0.000146"/>
        <testcase name="testGetIntegrationClass" file="/var/www/html/tests/Unit/Service/LMS/Factory/IntegrationFactoryTest.php" line="92" class="Tests\Unit\Service\LMS\Factory\IntegrationFactoryTest" classname="Tests.Unit.Service.LMS.Factory.IntegrationFactoryTest" assertions="4" time="0.000133"/>
        <testcase name="testCreateFromConfig" file="/var/www/html/tests/Unit/Service/LMS/Factory/IntegrationFactoryTest.php" line="100" class="Tests\Unit\Service\LMS\Factory\IntegrationFactoryTest" classname="Tests.Unit.Service.LMS.Factory.IntegrationFactoryTest" assertions="8" time="0.000281"/>
        <testcase name="testValidateConfig" file="/var/www/html/tests/Unit/Service/LMS/Factory/IntegrationFactoryTest.php" line="141" class="Tests\Unit\Service\LMS\Factory\IntegrationFactoryTest" classname="Tests.Unit.Service.LMS.Factory.IntegrationFactoryTest" assertions="12" time="0.000380"/>
        <testcase name="testGetIntegrationCapabilities" file="/var/www/html/tests/Unit/Service/LMS/Factory/IntegrationFactoryTest.php" line="184" class="Tests\Unit\Service\LMS\Factory\IntegrationFactoryTest" classname="Tests.Unit.Service.LMS.Factory.IntegrationFactoryTest" assertions="21" time="0.000938"/>
        <testcase name="testRegisterAndUnregisterIntegration" file="/var/www/html/tests/Unit/Service/LMS/Factory/IntegrationFactoryTest.php" line="220" class="Tests\Unit\Service\LMS\Factory\IntegrationFactoryTest" classname="Tests.Unit.Service.LMS.Factory.IntegrationFactoryTest" assertions="4" time="0.000159"/>
        <testcase name="testRegisterInvalidClassThrowsException" file="/var/www/html/tests/Unit/Service/LMS/Factory/IntegrationFactoryTest.php" line="247" class="Tests\Unit\Service\LMS\Factory\IntegrationFactoryTest" classname="Tests.Unit.Service.LMS.Factory.IntegrationFactoryTest" assertions="2" time="0.000158"/>
      </testsuite>
      <testsuite name="Tests\Unit\Service\LMS\LMSServiceTest" file="/var/www/html/tests/Unit/Service/LMS/LMSServiceTest.php" tests="19" assertions="69" errors="0" failures="0" skipped="0" time="1.903894">
        <testcase name="testCanBeInstantiated" file="/var/www/html/tests/Unit/Service/LMS/LMSServiceTest.php" line="21" class="Tests\Unit\Service\LMS\LMSServiceTest" classname="Tests.Unit.Service.LMS.LMSServiceTest" assertions="1" time="0.074419"/>
        <testcase name="testInitialize" file="/var/www/html/tests/Unit/Service/LMS/LMSServiceTest.php" line="26" class="Tests\Unit\Service\LMS\LMSServiceTest" classname="Tests.Unit.Service.LMS.LMSServiceTest" assertions="1" time="0.144789"/>
        <testcase name="testGetConfigurationManager" file="/var/www/html/tests/Unit/Service/LMS/LMSServiceTest.php" line="35" class="Tests\Unit\Service\LMS\LMSServiceTest" classname="Tests.Unit.Service.LMS.LMSServiceTest" assertions="1" time="0.072542"/>
        <testcase name="testGetIntegrationRegistry" file="/var/www/html/tests/Unit/Service/LMS/LMSServiceTest.php" line="42" class="Tests\Unit\Service\LMS\LMSServiceTest" classname="Tests.Unit.Service.LMS.LMSServiceTest" assertions="1" time="0.077478"/>
        <testcase name="testGetAvailableIntegrations" file="/var/www/html/tests/Unit/Service/LMS/LMSServiceTest.php" line="49" class="Tests\Unit\Service\LMS\LMSServiceTest" classname="Tests.Unit.Service.LMS.LMSServiceTest" assertions="2" time="0.074641"/>
        <testcase name="testIsIntegrationAvailable" file="/var/www/html/tests/Unit/Service/LMS/LMSServiceTest.php" line="58" class="Tests\Unit\Service\LMS\LMSServiceTest" classname="Tests.Unit.Service.LMS.LMSServiceTest" assertions="2" time="0.072031"/>
        <testcase name="testGetIntegrationStatus" file="/var/www/html/tests/Unit/Service/LMS/LMSServiceTest.php" line="67" class="Tests\Unit\Service\LMS\LMSServiceTest" classname="Tests.Unit.Service.LMS.LMSServiceTest" assertions="5" time="0.072736"/>
        <testcase name="testGenerateContentWithValidIntegration" file="/var/www/html/tests/Unit/Service/LMS/LMSServiceTest.php" line="81" class="Tests\Unit\Service\LMS\LMSServiceTest" classname="Tests.Unit.Service.LMS.LMSServiceTest" assertions="5" time="0.146553"/>
        <testcase name="testGenerateContentWithInvalidIntegration" file="/var/www/html/tests/Unit/Service/LMS/LMSServiceTest.php" line="99" class="Tests\Unit\Service\LMS\LMSServiceTest" classname="Tests.Unit.Service.LMS.LMSServiceTest" assertions="8" time="0.073897"/>
        <testcase name="testCreateCourseWithInvalidIntegration" file="/var/www/html/tests/Unit/Service/LMS/LMSServiceTest.php" line="133" class="Tests\Unit\Service\LMS\LMSServiceTest" classname="Tests.Unit.Service.LMS.LMSServiceTest" assertions="7" time="0.073928"/>
        <testcase name="testAnalyzeTextWithValidIntegration" file="/var/www/html/tests/Unit/Service/LMS/LMSServiceTest.php" line="150" class="Tests\Unit\Service\LMS\LMSServiceTest" classname="Tests.Unit.Service.LMS.LMSServiceTest" assertions="5" time="0.145965"/>
        <testcase name="testAnalyzeTextWithInvalidIntegration" file="/var/www/html/tests/Unit/Service/LMS/LMSServiceTest.php" line="165" class="Tests\Unit\Service\LMS\LMSServiceTest" classname="Tests.Unit.Service.LMS.LMSServiceTest" assertions="7" time="0.074251"/>
        <testcase name="testGetBestIntegrationFor" file="/var/www/html/tests/Unit/Service/LMS/LMSServiceTest.php" line="199" class="Tests\Unit\Service\LMS\LMSServiceTest" classname="Tests.Unit.Service.LMS.LMSServiceTest" assertions="1" time="0.073160"/>
        <testcase name="testGetIntegrationCapabilities" file="/var/www/html/tests/Unit/Service/LMS/LMSServiceTest.php" line="209" class="Tests\Unit\Service\LMS\LMSServiceTest" classname="Tests.Unit.Service.LMS.LMSServiceTest" assertions="4" time="0.072622"/>
        <testcase name="testGetStatistics" file="/var/www/html/tests/Unit/Service/LMS/LMSServiceTest.php" line="219" class="Tests\Unit\Service\LMS\LMSServiceTest" classname="Tests.Unit.Service.LMS.LMSServiceTest" assertions="9" time="0.073469"/>
        <testcase name="testCreateCourseWithValidIntegration" file="/var/www/html/tests/Unit/Service/LMS/LMSServiceTest.php" line="116" class="Tests\Unit\Service\LMS\LMSServiceTest" classname="Tests.Unit.Service.LMS.LMSServiceTest" assertions="5" time="0.144600"/>
        <testcase name="testGenerateContentWithFallback" file="/var/www/html/tests/Unit/Service/LMS/LMSServiceTest.php" line="181" class="Tests\Unit\Service\LMS\LMSServiceTest" classname="Tests.Unit.Service.LMS.LMSServiceTest" assertions="2" time="0.148340"/>
        <testcase name="testRefreshHealthStatus" file="/var/www/html/tests/Unit/Service/LMS/LMSServiceTest.php" line="235" class="Tests\Unit\Service\LMS\LMSServiceTest" classname="Tests.Unit.Service.LMS.LMSServiceTest" assertions="1" time="0.145506"/>
        <testcase name="testMultipleInitializationCallsAreSafe" file="/var/www/html/tests/Unit/Service/LMS/LMSServiceTest.php" line="245" class="Tests\Unit\Service\LMS\LMSServiceTest" classname="Tests.Unit.Service.LMS.LMSServiceTest" assertions="2" time="0.142969"/>
      </testsuite>
    </testsuite>
  </testsuite>
</testsuites>
