<?xml version="1.0" encoding="UTF-8"?>
<testsuites>
  <testsuite name="/var/www/html/phpunit.xml" tests="106" assertions="398" errors="0" failures="0" skipped="0" time="1.052480">
    <testsuite name="LMS" tests="40" assertions="154" errors="0" failures="0" skipped="0" time="0.494966">
      <testsuite name="Tests\Unit\Service\LMS\Configuration\ConfigurationManagerTest" file="/var/www/html/tests/Unit/Service/LMS/Configuration/ConfigurationManagerTest.php" tests="8" assertions="17" errors="0" failures="0" skipped="0" time="0.007341">
        <testcase name="testCanBeInstantiated" file="/var/www/html/tests/Unit/Service/LMS/Configuration/ConfigurationManagerTest.php" line="19" class="Tests\Unit\Service\LMS\Configuration\ConfigurationManagerTest" classname="Tests.Unit.Service.LMS.Configuration.ConfigurationManagerTest" assertions="1" time="0.004331"/>
        <testcase name="testGetAllConfigurations" file="/var/www/html/tests/Unit/Service/LMS/Configuration/ConfigurationManagerTest.php" line="24" class="Tests\Unit\Service\LMS\Configuration\ConfigurationManagerTest" classname="Tests.Unit.Service.LMS.Configuration.ConfigurationManagerTest" assertions="4" time="0.001114"/>
        <testcase name="testGetIntegrationConfig" file="/var/www/html/tests/Unit/Service/LMS/Configuration/ConfigurationManagerTest.php" line="34" class="Tests\Unit\Service\LMS\Configuration\ConfigurationManagerTest" classname="Tests.Unit.Service.LMS.Configuration.ConfigurationManagerTest" assertions="4" time="0.000207"/>
        <testcase name="testIsIntegrationEnabled" file="/var/www/html/tests/Unit/Service/LMS/Configuration/ConfigurationManagerTest.php" line="44" class="Tests\Unit\Service\LMS\Configuration\ConfigurationManagerTest" classname="Tests.Unit.Service.LMS.Configuration.ConfigurationManagerTest" assertions="2" time="0.000502"/>
        <testcase name="testGetEnabledIntegrations" file="/var/www/html/tests/Unit/Service/LMS/Configuration/ConfigurationManagerTest.php" line="53" class="Tests\Unit\Service\LMS\Configuration\ConfigurationManagerTest" classname="Tests.Unit.Service.LMS.Configuration.ConfigurationManagerTest" assertions="2" time="0.000500"/>
        <testcase name="testValidateConfiguration" file="/var/www/html/tests/Unit/Service/LMS/Configuration/ConfigurationManagerTest.php" line="61" class="Tests\Unit\Service\LMS\Configuration\ConfigurationManagerTest" classname="Tests.Unit.Service.LMS.Configuration.ConfigurationManagerTest" assertions="1" time="0.000138"/>
        <testcase name="testGetNonExistentIntegrationConfig" file="/var/www/html/tests/Unit/Service/LMS/Configuration/ConfigurationManagerTest.php" line="70" class="Tests\Unit\Service\LMS\Configuration\ConfigurationManagerTest" classname="Tests.Unit.Service.LMS.Configuration.ConfigurationManagerTest" assertions="2" time="0.000417"/>
        <testcase name="testIsNonExistentIntegrationEnabled" file="/var/www/html/tests/Unit/Service/LMS/Configuration/ConfigurationManagerTest.php" line="78" class="Tests\Unit\Service\LMS\Configuration\ConfigurationManagerTest" classname="Tests.Unit.Service.LMS.Configuration.ConfigurationManagerTest" assertions="1" time="0.000132"/>
      </testsuite>
      <testsuite name="Tests\Unit\Service\LMS\Factory\IntegrationFactoryTest" file="/var/www/html/tests/Unit/Service/LMS/Factory/IntegrationFactoryTest.php" tests="13" assertions="68" errors="0" failures="0" skipped="0" time="0.007497">
        <testcase name="testGetSupportedIntegrations" file="/var/www/html/tests/Unit/Service/LMS/Factory/IntegrationFactoryTest.php" line="18" class="Tests\Unit\Service\LMS\Factory\IntegrationFactoryTest" classname="Tests.Unit.Service.LMS.Factory.IntegrationFactoryTest" assertions="4" time="0.000602"/>
        <testcase name="testIsSupported" file="/var/www/html/tests/Unit/Service/LMS/Factory/IntegrationFactoryTest.php" line="28" class="Tests\Unit\Service\LMS\Factory\IntegrationFactoryTest" classname="Tests.Unit.Service.LMS.Factory.IntegrationFactoryTest" assertions="4" time="0.000130"/>
        <testcase name="testCreateOllamaIntegration" file="/var/www/html/tests/Unit/Service/LMS/Factory/IntegrationFactoryTest.php" line="36" class="Tests\Unit\Service\LMS\Factory\IntegrationFactoryTest" classname="Tests.Unit.Service.LMS.Factory.IntegrationFactoryTest" assertions="2" time="0.000970"/>
        <testcase name="testCreateGeminiIntegration" file="/var/www/html/tests/Unit/Service/LMS/Factory/IntegrationFactoryTest.php" line="49" class="Tests\Unit\Service\LMS\Factory\IntegrationFactoryTest" classname="Tests.Unit.Service.LMS.Factory.IntegrationFactoryTest" assertions="2" time="0.000481"/>
        <testcase name="testCreateTencentEduIntegration" file="/var/www/html/tests/Unit/Service/LMS/Factory/IntegrationFactoryTest.php" line="62" class="Tests\Unit\Service\LMS\Factory\IntegrationFactoryTest" classname="Tests.Unit.Service.LMS.Factory.IntegrationFactoryTest" assertions="2" time="0.000665"/>
        <testcase name="testCreateUnsupportedIntegrationThrowsException" file="/var/www/html/tests/Unit/Service/LMS/Factory/IntegrationFactoryTest.php" line="76" class="Tests\Unit\Service\LMS\Factory\IntegrationFactoryTest" classname="Tests.Unit.Service.LMS.Factory.IntegrationFactoryTest" assertions="2" time="0.001330"/>
        <testcase name="testCreateWithInvalidConfigurationThrowsException" file="/var/www/html/tests/Unit/Service/LMS/Factory/IntegrationFactoryTest.php" line="84" class="Tests\Unit\Service\LMS\Factory\IntegrationFactoryTest" classname="Tests.Unit.Service.LMS.Factory.IntegrationFactoryTest" assertions="1" time="0.000376"/>
        <testcase name="testGetIntegrationClass" file="/var/www/html/tests/Unit/Service/LMS/Factory/IntegrationFactoryTest.php" line="92" class="Tests\Unit\Service\LMS\Factory\IntegrationFactoryTest" classname="Tests.Unit.Service.LMS.Factory.IntegrationFactoryTest" assertions="4" time="0.000518"/>
        <testcase name="testCreateFromConfig" file="/var/www/html/tests/Unit/Service/LMS/Factory/IntegrationFactoryTest.php" line="100" class="Tests\Unit\Service\LMS\Factory\IntegrationFactoryTest" classname="Tests.Unit.Service.LMS.Factory.IntegrationFactoryTest" assertions="8" time="0.000978"/>
        <testcase name="testRegisterAndUnregisterIntegration" file="/var/www/html/tests/Unit/Service/LMS/Factory/IntegrationFactoryTest.php" line="220" class="Tests\Unit\Service\LMS\Factory\IntegrationFactoryTest" classname="Tests.Unit.Service.LMS.Factory.IntegrationFactoryTest" assertions="4" time="0.000158"/>
        <testcase name="testRegisterInvalidClassThrowsException" file="/var/www/html/tests/Unit/Service/LMS/Factory/IntegrationFactoryTest.php" line="269" class="Tests\Unit\Service\LMS\Factory\IntegrationFactoryTest" classname="Tests.Unit.Service.LMS.Factory.IntegrationFactoryTest" assertions="2" time="0.000133"/>
        <testcase name="testValidateConfig" file="/var/www/html/tests/Unit/Service/LMS/Factory/IntegrationFactoryTest.php" line="141" class="Tests\Unit\Service\LMS\Factory\IntegrationFactoryTest" classname="Tests.Unit.Service.LMS.Factory.IntegrationFactoryTest" assertions="12" time="0.000336"/>
        <testcase name="testGetIntegrationCapabilities" file="/var/www/html/tests/Unit/Service/LMS/Factory/IntegrationFactoryTest.php" line="184" class="Tests\Unit\Service\LMS\Factory\IntegrationFactoryTest" classname="Tests.Unit.Service.LMS.Factory.IntegrationFactoryTest" assertions="21" time="0.000820"/>
      </testsuite>
      <testsuite name="Tests\Unit\Service\LMS\LMSServiceTest" file="/var/www/html/tests/Unit/Service/LMS/LMSServiceTest.php" tests="19" assertions="69" errors="0" failures="0" skipped="0" time="0.480128">
        <testcase name="testCanBeInstantiated" file="/var/www/html/tests/Unit/Service/LMS/LMSServiceTest.php" line="22" class="Tests\Unit\Service\LMS\LMSServiceTest" classname="Tests.Unit.Service.LMS.LMSServiceTest" assertions="1" time="0.020992"/>
        <testcase name="testGetConfigurationManager" file="/var/www/html/tests/Unit/Service/LMS/LMSServiceTest.php" line="36" class="Tests\Unit\Service\LMS\LMSServiceTest" classname="Tests.Unit.Service.LMS.LMSServiceTest" assertions="1" time="0.020092"/>
        <testcase name="testGetIntegrationRegistry" file="/var/www/html/tests/Unit/Service/LMS/LMSServiceTest.php" line="43" class="Tests\Unit\Service\LMS\LMSServiceTest" classname="Tests.Unit.Service.LMS.LMSServiceTest" assertions="1" time="0.016479"/>
        <testcase name="testGetAvailableIntegrations" file="/var/www/html/tests/Unit/Service/LMS/LMSServiceTest.php" line="50" class="Tests\Unit\Service\LMS\LMSServiceTest" classname="Tests.Unit.Service.LMS.LMSServiceTest" assertions="2" time="0.018662"/>
        <testcase name="testIsIntegrationAvailable" file="/var/www/html/tests/Unit/Service/LMS/LMSServiceTest.php" line="59" class="Tests\Unit\Service\LMS\LMSServiceTest" classname="Tests.Unit.Service.LMS.LMSServiceTest" assertions="2" time="0.018882"/>
        <testcase name="testGenerateContentWithInvalidIntegration" file="/var/www/html/tests/Unit/Service/LMS/LMSServiceTest.php" line="100" class="Tests\Unit\Service\LMS\LMSServiceTest" classname="Tests.Unit.Service.LMS.LMSServiceTest" assertions="8" time="0.018029"/>
        <testcase name="testCreateCourseWithInvalidIntegration" file="/var/www/html/tests/Unit/Service/LMS/LMSServiceTest.php" line="134" class="Tests\Unit\Service\LMS\LMSServiceTest" classname="Tests.Unit.Service.LMS.LMSServiceTest" assertions="7" time="0.018905"/>
        <testcase name="testAnalyzeTextWithInvalidIntegration" file="/var/www/html/tests/Unit/Service/LMS/LMSServiceTest.php" line="166" class="Tests\Unit\Service\LMS\LMSServiceTest" classname="Tests.Unit.Service.LMS.LMSServiceTest" assertions="7" time="0.018405"/>
        <testcase name="testGetBestIntegrationFor" file="/var/www/html/tests/Unit/Service/LMS/LMSServiceTest.php" line="200" class="Tests\Unit\Service\LMS\LMSServiceTest" classname="Tests.Unit.Service.LMS.LMSServiceTest" assertions="1" time="0.018472"/>
        <testcase name="testGetStatistics" file="/var/www/html/tests/Unit/Service/LMS/LMSServiceTest.php" line="220" class="Tests\Unit\Service\LMS\LMSServiceTest" classname="Tests.Unit.Service.LMS.LMSServiceTest" assertions="9" time="0.018342"/>
        <testcase name="testGetIntegrationStatus" file="/var/www/html/tests/Unit/Service/LMS/LMSServiceTest.php" line="68" class="Tests\Unit\Service\LMS\LMSServiceTest" classname="Tests.Unit.Service.LMS.LMSServiceTest" assertions="5" time="0.016665"/>
        <testcase name="testGetIntegrationCapabilities" file="/var/www/html/tests/Unit/Service/LMS/LMSServiceTest.php" line="210" class="Tests\Unit\Service\LMS\LMSServiceTest" classname="Tests.Unit.Service.LMS.LMSServiceTest" assertions="4" time="0.018164"/>
        <testcase name="testCreateCourseWithValidIntegration" file="/var/www/html/tests/Unit/Service/LMS/LMSServiceTest.php" line="117" class="Tests\Unit\Service\LMS\LMSServiceTest" classname="Tests.Unit.Service.LMS.LMSServiceTest" assertions="5" time="0.035657"/>
        <testcase name="testGenerateContentWithFallback" file="/var/www/html/tests/Unit/Service/LMS/LMSServiceTest.php" line="182" class="Tests\Unit\Service\LMS\LMSServiceTest" classname="Tests.Unit.Service.LMS.LMSServiceTest" assertions="2" time="0.040364"/>
        <testcase name="testAnalyzeTextWithValidIntegration" file="/var/www/html/tests/Unit/Service/LMS/LMSServiceTest.php" line="151" class="Tests\Unit\Service\LMS\LMSServiceTest" classname="Tests.Unit.Service.LMS.LMSServiceTest" assertions="5" time="0.038957"/>
        <testcase name="testRefreshHealthStatus" file="/var/www/html/tests/Unit/Service/LMS/LMSServiceTest.php" line="236" class="Tests\Unit\Service\LMS\LMSServiceTest" classname="Tests.Unit.Service.LMS.LMSServiceTest" assertions="1" time="0.038938"/>
        <testcase name="testInitialize" file="/var/www/html/tests/Unit/Service/LMS/LMSServiceTest.php" line="27" class="Tests\Unit\Service\LMS\LMSServiceTest" classname="Tests.Unit.Service.LMS.LMSServiceTest" assertions="1" time="0.037897"/>
        <testcase name="testGenerateContentWithValidIntegration" file="/var/www/html/tests/Unit/Service/LMS/LMSServiceTest.php" line="82" class="Tests\Unit\Service\LMS\LMSServiceTest" classname="Tests.Unit.Service.LMS.LMSServiceTest" assertions="5" time="0.031515"/>
        <testcase name="testMultipleInitializationCallsAreSafe" file="/var/www/html/tests/Unit/Service/LMS/LMSServiceTest.php" line="246" class="Tests\Unit\Service\LMS\LMSServiceTest" classname="Tests.Unit.Service.LMS.LMSServiceTest" assertions="2" time="0.034709"/>
      </testsuite>
    </testsuite>
    <testsuite name="Unit" tests="66" assertions="244" errors="0" failures="0" skipped="0" time="0.557513">
      <testsuite name="Tests\Unit\Model\ErrorLogTest" file="/var/www/html/tests/Unit/Model/ErrorLogTest.php" tests="3" assertions="12" errors="0" failures="0" skipped="0" time="0.002260">
        <testcase name="testBeforeValidationOnCreateSetsCreatedAt" file="/var/www/html/tests/Unit/Model/ErrorLogTest.php" line="40" class="Tests\Unit\Model\ErrorLogTest" classname="Tests.Unit.Model.ErrorLogTest" assertions="2" time="0.000989"/>
        <testcase name="testSettersAndGettersWork" file="/var/www/html/tests/Unit/Model/ErrorLogTest.php" line="10" class="Tests\Unit\Model\ErrorLogTest" classname="Tests.Unit.Model.ErrorLogTest" assertions="8" time="0.001075"/>
        <testcase name="testSetContextJsonRoundTrip" file="/var/www/html/tests/Unit/Model/ErrorLogTest.php" line="31" class="Tests\Unit\Model\ErrorLogTest" classname="Tests.Unit.Model.ErrorLogTest" assertions="2" time="0.000196"/>
      </testsuite>
      <testsuite name="Tests\Unit\Model\PaymentTest" file="/var/www/html/tests/Unit/Model/PaymentTest.php" tests="3" assertions="13" errors="0" failures="0" skipped="0" time="0.001034">
        <testcase name="testBeforeValidationOnCreateSetsTimestamps" file="/var/www/html/tests/Unit/Model/PaymentTest.php" line="32" class="Tests\Unit\Model\PaymentTest" classname="Tests.Unit.Model.PaymentTest" assertions="4" time="0.000673"/>
        <testcase name="testBeforeValidationOnUpdateSetsUpdatedAt" file="/var/www/html/tests/Unit/Model/PaymentTest.php" line="44" class="Tests\Unit\Model\PaymentTest" classname="Tests.Unit.Model.PaymentTest" assertions="1" time="0.000164"/>
        <testcase name="testSettersAndGettersWork" file="/var/www/html/tests/Unit/Model/PaymentTest.php" line="10" class="Tests\Unit\Model\PaymentTest" classname="Tests.Unit.Model.PaymentTest" assertions="8" time="0.000196"/>
      </testsuite>
      <testsuite name="Tests\Unit\Model\RoleTest" file="/var/www/html/tests/Unit/Model/RoleTest.php" tests="3" assertions="5" errors="0" failures="0" skipped="0" time="0.000739">
        <testcase name="testCanBeInstantiated" file="/var/www/html/tests/Unit/Model/RoleTest.php" line="20" class="Tests\Unit\Model\RoleTest" classname="Tests.Unit.Model.RoleTest" assertions="1" time="0.000482"/>
        <testcase name="testValidationFailsWithoutName" file="/var/www/html/tests/Unit/Model/RoleTest.php" line="26" class="Tests\Unit\Model\RoleTest" classname="Tests.Unit.Model.RoleTest" assertions="2" time="0.000140"/>
        <testcase name="testSettersAndGettersWork" file="/var/www/html/tests/Unit/Model/RoleTest.php" line="10" class="Tests\Unit\Model\RoleTest" classname="Tests.Unit.Model.RoleTest" assertions="2" time="0.000117"/>
      </testsuite>
      <testsuite name="Tests\Unit\Model\SubscriptionTest" file="/var/www/html/tests/Unit/Model/SubscriptionTest.php" tests="2" assertions="14" errors="0" failures="0" skipped="0" time="0.000786">
        <testcase name="testBeforeValidationOnCreateSetsTimestamps" file="/var/www/html/tests/Unit/Model/SubscriptionTest.php" line="36" class="Tests\Unit\Model\SubscriptionTest" classname="Tests.Unit.Model.SubscriptionTest" assertions="4" time="0.000547"/>
        <testcase name="testSettersAndGettersWork" file="/var/www/html/tests/Unit/Model/SubscriptionTest.php" line="10" class="Tests\Unit\Model\SubscriptionTest" classname="Tests.Unit.Model.SubscriptionTest" assertions="10" time="0.000239"/>
      </testsuite>
      <testsuite name="Tests\Unit\Model\UserTest" file="/var/www/html/tests/Unit/Model/UserTest.php" tests="2" assertions="5" errors="0" failures="0" skipped="0" time="0.000628">
        <testcase name="testSettersAndGettersWork" file="/var/www/html/tests/Unit/Model/UserTest.php" line="10" class="Tests\Unit\Model\UserTest" classname="Tests.Unit.Model.UserTest" assertions="4" time="0.000519"/>
        <testcase name="testCanBeInstantiated" file="/var/www/html/tests/Unit/Model/UserTest.php" line="24" class="Tests\Unit\Model\UserTest" classname="Tests.Unit.Model.UserTest" assertions="1" time="0.000109"/>
      </testsuite>
      <testsuite name="Tests\Unit\Service\Payment\PaceIntegrationTest" file="/var/www/html/tests/Unit/Service/Payment/PaceIntegrationTest.php" tests="4" assertions="10" errors="0" failures="0" skipped="0" time="0.072969">
        <testcase name="testCreatePayment" file="/var/www/html/tests/Unit/Service/Payment/PaceIntegrationTest.php" line="25" class="Tests\Unit\Service\Payment\PaceIntegrationTest" classname="Tests.Unit.Service.Payment.PaceIntegrationTest" assertions="4" time="0.009375"/>
        <testcase name="testHealthCheck" file="/var/www/html/tests/Unit/Service/Payment/PaceIntegrationTest.php" line="65" class="Tests\Unit\Service\Payment\PaceIntegrationTest" classname="Tests.Unit.Service.Payment.PaceIntegrationTest" assertions="2" time="0.000501"/>
        <testcase name="testGetCapabilities" file="/var/www/html/tests/Unit/Service/Payment/PaceIntegrationTest.php" line="82" class="Tests\Unit\Service\Payment\PaceIntegrationTest" classname="Tests.Unit.Service.Payment.PaceIntegrationTest" assertions="2" time="0.000182"/>
        <testcase name="testCreateSubscription" file="/var/www/html/tests/Unit/Service/Payment/PaceIntegrationTest.php" line="52" class="Tests\Unit\Service\Payment\PaceIntegrationTest" classname="Tests.Unit.Service.Payment.PaceIntegrationTest" assertions="2" time="0.062911"/>
      </testsuite>
      <testsuite name="Tests\Unit\Service\SseApiTest" file="/var/www/html/tests/Unit/Service/SseApiTest.php" tests="3" assertions="13" errors="0" failures="0" skipped="0" time="0.002617">
        <testcase name="testClockActionEmitsRequestedCount" file="/var/www/html/tests/Unit/Service/SseApiTest.php" line="51" class="Tests\Unit\Service\SseApiTest" classname="Tests.Unit.Service.SseApiTest" assertions="4" time="0.002164"/>
        <testcase name="testTestActionOutputsOkStatus" file="/var/www/html/tests/Unit/Service/SseApiTest.php" line="94" class="Tests\Unit\Service\SseApiTest" classname="Tests.Unit.Service.SseApiTest" assertions="3" time="0.000207"/>
        <testcase name="testEchoActionOutputsSingleEvent" file="/var/www/html/tests/Unit/Service/SseApiTest.php" line="12" class="Tests\Unit\Service\SseApiTest" classname="Tests.Unit.Service.SseApiTest" assertions="6" time="0.000246"/>
      </testsuite>
      <testsuite name="Tests\Unit\Core\SSE\SseEmitterTest" file="/var/www/html/tests/Unit/Core/SSE/SseEmitterTest.php" tests="3" assertions="10" errors="0" failures="0" skipped="0" time="0.000466">
        <testcase name="testStartSetsHeadersAndOptionalRetry" file="/var/www/html/tests/Unit/Core/SSE/SseEmitterTest.php" line="11" class="Tests\Unit\Core\SSE\SseEmitterTest" classname="Tests.Unit.Core.SSE.SseEmitterTest" assertions="5" time="0.000197"/>
        <testcase name="testCommentAndHeartbeat" file="/var/www/html/tests/Unit/Core/SSE/SseEmitterTest.php" line="41" class="Tests\Unit\Core\SSE\SseEmitterTest" classname="Tests.Unit.Core.SSE.SseEmitterTest" assertions="2" time="0.000131"/>
        <testcase name="testSendFormatsEventIdAndJsonData" file="/var/www/html/tests/Unit/Core/SSE/SseEmitterTest.php" line="27" class="Tests\Unit\Core\SSE\SseEmitterTest" classname="Tests.Unit.Core.SSE.SseEmitterTest" assertions="3" time="0.000138"/>
      </testsuite>
      <testsuite name="Tests\Unit\Service\LMS\Configuration\ConfigurationManagerTest" file="/var/www/html/tests/Unit/Service/LMS/Configuration/ConfigurationManagerTest.php" tests="8" assertions="17" errors="0" failures="0" skipped="0" time="0.001479">
        <testcase name="testCanBeInstantiated" file="/var/www/html/tests/Unit/Service/LMS/Configuration/ConfigurationManagerTest.php" line="19" class="Tests\Unit\Service\LMS\Configuration\ConfigurationManagerTest" classname="Tests.Unit.Service.LMS.Configuration.ConfigurationManagerTest" assertions="1" time="0.000196"/>
        <testcase name="testGetAllConfigurations" file="/var/www/html/tests/Unit/Service/LMS/Configuration/ConfigurationManagerTest.php" line="24" class="Tests\Unit\Service\LMS\Configuration\ConfigurationManagerTest" classname="Tests.Unit.Service.LMS.Configuration.ConfigurationManagerTest" assertions="4" time="0.000313"/>
        <testcase name="testGetIntegrationConfig" file="/var/www/html/tests/Unit/Service/LMS/Configuration/ConfigurationManagerTest.php" line="34" class="Tests\Unit\Service\LMS\Configuration\ConfigurationManagerTest" classname="Tests.Unit.Service.LMS.Configuration.ConfigurationManagerTest" assertions="4" time="0.000192"/>
        <testcase name="testIsIntegrationEnabled" file="/var/www/html/tests/Unit/Service/LMS/Configuration/ConfigurationManagerTest.php" line="44" class="Tests\Unit\Service\LMS\Configuration\ConfigurationManagerTest" classname="Tests.Unit.Service.LMS.Configuration.ConfigurationManagerTest" assertions="2" time="0.000156"/>
        <testcase name="testGetEnabledIntegrations" file="/var/www/html/tests/Unit/Service/LMS/Configuration/ConfigurationManagerTest.php" line="53" class="Tests\Unit\Service\LMS\Configuration\ConfigurationManagerTest" classname="Tests.Unit.Service.LMS.Configuration.ConfigurationManagerTest" assertions="2" time="0.000187"/>
        <testcase name="testValidateConfiguration" file="/var/www/html/tests/Unit/Service/LMS/Configuration/ConfigurationManagerTest.php" line="61" class="Tests\Unit\Service\LMS\Configuration\ConfigurationManagerTest" classname="Tests.Unit.Service.LMS.Configuration.ConfigurationManagerTest" assertions="1" time="0.000157"/>
        <testcase name="testGetNonExistentIntegrationConfig" file="/var/www/html/tests/Unit/Service/LMS/Configuration/ConfigurationManagerTest.php" line="70" class="Tests\Unit\Service\LMS\Configuration\ConfigurationManagerTest" classname="Tests.Unit.Service.LMS.Configuration.ConfigurationManagerTest" assertions="2" time="0.000157"/>
        <testcase name="testIsNonExistentIntegrationEnabled" file="/var/www/html/tests/Unit/Service/LMS/Configuration/ConfigurationManagerTest.php" line="78" class="Tests\Unit\Service\LMS\Configuration\ConfigurationManagerTest" classname="Tests.Unit.Service.LMS.Configuration.ConfigurationManagerTest" assertions="1" time="0.000122"/>
      </testsuite>
      <testsuite name="Tests\Unit\Service\LMS\Factory\IntegrationFactoryTest" file="/var/www/html/tests/Unit/Service/LMS/Factory/IntegrationFactoryTest.php" tests="13" assertions="68" errors="0" failures="0" skipped="0" time="0.003948">
        <testcase name="testGetSupportedIntegrations" file="/var/www/html/tests/Unit/Service/LMS/Factory/IntegrationFactoryTest.php" line="18" class="Tests\Unit\Service\LMS\Factory\IntegrationFactoryTest" classname="Tests.Unit.Service.LMS.Factory.IntegrationFactoryTest" assertions="4" time="0.000194"/>
        <testcase name="testIsSupported" file="/var/www/html/tests/Unit/Service/LMS/Factory/IntegrationFactoryTest.php" line="28" class="Tests\Unit\Service\LMS\Factory\IntegrationFactoryTest" classname="Tests.Unit.Service.LMS.Factory.IntegrationFactoryTest" assertions="4" time="0.000141"/>
        <testcase name="testCreateOllamaIntegration" file="/var/www/html/tests/Unit/Service/LMS/Factory/IntegrationFactoryTest.php" line="36" class="Tests\Unit\Service\LMS\Factory\IntegrationFactoryTest" classname="Tests.Unit.Service.LMS.Factory.IntegrationFactoryTest" assertions="2" time="0.000167"/>
        <testcase name="testCreateGeminiIntegration" file="/var/www/html/tests/Unit/Service/LMS/Factory/IntegrationFactoryTest.php" line="49" class="Tests\Unit\Service\LMS\Factory\IntegrationFactoryTest" classname="Tests.Unit.Service.LMS.Factory.IntegrationFactoryTest" assertions="2" time="0.000179"/>
        <testcase name="testCreateTencentEduIntegration" file="/var/www/html/tests/Unit/Service/LMS/Factory/IntegrationFactoryTest.php" line="62" class="Tests\Unit\Service\LMS\Factory\IntegrationFactoryTest" classname="Tests.Unit.Service.LMS.Factory.IntegrationFactoryTest" assertions="2" time="0.000125"/>
        <testcase name="testCreateUnsupportedIntegrationThrowsException" file="/var/www/html/tests/Unit/Service/LMS/Factory/IntegrationFactoryTest.php" line="76" class="Tests\Unit\Service\LMS\Factory\IntegrationFactoryTest" classname="Tests.Unit.Service.LMS.Factory.IntegrationFactoryTest" assertions="2" time="0.000556"/>
        <testcase name="testCreateWithInvalidConfigurationThrowsException" file="/var/www/html/tests/Unit/Service/LMS/Factory/IntegrationFactoryTest.php" line="84" class="Tests\Unit\Service\LMS\Factory\IntegrationFactoryTest" classname="Tests.Unit.Service.LMS.Factory.IntegrationFactoryTest" assertions="1" time="0.000178"/>
        <testcase name="testGetIntegrationClass" file="/var/www/html/tests/Unit/Service/LMS/Factory/IntegrationFactoryTest.php" line="92" class="Tests\Unit\Service\LMS\Factory\IntegrationFactoryTest" classname="Tests.Unit.Service.LMS.Factory.IntegrationFactoryTest" assertions="4" time="0.000148"/>
        <testcase name="testCreateFromConfig" file="/var/www/html/tests/Unit/Service/LMS/Factory/IntegrationFactoryTest.php" line="100" class="Tests\Unit\Service\LMS\Factory\IntegrationFactoryTest" classname="Tests.Unit.Service.LMS.Factory.IntegrationFactoryTest" assertions="8" time="0.000288"/>
        <testcase name="testRegisterAndUnregisterIntegration" file="/var/www/html/tests/Unit/Service/LMS/Factory/IntegrationFactoryTest.php" line="220" class="Tests\Unit\Service\LMS\Factory\IntegrationFactoryTest" classname="Tests.Unit.Service.LMS.Factory.IntegrationFactoryTest" assertions="4" time="0.000155"/>
        <testcase name="testRegisterInvalidClassThrowsException" file="/var/www/html/tests/Unit/Service/LMS/Factory/IntegrationFactoryTest.php" line="269" class="Tests\Unit\Service\LMS\Factory\IntegrationFactoryTest" classname="Tests.Unit.Service.LMS.Factory.IntegrationFactoryTest" assertions="2" time="0.000198"/>
        <testcase name="testValidateConfig" file="/var/www/html/tests/Unit/Service/LMS/Factory/IntegrationFactoryTest.php" line="141" class="Tests\Unit\Service\LMS\Factory\IntegrationFactoryTest" classname="Tests.Unit.Service.LMS.Factory.IntegrationFactoryTest" assertions="12" time="0.000475"/>
        <testcase name="testGetIntegrationCapabilities" file="/var/www/html/tests/Unit/Service/LMS/Factory/IntegrationFactoryTest.php" line="184" class="Tests\Unit\Service\LMS\Factory\IntegrationFactoryTest" classname="Tests.Unit.Service.LMS.Factory.IntegrationFactoryTest" assertions="21" time="0.001143"/>
      </testsuite>
      <testsuite name="Tests\Unit\Service\LMS\LMSServiceTest" file="/var/www/html/tests/Unit/Service/LMS/LMSServiceTest.php" tests="19" assertions="69" errors="0" failures="0" skipped="0" time="0.469451">
        <testcase name="testCanBeInstantiated" file="/var/www/html/tests/Unit/Service/LMS/LMSServiceTest.php" line="22" class="Tests\Unit\Service\LMS\LMSServiceTest" classname="Tests.Unit.Service.LMS.LMSServiceTest" assertions="1" time="0.017302"/>
        <testcase name="testGetConfigurationManager" file="/var/www/html/tests/Unit/Service/LMS/LMSServiceTest.php" line="36" class="Tests\Unit\Service\LMS\LMSServiceTest" classname="Tests.Unit.Service.LMS.LMSServiceTest" assertions="1" time="0.019950"/>
        <testcase name="testGetIntegrationRegistry" file="/var/www/html/tests/Unit/Service/LMS/LMSServiceTest.php" line="43" class="Tests\Unit\Service\LMS\LMSServiceTest" classname="Tests.Unit.Service.LMS.LMSServiceTest" assertions="1" time="0.017183"/>
        <testcase name="testGetAvailableIntegrations" file="/var/www/html/tests/Unit/Service/LMS/LMSServiceTest.php" line="50" class="Tests\Unit\Service\LMS\LMSServiceTest" classname="Tests.Unit.Service.LMS.LMSServiceTest" assertions="2" time="0.018942"/>
        <testcase name="testIsIntegrationAvailable" file="/var/www/html/tests/Unit/Service/LMS/LMSServiceTest.php" line="59" class="Tests\Unit\Service\LMS\LMSServiceTest" classname="Tests.Unit.Service.LMS.LMSServiceTest" assertions="2" time="0.018340"/>
        <testcase name="testGenerateContentWithInvalidIntegration" file="/var/www/html/tests/Unit/Service/LMS/LMSServiceTest.php" line="100" class="Tests\Unit\Service\LMS\LMSServiceTest" classname="Tests.Unit.Service.LMS.LMSServiceTest" assertions="8" time="0.018048"/>
        <testcase name="testCreateCourseWithInvalidIntegration" file="/var/www/html/tests/Unit/Service/LMS/LMSServiceTest.php" line="134" class="Tests\Unit\Service\LMS\LMSServiceTest" classname="Tests.Unit.Service.LMS.LMSServiceTest" assertions="7" time="0.020830"/>
        <testcase name="testAnalyzeTextWithInvalidIntegration" file="/var/www/html/tests/Unit/Service/LMS/LMSServiceTest.php" line="166" class="Tests\Unit\Service\LMS\LMSServiceTest" classname="Tests.Unit.Service.LMS.LMSServiceTest" assertions="7" time="0.020003"/>
        <testcase name="testGetBestIntegrationFor" file="/var/www/html/tests/Unit/Service/LMS/LMSServiceTest.php" line="200" class="Tests\Unit\Service\LMS\LMSServiceTest" classname="Tests.Unit.Service.LMS.LMSServiceTest" assertions="1" time="0.016535"/>
        <testcase name="testGetStatistics" file="/var/www/html/tests/Unit/Service/LMS/LMSServiceTest.php" line="220" class="Tests\Unit\Service\LMS\LMSServiceTest" classname="Tests.Unit.Service.LMS.LMSServiceTest" assertions="9" time="0.020356"/>
        <testcase name="testGetIntegrationStatus" file="/var/www/html/tests/Unit/Service/LMS/LMSServiceTest.php" line="68" class="Tests\Unit\Service\LMS\LMSServiceTest" classname="Tests.Unit.Service.LMS.LMSServiceTest" assertions="5" time="0.017600"/>
        <testcase name="testGetIntegrationCapabilities" file="/var/www/html/tests/Unit/Service/LMS/LMSServiceTest.php" line="210" class="Tests\Unit\Service\LMS\LMSServiceTest" classname="Tests.Unit.Service.LMS.LMSServiceTest" assertions="4" time="0.018547"/>
        <testcase name="testCreateCourseWithValidIntegration" file="/var/www/html/tests/Unit/Service/LMS/LMSServiceTest.php" line="117" class="Tests\Unit\Service\LMS\LMSServiceTest" classname="Tests.Unit.Service.LMS.LMSServiceTest" assertions="5" time="0.034996"/>
        <testcase name="testGenerateContentWithFallback" file="/var/www/html/tests/Unit/Service/LMS/LMSServiceTest.php" line="182" class="Tests\Unit\Service\LMS\LMSServiceTest" classname="Tests.Unit.Service.LMS.LMSServiceTest" assertions="2" time="0.035283"/>
        <testcase name="testAnalyzeTextWithValidIntegration" file="/var/www/html/tests/Unit/Service/LMS/LMSServiceTest.php" line="151" class="Tests\Unit\Service\LMS\LMSServiceTest" classname="Tests.Unit.Service.LMS.LMSServiceTest" assertions="5" time="0.036997"/>
        <testcase name="testRefreshHealthStatus" file="/var/www/html/tests/Unit/Service/LMS/LMSServiceTest.php" line="236" class="Tests\Unit\Service\LMS\LMSServiceTest" classname="Tests.Unit.Service.LMS.LMSServiceTest" assertions="1" time="0.035139"/>
        <testcase name="testInitialize" file="/var/www/html/tests/Unit/Service/LMS/LMSServiceTest.php" line="27" class="Tests\Unit\Service\LMS\LMSServiceTest" classname="Tests.Unit.Service.LMS.LMSServiceTest" assertions="1" time="0.032925"/>
        <testcase name="testGenerateContentWithValidIntegration" file="/var/www/html/tests/Unit/Service/LMS/LMSServiceTest.php" line="82" class="Tests\Unit\Service\LMS\LMSServiceTest" classname="Tests.Unit.Service.LMS.LMSServiceTest" assertions="5" time="0.033756"/>
        <testcase name="testMultipleInitializationCallsAreSafe" file="/var/www/html/tests/Unit/Service/LMS/LMSServiceTest.php" line="246" class="Tests\Unit\Service\LMS\LMSServiceTest" classname="Tests.Unit.Service.LMS.LMSServiceTest" assertions="2" time="0.036719"/>
      </testsuite>
      <testsuite name="Tests\Unit\Service\Payment\MollieIntegrationTest" file="/var/www/html/tests/Unit/Service/Payment/MollieIntegrationTest.php" tests="3" assertions="8" errors="0" failures="0" skipped="0" time="0.001137">
        <testcase name="testHealthCheck" file="/var/www/html/tests/Unit/Service/Payment/MollieIntegrationTest.php" line="24" class="Tests\Unit\Service\Payment\MollieIntegrationTest" classname="Tests.Unit.Service.Payment.MollieIntegrationTest" assertions="2" time="0.000783"/>
        <testcase name="testGetCapabilities" file="/var/www/html/tests/Unit/Service/Payment/MollieIntegrationTest.php" line="38" class="Tests\Unit\Service\Payment\MollieIntegrationTest" classname="Tests.Unit.Service.Payment.MollieIntegrationTest" assertions="3" time="0.000186"/>
        <testcase name="testCreateSubscriptionSimulated" file="/var/www/html/tests/Unit/Service/Payment/MollieIntegrationTest.php" line="46" class="Tests\Unit\Service\Payment\MollieIntegrationTest" classname="Tests.Unit.Service.Payment.MollieIntegrationTest" assertions="3" time="0.000168"/>
      </testsuite>
    </testsuite>
  </testsuite>
</testsuites>
