<?xml version="1.0" encoding="UTF-8"?>
<testsuites>
  <testsuite name="/var/www/html/phpunit.xml" tests="88" assertions="340" errors="0" failures="0" skipped="0" time="0.639314">
    <testsuite name="LMS" tests="40" assertions="154" errors="0" failures="0" skipped="0" time="0.323647">
      <testsuite name="Tests\Unit\Service\LMS\Configuration\ConfigurationManagerTest" file="/var/www/html/tests/Unit/Service/LMS/Configuration/ConfigurationManagerTest.php" tests="8" assertions="17" errors="0" failures="0" skipped="0" time="0.007764">
        <testcase name="testCanBeInstantiated" file="/var/www/html/tests/Unit/Service/LMS/Configuration/ConfigurationManagerTest.php" line="18" class="Tests\Unit\Service\LMS\Configuration\ConfigurationManagerTest" classname="Tests.Unit.Service.LMS.Configuration.ConfigurationManagerTest" assertions="1" time="0.004703"/>
        <testcase name="testGetAllConfigurations" file="/var/www/html/tests/Unit/Service/LMS/Configuration/ConfigurationManagerTest.php" line="23" class="Tests\Unit\Service\LMS\Configuration\ConfigurationManagerTest" classname="Tests.Unit.Service.LMS.Configuration.ConfigurationManagerTest" assertions="4" time="0.001134"/>
        <testcase name="testGetIntegrationConfig" file="/var/www/html/tests/Unit/Service/LMS/Configuration/ConfigurationManagerTest.php" line="33" class="Tests\Unit\Service\LMS\Configuration\ConfigurationManagerTest" classname="Tests.Unit.Service.LMS.Configuration.ConfigurationManagerTest" assertions="4" time="0.000222"/>
        <testcase name="testIsIntegrationEnabled" file="/var/www/html/tests/Unit/Service/LMS/Configuration/ConfigurationManagerTest.php" line="43" class="Tests\Unit\Service\LMS\Configuration\ConfigurationManagerTest" classname="Tests.Unit.Service.LMS.Configuration.ConfigurationManagerTest" assertions="2" time="0.000493"/>
        <testcase name="testGetEnabledIntegrations" file="/var/www/html/tests/Unit/Service/LMS/Configuration/ConfigurationManagerTest.php" line="52" class="Tests\Unit\Service\LMS\Configuration\ConfigurationManagerTest" classname="Tests.Unit.Service.LMS.Configuration.ConfigurationManagerTest" assertions="2" time="0.000541"/>
        <testcase name="testValidateConfiguration" file="/var/www/html/tests/Unit/Service/LMS/Configuration/ConfigurationManagerTest.php" line="60" class="Tests\Unit\Service\LMS\Configuration\ConfigurationManagerTest" classname="Tests.Unit.Service.LMS.Configuration.ConfigurationManagerTest" assertions="1" time="0.000128"/>
        <testcase name="testGetNonExistentIntegrationConfig" file="/var/www/html/tests/Unit/Service/LMS/Configuration/ConfigurationManagerTest.php" line="69" class="Tests\Unit\Service\LMS\Configuration\ConfigurationManagerTest" classname="Tests.Unit.Service.LMS.Configuration.ConfigurationManagerTest" assertions="2" time="0.000403"/>
        <testcase name="testIsNonExistentIntegrationEnabled" file="/var/www/html/tests/Unit/Service/LMS/Configuration/ConfigurationManagerTest.php" line="77" class="Tests\Unit\Service\LMS\Configuration\ConfigurationManagerTest" classname="Tests.Unit.Service.LMS.Configuration.ConfigurationManagerTest" assertions="1" time="0.000140"/>
      </testsuite>
      <testsuite name="Tests\Unit\Service\LMS\Factory\IntegrationFactoryTest" file="/var/www/html/tests/Unit/Service/LMS/Factory/IntegrationFactoryTest.php" tests="13" assertions="68" errors="0" failures="0" skipped="0" time="0.010285">
        <testcase name="testGetSupportedIntegrations" file="/var/www/html/tests/Unit/Service/LMS/Factory/IntegrationFactoryTest.php" line="18" class="Tests\Unit\Service\LMS\Factory\IntegrationFactoryTest" classname="Tests.Unit.Service.LMS.Factory.IntegrationFactoryTest" assertions="4" time="0.001007"/>
        <testcase name="testIsSupported" file="/var/www/html/tests/Unit/Service/LMS/Factory/IntegrationFactoryTest.php" line="28" class="Tests\Unit\Service\LMS\Factory\IntegrationFactoryTest" classname="Tests.Unit.Service.LMS.Factory.IntegrationFactoryTest" assertions="4" time="0.000135"/>
        <testcase name="testCreateOllamaIntegration" file="/var/www/html/tests/Unit/Service/LMS/Factory/IntegrationFactoryTest.php" line="36" class="Tests\Unit\Service\LMS\Factory\IntegrationFactoryTest" classname="Tests.Unit.Service.LMS.Factory.IntegrationFactoryTest" assertions="2" time="0.001493"/>
        <testcase name="testCreateGeminiIntegration" file="/var/www/html/tests/Unit/Service/LMS/Factory/IntegrationFactoryTest.php" line="49" class="Tests\Unit\Service\LMS\Factory\IntegrationFactoryTest" classname="Tests.Unit.Service.LMS.Factory.IntegrationFactoryTest" assertions="2" time="0.000768"/>
        <testcase name="testCreateTencentEduIntegration" file="/var/www/html/tests/Unit/Service/LMS/Factory/IntegrationFactoryTest.php" line="62" class="Tests\Unit\Service\LMS\Factory\IntegrationFactoryTest" classname="Tests.Unit.Service.LMS.Factory.IntegrationFactoryTest" assertions="2" time="0.001595"/>
        <testcase name="testCreateUnsupportedIntegrationThrowsException" file="/var/www/html/tests/Unit/Service/LMS/Factory/IntegrationFactoryTest.php" line="76" class="Tests\Unit\Service\LMS\Factory\IntegrationFactoryTest" classname="Tests.Unit.Service.LMS.Factory.IntegrationFactoryTest" assertions="2" time="0.001783"/>
        <testcase name="testCreateWithInvalidConfigurationThrowsException" file="/var/www/html/tests/Unit/Service/LMS/Factory/IntegrationFactoryTest.php" line="84" class="Tests\Unit\Service\LMS\Factory\IntegrationFactoryTest" classname="Tests.Unit.Service.LMS.Factory.IntegrationFactoryTest" assertions="1" time="0.000568"/>
        <testcase name="testGetIntegrationClass" file="/var/www/html/tests/Unit/Service/LMS/Factory/IntegrationFactoryTest.php" line="92" class="Tests\Unit\Service\LMS\Factory\IntegrationFactoryTest" classname="Tests.Unit.Service.LMS.Factory.IntegrationFactoryTest" assertions="4" time="0.000571"/>
        <testcase name="testCreateFromConfig" file="/var/www/html/tests/Unit/Service/LMS/Factory/IntegrationFactoryTest.php" line="100" class="Tests\Unit\Service\LMS\Factory\IntegrationFactoryTest" classname="Tests.Unit.Service.LMS.Factory.IntegrationFactoryTest" assertions="8" time="0.000945"/>
        <testcase name="testValidateConfig" file="/var/www/html/tests/Unit/Service/LMS/Factory/IntegrationFactoryTest.php" line="141" class="Tests\Unit\Service\LMS\Factory\IntegrationFactoryTest" classname="Tests.Unit.Service.LMS.Factory.IntegrationFactoryTest" assertions="12" time="0.000355"/>
        <testcase name="testGetIntegrationCapabilities" file="/var/www/html/tests/Unit/Service/LMS/Factory/IntegrationFactoryTest.php" line="184" class="Tests\Unit\Service\LMS\Factory\IntegrationFactoryTest" classname="Tests.Unit.Service.LMS.Factory.IntegrationFactoryTest" assertions="21" time="0.000801"/>
        <testcase name="testRegisterAndUnregisterIntegration" file="/var/www/html/tests/Unit/Service/LMS/Factory/IntegrationFactoryTest.php" line="220" class="Tests\Unit\Service\LMS\Factory\IntegrationFactoryTest" classname="Tests.Unit.Service.LMS.Factory.IntegrationFactoryTest" assertions="4" time="0.000141"/>
        <testcase name="testRegisterInvalidClassThrowsException" file="/var/www/html/tests/Unit/Service/LMS/Factory/IntegrationFactoryTest.php" line="247" class="Tests\Unit\Service\LMS\Factory\IntegrationFactoryTest" classname="Tests.Unit.Service.LMS.Factory.IntegrationFactoryTest" assertions="2" time="0.000122"/>
      </testsuite>
      <testsuite name="Tests\Unit\Service\LMS\LMSServiceTest" file="/var/www/html/tests/Unit/Service/LMS/LMSServiceTest.php" tests="19" assertions="69" errors="0" failures="0" skipped="0" time="0.305599">
        <testcase name="testCanBeInstantiated" file="/var/www/html/tests/Unit/Service/LMS/LMSServiceTest.php" line="21" class="Tests\Unit\Service\LMS\LMSServiceTest" classname="Tests.Unit.Service.LMS.LMSServiceTest" assertions="1" time="0.029971"/>
        <testcase name="testInitialize" file="/var/www/html/tests/Unit/Service/LMS/LMSServiceTest.php" line="26" class="Tests\Unit\Service\LMS\LMSServiceTest" classname="Tests.Unit.Service.LMS.LMSServiceTest" assertions="1" time="0.023014"/>
        <testcase name="testGetConfigurationManager" file="/var/www/html/tests/Unit/Service/LMS/LMSServiceTest.php" line="35" class="Tests\Unit\Service\LMS\LMSServiceTest" classname="Tests.Unit.Service.LMS.LMSServiceTest" assertions="1" time="0.010398"/>
        <testcase name="testGetIntegrationRegistry" file="/var/www/html/tests/Unit/Service/LMS/LMSServiceTest.php" line="42" class="Tests\Unit\Service\LMS\LMSServiceTest" classname="Tests.Unit.Service.LMS.LMSServiceTest" assertions="1" time="0.010120"/>
        <testcase name="testGetAvailableIntegrations" file="/var/www/html/tests/Unit/Service/LMS/LMSServiceTest.php" line="49" class="Tests\Unit\Service\LMS\LMSServiceTest" classname="Tests.Unit.Service.LMS.LMSServiceTest" assertions="2" time="0.011506"/>
        <testcase name="testIsIntegrationAvailable" file="/var/www/html/tests/Unit/Service/LMS/LMSServiceTest.php" line="58" class="Tests\Unit\Service\LMS\LMSServiceTest" classname="Tests.Unit.Service.LMS.LMSServiceTest" assertions="2" time="0.011551"/>
        <testcase name="testGetIntegrationStatus" file="/var/www/html/tests/Unit/Service/LMS/LMSServiceTest.php" line="67" class="Tests\Unit\Service\LMS\LMSServiceTest" classname="Tests.Unit.Service.LMS.LMSServiceTest" assertions="5" time="0.011753"/>
        <testcase name="testGenerateContentWithValidIntegration" file="/var/www/html/tests/Unit/Service/LMS/LMSServiceTest.php" line="81" class="Tests\Unit\Service\LMS\LMSServiceTest" classname="Tests.Unit.Service.LMS.LMSServiceTest" assertions="5" time="0.021205"/>
        <testcase name="testGenerateContentWithInvalidIntegration" file="/var/www/html/tests/Unit/Service/LMS/LMSServiceTest.php" line="99" class="Tests\Unit\Service\LMS\LMSServiceTest" classname="Tests.Unit.Service.LMS.LMSServiceTest" assertions="8" time="0.010763"/>
        <testcase name="testCreateCourseWithValidIntegration" file="/var/www/html/tests/Unit/Service/LMS/LMSServiceTest.php" line="116" class="Tests\Unit\Service\LMS\LMSServiceTest" classname="Tests.Unit.Service.LMS.LMSServiceTest" assertions="5" time="0.021249"/>
        <testcase name="testCreateCourseWithInvalidIntegration" file="/var/www/html/tests/Unit/Service/LMS/LMSServiceTest.php" line="133" class="Tests\Unit\Service\LMS\LMSServiceTest" classname="Tests.Unit.Service.LMS.LMSServiceTest" assertions="7" time="0.011456"/>
        <testcase name="testAnalyzeTextWithValidIntegration" file="/var/www/html/tests/Unit/Service/LMS/LMSServiceTest.php" line="150" class="Tests\Unit\Service\LMS\LMSServiceTest" classname="Tests.Unit.Service.LMS.LMSServiceTest" assertions="5" time="0.022126"/>
        <testcase name="testAnalyzeTextWithInvalidIntegration" file="/var/www/html/tests/Unit/Service/LMS/LMSServiceTest.php" line="165" class="Tests\Unit\Service\LMS\LMSServiceTest" classname="Tests.Unit.Service.LMS.LMSServiceTest" assertions="7" time="0.011639"/>
        <testcase name="testGenerateContentWithFallback" file="/var/www/html/tests/Unit/Service/LMS/LMSServiceTest.php" line="181" class="Tests\Unit\Service\LMS\LMSServiceTest" classname="Tests.Unit.Service.LMS.LMSServiceTest" assertions="2" time="0.021285"/>
        <testcase name="testGetBestIntegrationFor" file="/var/www/html/tests/Unit/Service/LMS/LMSServiceTest.php" line="199" class="Tests\Unit\Service\LMS\LMSServiceTest" classname="Tests.Unit.Service.LMS.LMSServiceTest" assertions="1" time="0.011161"/>
        <testcase name="testGetIntegrationCapabilities" file="/var/www/html/tests/Unit/Service/LMS/LMSServiceTest.php" line="209" class="Tests\Unit\Service\LMS\LMSServiceTest" classname="Tests.Unit.Service.LMS.LMSServiceTest" assertions="4" time="0.010545"/>
        <testcase name="testGetStatistics" file="/var/www/html/tests/Unit/Service/LMS/LMSServiceTest.php" line="219" class="Tests\Unit\Service\LMS\LMSServiceTest" classname="Tests.Unit.Service.LMS.LMSServiceTest" assertions="9" time="0.012305"/>
        <testcase name="testRefreshHealthStatus" file="/var/www/html/tests/Unit/Service/LMS/LMSServiceTest.php" line="235" class="Tests\Unit\Service\LMS\LMSServiceTest" classname="Tests.Unit.Service.LMS.LMSServiceTest" assertions="1" time="0.022315"/>
        <testcase name="testMultipleInitializationCallsAreSafe" file="/var/www/html/tests/Unit/Service/LMS/LMSServiceTest.php" line="245" class="Tests\Unit\Service\LMS\LMSServiceTest" classname="Tests.Unit.Service.LMS.LMSServiceTest" assertions="2" time="0.021237"/>
      </testsuite>
    </testsuite>
    <testsuite name="Unit" tests="48" assertions="186" errors="0" failures="0" skipped="0" time="0.315666">
      <testsuite name="Tests\Unit\Core\SSE\SseEmitterTest" file="/var/www/html/tests/Unit/Core/SSE/SseEmitterTest.php" tests="3" assertions="10" errors="0" failures="0" skipped="0" time="0.002928">
        <testcase name="testStartSetsHeadersAndOptionalRetry" file="/var/www/html/tests/Unit/Core/SSE/SseEmitterTest.php" line="11" class="Tests\Unit\Core\SSE\SseEmitterTest" classname="Tests.Unit.Core.SSE.SseEmitterTest" assertions="5" time="0.002619"/>
        <testcase name="testSendFormatsEventIdAndJsonData" file="/var/www/html/tests/Unit/Core/SSE/SseEmitterTest.php" line="27" class="Tests\Unit\Core\SSE\SseEmitterTest" classname="Tests.Unit.Core.SSE.SseEmitterTest" assertions="3" time="0.000188"/>
        <testcase name="testCommentAndHeartbeat" file="/var/www/html/tests/Unit/Core/SSE/SseEmitterTest.php" line="41" class="Tests\Unit\Core\SSE\SseEmitterTest" classname="Tests.Unit.Core.SSE.SseEmitterTest" assertions="2" time="0.000121"/>
      </testsuite>
      <testsuite name="Tests\Unit\Model\ErrorLogTest" file="/var/www/html/tests/Unit/Model/ErrorLogTest.php" tests="3" assertions="12" errors="0" failures="0" skipped="0" time="0.001400">
        <testcase name="testSettersAndGettersWork" file="/var/www/html/tests/Unit/Model/ErrorLogTest.php" line="10" class="Tests\Unit\Model\ErrorLogTest" classname="Tests.Unit.Model.ErrorLogTest" assertions="8" time="0.001084"/>
        <testcase name="testSetContextJsonRoundTrip" file="/var/www/html/tests/Unit/Model/ErrorLogTest.php" line="31" class="Tests\Unit\Model\ErrorLogTest" classname="Tests.Unit.Model.ErrorLogTest" assertions="2" time="0.000149"/>
        <testcase name="testBeforeValidationOnCreateSetsCreatedAt" file="/var/www/html/tests/Unit/Model/ErrorLogTest.php" line="40" class="Tests\Unit\Model\ErrorLogTest" classname="Tests.Unit.Model.ErrorLogTest" assertions="2" time="0.000166"/>
      </testsuite>
      <testsuite name="Tests\Unit\Service\LMS\Configuration\ConfigurationManagerTest" file="/var/www/html/tests/Unit/Service/LMS/Configuration/ConfigurationManagerTest.php" tests="8" assertions="17" errors="0" failures="0" skipped="0" time="0.001293">
        <testcase name="testCanBeInstantiated" file="/var/www/html/tests/Unit/Service/LMS/Configuration/ConfigurationManagerTest.php" line="18" class="Tests\Unit\Service\LMS\Configuration\ConfigurationManagerTest" classname="Tests.Unit.Service.LMS.Configuration.ConfigurationManagerTest" assertions="1" time="0.000131"/>
        <testcase name="testGetAllConfigurations" file="/var/www/html/tests/Unit/Service/LMS/Configuration/ConfigurationManagerTest.php" line="23" class="Tests\Unit\Service\LMS\Configuration\ConfigurationManagerTest" classname="Tests.Unit.Service.LMS.Configuration.ConfigurationManagerTest" assertions="4" time="0.000294"/>
        <testcase name="testGetIntegrationConfig" file="/var/www/html/tests/Unit/Service/LMS/Configuration/ConfigurationManagerTest.php" line="33" class="Tests\Unit\Service\LMS\Configuration\ConfigurationManagerTest" classname="Tests.Unit.Service.LMS.Configuration.ConfigurationManagerTest" assertions="4" time="0.000184"/>
        <testcase name="testIsIntegrationEnabled" file="/var/www/html/tests/Unit/Service/LMS/Configuration/ConfigurationManagerTest.php" line="43" class="Tests\Unit\Service\LMS\Configuration\ConfigurationManagerTest" classname="Tests.Unit.Service.LMS.Configuration.ConfigurationManagerTest" assertions="2" time="0.000132"/>
        <testcase name="testGetEnabledIntegrations" file="/var/www/html/tests/Unit/Service/LMS/Configuration/ConfigurationManagerTest.php" line="52" class="Tests\Unit\Service\LMS\Configuration\ConfigurationManagerTest" classname="Tests.Unit.Service.LMS.Configuration.ConfigurationManagerTest" assertions="2" time="0.000145"/>
        <testcase name="testValidateConfiguration" file="/var/www/html/tests/Unit/Service/LMS/Configuration/ConfigurationManagerTest.php" line="60" class="Tests\Unit\Service\LMS\Configuration\ConfigurationManagerTest" classname="Tests.Unit.Service.LMS.Configuration.ConfigurationManagerTest" assertions="1" time="0.000120"/>
        <testcase name="testGetNonExistentIntegrationConfig" file="/var/www/html/tests/Unit/Service/LMS/Configuration/ConfigurationManagerTest.php" line="69" class="Tests\Unit\Service\LMS\Configuration\ConfigurationManagerTest" classname="Tests.Unit.Service.LMS.Configuration.ConfigurationManagerTest" assertions="2" time="0.000152"/>
        <testcase name="testIsNonExistentIntegrationEnabled" file="/var/www/html/tests/Unit/Service/LMS/Configuration/ConfigurationManagerTest.php" line="77" class="Tests\Unit\Service\LMS\Configuration\ConfigurationManagerTest" classname="Tests.Unit.Service.LMS.Configuration.ConfigurationManagerTest" assertions="1" time="0.000134"/>
      </testsuite>
      <testsuite name="Tests\Unit\Service\LMS\Factory\IntegrationFactoryTest" file="/var/www/html/tests/Unit/Service/LMS/Factory/IntegrationFactoryTest.php" tests="13" assertions="68" errors="0" failures="0" skipped="0" time="0.003083">
        <testcase name="testGetSupportedIntegrations" file="/var/www/html/tests/Unit/Service/LMS/Factory/IntegrationFactoryTest.php" line="18" class="Tests\Unit\Service\LMS\Factory\IntegrationFactoryTest" classname="Tests.Unit.Service.LMS.Factory.IntegrationFactoryTest" assertions="4" time="0.000204"/>
        <testcase name="testIsSupported" file="/var/www/html/tests/Unit/Service/LMS/Factory/IntegrationFactoryTest.php" line="28" class="Tests\Unit\Service\LMS\Factory\IntegrationFactoryTest" classname="Tests.Unit.Service.LMS.Factory.IntegrationFactoryTest" assertions="4" time="0.000119"/>
        <testcase name="testCreateOllamaIntegration" file="/var/www/html/tests/Unit/Service/LMS/Factory/IntegrationFactoryTest.php" line="36" class="Tests\Unit\Service\LMS\Factory\IntegrationFactoryTest" classname="Tests.Unit.Service.LMS.Factory.IntegrationFactoryTest" assertions="2" time="0.000106"/>
        <testcase name="testCreateGeminiIntegration" file="/var/www/html/tests/Unit/Service/LMS/Factory/IntegrationFactoryTest.php" line="49" class="Tests\Unit\Service\LMS\Factory\IntegrationFactoryTest" classname="Tests.Unit.Service.LMS.Factory.IntegrationFactoryTest" assertions="2" time="0.000119"/>
        <testcase name="testCreateTencentEduIntegration" file="/var/www/html/tests/Unit/Service/LMS/Factory/IntegrationFactoryTest.php" line="62" class="Tests\Unit\Service\LMS\Factory\IntegrationFactoryTest" classname="Tests.Unit.Service.LMS.Factory.IntegrationFactoryTest" assertions="2" time="0.000151"/>
        <testcase name="testCreateUnsupportedIntegrationThrowsException" file="/var/www/html/tests/Unit/Service/LMS/Factory/IntegrationFactoryTest.php" line="76" class="Tests\Unit\Service\LMS\Factory\IntegrationFactoryTest" classname="Tests.Unit.Service.LMS.Factory.IntegrationFactoryTest" assertions="2" time="0.000140"/>
        <testcase name="testCreateWithInvalidConfigurationThrowsException" file="/var/www/html/tests/Unit/Service/LMS/Factory/IntegrationFactoryTest.php" line="84" class="Tests\Unit\Service\LMS\Factory\IntegrationFactoryTest" classname="Tests.Unit.Service.LMS.Factory.IntegrationFactoryTest" assertions="1" time="0.000131"/>
        <testcase name="testGetIntegrationClass" file="/var/www/html/tests/Unit/Service/LMS/Factory/IntegrationFactoryTest.php" line="92" class="Tests\Unit\Service\LMS\Factory\IntegrationFactoryTest" classname="Tests.Unit.Service.LMS.Factory.IntegrationFactoryTest" assertions="4" time="0.000134"/>
        <testcase name="testCreateFromConfig" file="/var/www/html/tests/Unit/Service/LMS/Factory/IntegrationFactoryTest.php" line="100" class="Tests\Unit\Service\LMS\Factory\IntegrationFactoryTest" classname="Tests.Unit.Service.LMS.Factory.IntegrationFactoryTest" assertions="8" time="0.000257"/>
        <testcase name="testValidateConfig" file="/var/www/html/tests/Unit/Service/LMS/Factory/IntegrationFactoryTest.php" line="141" class="Tests\Unit\Service\LMS\Factory\IntegrationFactoryTest" classname="Tests.Unit.Service.LMS.Factory.IntegrationFactoryTest" assertions="12" time="0.000384"/>
        <testcase name="testGetIntegrationCapabilities" file="/var/www/html/tests/Unit/Service/LMS/Factory/IntegrationFactoryTest.php" line="184" class="Tests\Unit\Service\LMS\Factory\IntegrationFactoryTest" classname="Tests.Unit.Service.LMS.Factory.IntegrationFactoryTest" assertions="21" time="0.001030"/>
        <testcase name="testRegisterAndUnregisterIntegration" file="/var/www/html/tests/Unit/Service/LMS/Factory/IntegrationFactoryTest.php" line="220" class="Tests\Unit\Service\LMS\Factory\IntegrationFactoryTest" classname="Tests.Unit.Service.LMS.Factory.IntegrationFactoryTest" assertions="4" time="0.000151"/>
        <testcase name="testRegisterInvalidClassThrowsException" file="/var/www/html/tests/Unit/Service/LMS/Factory/IntegrationFactoryTest.php" line="247" class="Tests\Unit\Service\LMS\Factory\IntegrationFactoryTest" classname="Tests.Unit.Service.LMS.Factory.IntegrationFactoryTest" assertions="2" time="0.000157"/>
      </testsuite>
      <testsuite name="Tests\Unit\Service\LMS\LMSServiceTest" file="/var/www/html/tests/Unit/Service/LMS/LMSServiceTest.php" tests="19" assertions="69" errors="0" failures="0" skipped="0" time="0.304965">
        <testcase name="testCanBeInstantiated" file="/var/www/html/tests/Unit/Service/LMS/LMSServiceTest.php" line="21" class="Tests\Unit\Service\LMS\LMSServiceTest" classname="Tests.Unit.Service.LMS.LMSServiceTest" assertions="1" time="0.011040"/>
        <testcase name="testInitialize" file="/var/www/html/tests/Unit/Service/LMS/LMSServiceTest.php" line="26" class="Tests\Unit\Service\LMS\LMSServiceTest" classname="Tests.Unit.Service.LMS.LMSServiceTest" assertions="1" time="0.021181"/>
        <testcase name="testGetConfigurationManager" file="/var/www/html/tests/Unit/Service/LMS/LMSServiceTest.php" line="35" class="Tests\Unit\Service\LMS\LMSServiceTest" classname="Tests.Unit.Service.LMS.LMSServiceTest" assertions="1" time="0.010796"/>
        <testcase name="testGetIntegrationRegistry" file="/var/www/html/tests/Unit/Service/LMS/LMSServiceTest.php" line="42" class="Tests\Unit\Service\LMS\LMSServiceTest" classname="Tests.Unit.Service.LMS.LMSServiceTest" assertions="1" time="0.014949"/>
        <testcase name="testGetAvailableIntegrations" file="/var/www/html/tests/Unit/Service/LMS/LMSServiceTest.php" line="49" class="Tests\Unit\Service\LMS\LMSServiceTest" classname="Tests.Unit.Service.LMS.LMSServiceTest" assertions="2" time="0.012910"/>
        <testcase name="testIsIntegrationAvailable" file="/var/www/html/tests/Unit/Service/LMS/LMSServiceTest.php" line="58" class="Tests\Unit\Service\LMS\LMSServiceTest" classname="Tests.Unit.Service.LMS.LMSServiceTest" assertions="2" time="0.015708"/>
        <testcase name="testGetIntegrationStatus" file="/var/www/html/tests/Unit/Service/LMS/LMSServiceTest.php" line="67" class="Tests\Unit\Service\LMS\LMSServiceTest" classname="Tests.Unit.Service.LMS.LMSServiceTest" assertions="5" time="0.012810"/>
        <testcase name="testGenerateContentWithValidIntegration" file="/var/www/html/tests/Unit/Service/LMS/LMSServiceTest.php" line="81" class="Tests\Unit\Service\LMS\LMSServiceTest" classname="Tests.Unit.Service.LMS.LMSServiceTest" assertions="5" time="0.022680"/>
        <testcase name="testGenerateContentWithInvalidIntegration" file="/var/www/html/tests/Unit/Service/LMS/LMSServiceTest.php" line="99" class="Tests\Unit\Service\LMS\LMSServiceTest" classname="Tests.Unit.Service.LMS.LMSServiceTest" assertions="8" time="0.011537"/>
        <testcase name="testCreateCourseWithValidIntegration" file="/var/www/html/tests/Unit/Service/LMS/LMSServiceTest.php" line="116" class="Tests\Unit\Service\LMS\LMSServiceTest" classname="Tests.Unit.Service.LMS.LMSServiceTest" assertions="5" time="0.021704"/>
        <testcase name="testCreateCourseWithInvalidIntegration" file="/var/www/html/tests/Unit/Service/LMS/LMSServiceTest.php" line="133" class="Tests\Unit\Service\LMS\LMSServiceTest" classname="Tests.Unit.Service.LMS.LMSServiceTest" assertions="7" time="0.010720"/>
        <testcase name="testAnalyzeTextWithValidIntegration" file="/var/www/html/tests/Unit/Service/LMS/LMSServiceTest.php" line="150" class="Tests\Unit\Service\LMS\LMSServiceTest" classname="Tests.Unit.Service.LMS.LMSServiceTest" assertions="5" time="0.022705"/>
        <testcase name="testAnalyzeTextWithInvalidIntegration" file="/var/www/html/tests/Unit/Service/LMS/LMSServiceTest.php" line="165" class="Tests\Unit\Service\LMS\LMSServiceTest" classname="Tests.Unit.Service.LMS.LMSServiceTest" assertions="7" time="0.011174"/>
        <testcase name="testGenerateContentWithFallback" file="/var/www/html/tests/Unit/Service/LMS/LMSServiceTest.php" line="181" class="Tests\Unit\Service\LMS\LMSServiceTest" classname="Tests.Unit.Service.LMS.LMSServiceTest" assertions="2" time="0.022477"/>
        <testcase name="testGetBestIntegrationFor" file="/var/www/html/tests/Unit/Service/LMS/LMSServiceTest.php" line="199" class="Tests\Unit\Service\LMS\LMSServiceTest" classname="Tests.Unit.Service.LMS.LMSServiceTest" assertions="1" time="0.016584"/>
        <testcase name="testGetIntegrationCapabilities" file="/var/www/html/tests/Unit/Service/LMS/LMSServiceTest.php" line="209" class="Tests\Unit\Service\LMS\LMSServiceTest" classname="Tests.Unit.Service.LMS.LMSServiceTest" assertions="4" time="0.011429"/>
        <testcase name="testGetStatistics" file="/var/www/html/tests/Unit/Service/LMS/LMSServiceTest.php" line="219" class="Tests\Unit\Service\LMS\LMSServiceTest" classname="Tests.Unit.Service.LMS.LMSServiceTest" assertions="9" time="0.011177"/>
        <testcase name="testRefreshHealthStatus" file="/var/www/html/tests/Unit/Service/LMS/LMSServiceTest.php" line="235" class="Tests\Unit\Service\LMS\LMSServiceTest" classname="Tests.Unit.Service.LMS.LMSServiceTest" assertions="1" time="0.021711"/>
        <testcase name="testMultipleInitializationCallsAreSafe" file="/var/www/html/tests/Unit/Service/LMS/LMSServiceTest.php" line="245" class="Tests\Unit\Service\LMS\LMSServiceTest" classname="Tests.Unit.Service.LMS.LMSServiceTest" assertions="2" time="0.021670"/>
      </testsuite>
      <testsuite name="Tests\Unit\Service\SseApiTest" file="/var/www/html/tests/Unit/Service/SseApiTest.php" tests="2" assertions="10" errors="0" failures="0" skipped="0" time="0.001996">
        <testcase name="testEchoActionOutputsSingleEvent" file="/var/www/html/tests/Unit/Service/SseApiTest.php" line="12" class="Tests\Unit\Service\SseApiTest" classname="Tests.Unit.Service.SseApiTest" assertions="6" time="0.001647"/>
        <testcase name="testClockActionEmitsRequestedCount" file="/var/www/html/tests/Unit/Service/SseApiTest.php" line="38" class="Tests\Unit\Service\SseApiTest" classname="Tests.Unit.Service.SseApiTest" assertions="4" time="0.000349"/>
      </testsuite>
    </testsuite>
  </testsuite>
</testsuites>
